[0.237s] DEBUG:colcon:Command line arguments: ['/usr/bin/colcon', 'build']
[0.238s] DEBUG:colcon:Parsed command line arguments: Namespace(log_base=None, log_level=None, verb_name='build', build_base='build', install_base='install', merge_install=False, symlink_install=False, test_result_base=None, continue_on_error=False, executor='parallel', parallel_workers=4, event_handlers=None, ignore_user_meta=False, metas=['./colcon.meta'], base_paths=['.'], packages_ignore=None, packages_ignore_regex=None, paths=None, packages_up_to=None, packages_up_to_regex=None, packages_above=None, packages_above_and_dependencies=None, packages_above_depth=None, packages_select_by_dep=None, packages_skip_by_dep=None, packages_skip_up_to=None, packages_select_build_failed=False, packages_skip_build_finished=False, packages_select_test_failures=False, packages_skip_test_passed=False, packages_select=None, packages_skip=None, packages_select_regex=None, packages_skip_regex=None, packages_start=None, packages_end=None, allow_overriding=[], cmake_args=None, cmake_target=None, cmake_target_skip_unavailable=False, cmake_clean_cache=False, cmake_clean_first=False, cmake_force_configure=False, ament_cmake_args=None, catkin_cmake_args=None, catkin_skip_building_tests=False, mixin_files=None, mixin=None, verb_parser=<colcon_mixin.mixin.mixin_argument.MixinArgumentDecorator object at 0x74f0bf53d8a0>, verb_extension=<colcon_core.verb.build.BuildVerb object at 0x74f0bf53d330>, main=<bound method BuildVerb.main of <colcon_core.verb.build.BuildVerb object at 0x74f0bf53d330>>, mixin_verb=('build',))
[0.633s] Level 1:colcon.colcon_core.package_discovery:discover_packages(colcon_meta) check parameters
[0.633s] Level 1:colcon.colcon_core.package_discovery:discover_packages(recursive) check parameters
[0.633s] Level 1:colcon.colcon_core.package_discovery:discover_packages(ignore) check parameters
[0.633s] Level 1:colcon.colcon_core.package_discovery:discover_packages(path) check parameters
[0.633s] Level 1:colcon.colcon_core.package_discovery:discover_packages(colcon_meta) discover
[0.633s] Level 1:colcon.colcon_core.package_discovery:discover_packages(recursive) discover
[0.633s] INFO:colcon.colcon_core.package_discovery:Crawling recursively for packages in '/home/wagnerxavier/ros2_ws'
[0.633s] Level 1:colcon.colcon_core.package_identification:_identify(.) by extensions ['ignore', 'ignore_ament_install']
[0.634s] Level 1:colcon.colcon_core.package_identification:_identify(.) by extension 'ignore'
[0.634s] Level 1:colcon.colcon_core.package_identification:_identify(.) by extension 'ignore_ament_install'
[0.634s] Level 1:colcon.colcon_core.package_identification:_identify(.) by extensions ['colcon_pkg']
[0.634s] Level 1:colcon.colcon_core.package_identification:_identify(.) by extension 'colcon_pkg'
[0.634s] Level 1:colcon.colcon_core.package_identification:_identify(.) by extensions ['colcon_meta']
[0.634s] Level 1:colcon.colcon_core.package_identification:_identify(.) by extension 'colcon_meta'
[0.634s] Level 1:colcon.colcon_core.package_identification:_identify(.) by extensions ['ros']
[0.634s] Level 1:colcon.colcon_core.package_identification:_identify(.) by extension 'ros'
[0.654s] Level 1:colcon.colcon_core.package_identification:_identify(.) by extensions ['cmake', 'python']
[0.654s] Level 1:colcon.colcon_core.package_identification:_identify(.) by extension 'cmake'
[0.654s] Level 1:colcon.colcon_core.package_identification:_identify(.) by extension 'python'
[0.654s] Level 1:colcon.colcon_core.package_identification:_identify(.) by extensions ['python_setup_py']
[0.654s] Level 1:colcon.colcon_core.package_identification:_identify(.) by extension 'python_setup_py'
[0.655s] Level 1:colcon.colcon_core.package_identification:_identify(build) by extensions ['ignore', 'ignore_ament_install']
[0.655s] Level 1:colcon.colcon_core.package_identification:_identify(build) by extension 'ignore'
[0.655s] Level 1:colcon.colcon_core.package_identification:_identify(build) ignored
[0.655s] Level 1:colcon.colcon_core.package_identification:_identify(install) by extensions ['ignore', 'ignore_ament_install']
[0.655s] Level 1:colcon.colcon_core.package_identification:_identify(install) by extension 'ignore'
[0.655s] Level 1:colcon.colcon_core.package_identification:_identify(install) ignored
[0.655s] Level 1:colcon.colcon_core.package_identification:_identify(log) by extensions ['ignore', 'ignore_ament_install']
[0.655s] Level 1:colcon.colcon_core.package_identification:_identify(log) by extension 'ignore'
[0.655s] Level 1:colcon.colcon_core.package_identification:_identify(log) ignored
[0.655s] Level 1:colcon.colcon_core.package_identification:_identify(src) by extensions ['ignore', 'ignore_ament_install']
[0.656s] Level 1:colcon.colcon_core.package_identification:_identify(src) by extension 'ignore'
[0.656s] Level 1:colcon.colcon_core.package_identification:_identify(src) by extension 'ignore_ament_install'
[0.656s] Level 1:colcon.colcon_core.package_identification:_identify(src) by extensions ['colcon_pkg']
[0.656s] Level 1:colcon.colcon_core.package_identification:_identify(src) by extension 'colcon_pkg'
[0.656s] Level 1:colcon.colcon_core.package_identification:_identify(src) by extensions ['colcon_meta']
[0.656s] Level 1:colcon.colcon_core.package_identification:_identify(src) by extension 'colcon_meta'
[0.656s] Level 1:colcon.colcon_core.package_identification:_identify(src) by extensions ['ros']
[0.656s] Level 1:colcon.colcon_core.package_identification:_identify(src) by extension 'ros'
[0.656s] Level 1:colcon.colcon_core.package_identification:_identify(src) by extensions ['cmake', 'python']
[0.656s] Level 1:colcon.colcon_core.package_identification:_identify(src) by extension 'cmake'
[0.656s] Level 1:colcon.colcon_core.package_identification:_identify(src) by extension 'python'
[0.656s] Level 1:colcon.colcon_core.package_identification:_identify(src) by extensions ['python_setup_py']
[0.656s] Level 1:colcon.colcon_core.package_identification:_identify(src) by extension 'python_setup_py'
[0.656s] Level 1:colcon.colcon_core.package_identification:_identify(src/frcobot_ros2) by extensions ['ignore', 'ignore_ament_install']
[0.657s] Level 1:colcon.colcon_core.package_identification:_identify(src/frcobot_ros2) by extension 'ignore'
[0.657s] Level 1:colcon.colcon_core.package_identification:_identify(src/frcobot_ros2) by extension 'ignore_ament_install'
[0.657s] Level 1:colcon.colcon_core.package_identification:_identify(src/frcobot_ros2) by extensions ['colcon_pkg']
[0.657s] Level 1:colcon.colcon_core.package_identification:_identify(src/frcobot_ros2) by extension 'colcon_pkg'
[0.657s] Level 1:colcon.colcon_core.package_identification:_identify(src/frcobot_ros2) by extensions ['colcon_meta']
[0.657s] Level 1:colcon.colcon_core.package_identification:_identify(src/frcobot_ros2) by extension 'colcon_meta'
[0.657s] Level 1:colcon.colcon_core.package_identification:_identify(src/frcobot_ros2) by extensions ['ros']
[0.657s] Level 1:colcon.colcon_core.package_identification:_identify(src/frcobot_ros2) by extension 'ros'
[0.657s] Level 1:colcon.colcon_core.package_identification:_identify(src/frcobot_ros2) by extensions ['cmake', 'python']
[0.657s] Level 1:colcon.colcon_core.package_identification:_identify(src/frcobot_ros2) by extension 'cmake'
[0.657s] Level 1:colcon.colcon_core.package_identification:_identify(src/frcobot_ros2) by extension 'python'
[0.657s] Level 1:colcon.colcon_core.package_identification:_identify(src/frcobot_ros2) by extensions ['python_setup_py']
[0.657s] Level 1:colcon.colcon_core.package_identification:_identify(src/frcobot_ros2) by extension 'python_setup_py'
[0.657s] Level 1:colcon.colcon_core.package_identification:_identify(src/frcobot_ros2/fr_ros2) by extensions ['ignore', 'ignore_ament_install']
[0.657s] Level 1:colcon.colcon_core.package_identification:_identify(src/frcobot_ros2/fr_ros2) by extension 'ignore'
[0.657s] Level 1:colcon.colcon_core.package_identification:_identify(src/frcobot_ros2/fr_ros2) by extension 'ignore_ament_install'
[0.658s] Level 1:colcon.colcon_core.package_identification:_identify(src/frcobot_ros2/fr_ros2) by extensions ['colcon_pkg']
[0.658s] Level 1:colcon.colcon_core.package_identification:_identify(src/frcobot_ros2/fr_ros2) by extension 'colcon_pkg'
[0.658s] Level 1:colcon.colcon_core.package_identification:_identify(src/frcobot_ros2/fr_ros2) by extensions ['colcon_meta']
[0.658s] Level 1:colcon.colcon_core.package_identification:_identify(src/frcobot_ros2/fr_ros2) by extension 'colcon_meta'
[0.658s] Level 1:colcon.colcon_core.package_identification:_identify(src/frcobot_ros2/fr_ros2) by extensions ['ros']
[0.658s] Level 1:colcon.colcon_core.package_identification:_identify(src/frcobot_ros2/fr_ros2) by extension 'ros'
[0.663s] DEBUG:colcon.colcon_core.package_identification:Package 'src/frcobot_ros2/fr_ros2' with type 'ros.ament_cmake' and name 'fr_ros2'
[0.663s] Level 1:colcon.colcon_core.package_identification:_identify(src/frcobot_ros2/frhal_msgs) by extensions ['ignore', 'ignore_ament_install']
[0.663s] Level 1:colcon.colcon_core.package_identification:_identify(src/frcobot_ros2/frhal_msgs) by extension 'ignore'
[0.663s] Level 1:colcon.colcon_core.package_identification:_identify(src/frcobot_ros2/frhal_msgs) by extension 'ignore_ament_install'
[0.663s] Level 1:colcon.colcon_core.package_identification:_identify(src/frcobot_ros2/frhal_msgs) by extensions ['colcon_pkg']
[0.663s] Level 1:colcon.colcon_core.package_identification:_identify(src/frcobot_ros2/frhal_msgs) by extension 'colcon_pkg'
[0.663s] Level 1:colcon.colcon_core.package_identification:_identify(src/frcobot_ros2/frhal_msgs) by extensions ['colcon_meta']
[0.663s] Level 1:colcon.colcon_core.package_identification:_identify(src/frcobot_ros2/frhal_msgs) by extension 'colcon_meta'
[0.663s] Level 1:colcon.colcon_core.package_identification:_identify(src/frcobot_ros2/frhal_msgs) by extensions ['ros']
[0.663s] Level 1:colcon.colcon_core.package_identification:_identify(src/frcobot_ros2/frhal_msgs) by extension 'ros'
[0.664s] DEBUG:colcon.colcon_core.package_identification:Package 'src/frcobot_ros2/frhal_msgs' with type 'ros.ament_cmake' and name 'frhal_msgs'
[0.664s] Level 1:colcon.colcon_core.package_discovery:discover_packages(recursive) using defaults
[0.664s] Level 1:colcon.colcon_core.package_discovery:discover_packages(ignore) discover
[0.664s] Level 1:colcon.colcon_core.package_discovery:discover_packages(ignore) using defaults
[0.664s] Level 1:colcon.colcon_core.package_discovery:discover_packages(path) discover
[0.664s] Level 1:colcon.colcon_core.package_discovery:discover_packages(path) using defaults
[0.714s] Level 1:colcon.colcon_core.package_discovery:discover_packages(prefix_path) check parameters
[0.715s] Level 1:colcon.colcon_core.package_discovery:discover_packages(prefix_path) discover
[0.718s] DEBUG:colcon.colcon_installed_package_information.package_discovery:Found 270 installed packages in /opt/ros/humble
[0.720s] Level 1:colcon.colcon_core.package_discovery:discover_packages(prefix_path) using defaults
[0.785s] Level 5:colcon.colcon_core.verb:set package 'frhal_msgs' build argument 'cmake_args' from command line to 'None'
[0.785s] Level 5:colcon.colcon_core.verb:set package 'frhal_msgs' build argument 'cmake_target' from command line to 'None'
[0.785s] Level 5:colcon.colcon_core.verb:set package 'frhal_msgs' build argument 'cmake_target_skip_unavailable' from command line to 'False'
[0.785s] Level 5:colcon.colcon_core.verb:set package 'frhal_msgs' build argument 'cmake_clean_cache' from command line to 'False'
[0.785s] Level 5:colcon.colcon_core.verb:set package 'frhal_msgs' build argument 'cmake_clean_first' from command line to 'False'
[0.785s] Level 5:colcon.colcon_core.verb:set package 'frhal_msgs' build argument 'cmake_force_configure' from command line to 'False'
[0.785s] Level 5:colcon.colcon_core.verb:set package 'frhal_msgs' build argument 'ament_cmake_args' from command line to 'None'
[0.785s] Level 5:colcon.colcon_core.verb:set package 'frhal_msgs' build argument 'catkin_cmake_args' from command line to 'None'
[0.785s] Level 5:colcon.colcon_core.verb:set package 'frhal_msgs' build argument 'catkin_skip_building_tests' from command line to 'False'
[0.785s] DEBUG:colcon.colcon_core.verb:Building package 'frhal_msgs' with the following arguments: {'ament_cmake_args': None, 'build_base': '/home/wagnerxavier/ros2_ws/build/frhal_msgs', 'catkin_cmake_args': None, 'catkin_skip_building_tests': False, 'cmake_args': None, 'cmake_clean_cache': False, 'cmake_clean_first': False, 'cmake_force_configure': False, 'cmake_target': None, 'cmake_target_skip_unavailable': False, 'install_base': '/home/wagnerxavier/ros2_ws/install/frhal_msgs', 'merge_install': False, 'path': '/home/wagnerxavier/ros2_ws/src/frcobot_ros2/frhal_msgs', 'symlink_install': False, 'test_result_base': None}
[0.785s] Level 5:colcon.colcon_core.verb:set package 'fr_ros2' build argument 'cmake_args' from command line to 'None'
[0.785s] Level 5:colcon.colcon_core.verb:set package 'fr_ros2' build argument 'cmake_target' from command line to 'None'
[0.785s] Level 5:colcon.colcon_core.verb:set package 'fr_ros2' build argument 'cmake_target_skip_unavailable' from command line to 'False'
[0.785s] Level 5:colcon.colcon_core.verb:set package 'fr_ros2' build argument 'cmake_clean_cache' from command line to 'False'
[0.785s] Level 5:colcon.colcon_core.verb:set package 'fr_ros2' build argument 'cmake_clean_first' from command line to 'False'
[0.785s] Level 5:colcon.colcon_core.verb:set package 'fr_ros2' build argument 'cmake_force_configure' from command line to 'False'
[0.786s] Level 5:colcon.colcon_core.verb:set package 'fr_ros2' build argument 'ament_cmake_args' from command line to 'None'
[0.786s] Level 5:colcon.colcon_core.verb:set package 'fr_ros2' build argument 'catkin_cmake_args' from command line to 'None'
[0.786s] Level 5:colcon.colcon_core.verb:set package 'fr_ros2' build argument 'catkin_skip_building_tests' from command line to 'False'
[0.786s] DEBUG:colcon.colcon_core.verb:Building package 'fr_ros2' with the following arguments: {'ament_cmake_args': None, 'build_base': '/home/wagnerxavier/ros2_ws/build/fr_ros2', 'catkin_cmake_args': None, 'catkin_skip_building_tests': False, 'cmake_args': None, 'cmake_clean_cache': False, 'cmake_clean_first': False, 'cmake_force_configure': False, 'cmake_target': None, 'cmake_target_skip_unavailable': False, 'install_base': '/home/wagnerxavier/ros2_ws/install/fr_ros2', 'merge_install': False, 'path': '/home/wagnerxavier/ros2_ws/src/frcobot_ros2/fr_ros2', 'symlink_install': False, 'test_result_base': None}
[0.786s] INFO:colcon.colcon_core.executor:Executing jobs using 'parallel' executor
[0.787s] DEBUG:colcon.colcon_parallel_executor.executor.parallel:run_until_complete
[0.788s] INFO:colcon.colcon_ros.task.ament_cmake.build:Building ROS package in '/home/wagnerxavier/ros2_ws/src/frcobot_ros2/frhal_msgs' with build type 'ament_cmake'
[0.788s] INFO:colcon.colcon_cmake.task.cmake.build:Building CMake package in '/home/wagnerxavier/ros2_ws/src/frcobot_ros2/frhal_msgs'
[0.791s] INFO:colcon.colcon_core.plugin_system:Skipping extension 'colcon_core.shell.bat': Not used on non-Windows systems
[0.792s] INFO:colcon.colcon_core.shell:Skip shell extension 'powershell' for command environment: Not usable outside of PowerShell
[0.792s] DEBUG:colcon.colcon_core.shell:Skip shell extension 'dsv' for command environment
[0.809s] DEBUG:colcon.colcon_core.event_handler.log_command:Invoking command in '/home/wagnerxavier/ros2_ws/build/frhal_msgs': CMAKE_PREFIX_PATH=/opt/ros/humble /usr/bin/cmake /home/wagnerxavier/ros2_ws/src/frcobot_ros2/frhal_msgs -DCMAKE_INSTALL_PREFIX=/home/wagnerxavier/ros2_ws/install/frhal_msgs
[4.086s] DEBUG:colcon.colcon_core.event_handler.log_command:Invoked command in '/home/wagnerxavier/ros2_ws/build/frhal_msgs' returned '0': CMAKE_PREFIX_PATH=/opt/ros/humble /usr/bin/cmake /home/wagnerxavier/ros2_ws/src/frcobot_ros2/frhal_msgs -DCMAKE_INSTALL_PREFIX=/home/wagnerxavier/ros2_ws/install/frhal_msgs
[4.091s] DEBUG:colcon.colcon_core.event_handler.log_command:Invoking command in '/home/wagnerxavier/ros2_ws/build/frhal_msgs': CMAKE_PREFIX_PATH=/opt/ros/humble /usr/bin/cmake --build /home/wagnerxavier/ros2_ws/build/frhal_msgs -- -j4 -l4
[10.428s] DEBUG:colcon.colcon_core.event_handler.log_command:Invoked command in '/home/wagnerxavier/ros2_ws/build/frhal_msgs' returned '0': CMAKE_PREFIX_PATH=/opt/ros/humble /usr/bin/cmake --build /home/wagnerxavier/ros2_ws/build/frhal_msgs -- -j4 -l4
[10.842s] DEBUG:colcon.colcon_core.event_handler.log_command:Invoking command in '/home/wagnerxavier/ros2_ws/build/frhal_msgs': CMAKE_PREFIX_PATH=/opt/ros/humble /usr/bin/cmake --install /home/wagnerxavier/ros2_ws/build/frhal_msgs
[10.992s] Level 1:colcon.colcon_core.environment:create_environment_scripts_only(frhal_msgs)
[10.993s] DEBUG:colcon.colcon_core.event_handler.log_command:Invoked command in '/home/wagnerxavier/ros2_ws/build/frhal_msgs' returned '0': CMAKE_PREFIX_PATH=/opt/ros/humble /usr/bin/cmake --install /home/wagnerxavier/ros2_ws/build/frhal_msgs
[10.997s] Level 1:colcon.colcon_core.environment:checking '/home/wagnerxavier/ros2_ws/install/frhal_msgs' for CMake module files
[10.998s] Level 1:colcon.colcon_core.environment:checking '/home/wagnerxavier/ros2_ws/install/frhal_msgs' for CMake config files
[10.999s] Level 1:colcon.colcon_core.shell:create_environment_hook('frhal_msgs', 'cmake_prefix_path')
[10.999s] INFO:colcon.colcon_core.shell:Creating environment hook '/home/wagnerxavier/ros2_ws/install/frhal_msgs/share/frhal_msgs/hook/cmake_prefix_path.ps1'
[11.000s] INFO:colcon.colcon_core.shell:Creating environment descriptor '/home/wagnerxavier/ros2_ws/install/frhal_msgs/share/frhal_msgs/hook/cmake_prefix_path.dsv'
[11.000s] INFO:colcon.colcon_core.shell:Creating environment hook '/home/wagnerxavier/ros2_ws/install/frhal_msgs/share/frhal_msgs/hook/cmake_prefix_path.sh'
[11.002s] Level 1:colcon.colcon_core.environment:checking '/home/wagnerxavier/ros2_ws/install/frhal_msgs/lib'
[11.002s] Level 1:colcon.colcon_core.shell:create_environment_hook('frhal_msgs', 'ld_library_path_lib')
[11.002s] INFO:colcon.colcon_core.shell:Creating environment hook '/home/wagnerxavier/ros2_ws/install/frhal_msgs/share/frhal_msgs/hook/ld_library_path_lib.ps1'
[11.003s] INFO:colcon.colcon_core.shell:Creating environment descriptor '/home/wagnerxavier/ros2_ws/install/frhal_msgs/share/frhal_msgs/hook/ld_library_path_lib.dsv'
[11.003s] INFO:colcon.colcon_core.shell:Creating environment hook '/home/wagnerxavier/ros2_ws/install/frhal_msgs/share/frhal_msgs/hook/ld_library_path_lib.sh'
[11.003s] Level 1:colcon.colcon_core.environment:checking '/home/wagnerxavier/ros2_ws/install/frhal_msgs/bin'
[11.003s] Level 1:colcon.colcon_core.environment:checking '/home/wagnerxavier/ros2_ws/install/frhal_msgs/lib/pkgconfig/frhal_msgs.pc'
[11.004s] Level 1:colcon.colcon_core.environment:checking '/home/wagnerxavier/ros2_ws/install/frhal_msgs/lib/python3.10/site-packages'
[11.004s] Level 1:colcon.colcon_core.environment:checking '/home/wagnerxavier/ros2_ws/install/frhal_msgs/bin'
[11.004s] INFO:colcon.colcon_core.shell:Creating package script '/home/wagnerxavier/ros2_ws/install/frhal_msgs/share/frhal_msgs/package.ps1'
[11.005s] INFO:colcon.colcon_core.shell:Creating package descriptor '/home/wagnerxavier/ros2_ws/install/frhal_msgs/share/frhal_msgs/package.dsv'
[11.007s] INFO:colcon.colcon_core.shell:Creating package script '/home/wagnerxavier/ros2_ws/install/frhal_msgs/share/frhal_msgs/package.sh'
[11.008s] INFO:colcon.colcon_core.shell:Creating package script '/home/wagnerxavier/ros2_ws/install/frhal_msgs/share/frhal_msgs/package.bash'
[11.009s] INFO:colcon.colcon_core.shell:Creating package script '/home/wagnerxavier/ros2_ws/install/frhal_msgs/share/frhal_msgs/package.zsh'
[11.010s] Level 1:colcon.colcon_core.environment:create_file_with_runtime_dependencies(/home/wagnerxavier/ros2_ws/install/frhal_msgs/share/colcon-core/packages/frhal_msgs)
[11.419s] Level 1:colcon.colcon_core.environment:create_environment_scripts_only(frhal_msgs)
[11.420s] Level 1:colcon.colcon_core.environment:checking '/home/wagnerxavier/ros2_ws/install/frhal_msgs' for CMake module files
[11.420s] Level 1:colcon.colcon_core.environment:checking '/home/wagnerxavier/ros2_ws/install/frhal_msgs' for CMake config files
[11.421s] Level 1:colcon.colcon_core.shell:create_environment_hook('frhal_msgs', 'cmake_prefix_path')
[11.422s] INFO:colcon.colcon_core.shell:Creating environment hook '/home/wagnerxavier/ros2_ws/install/frhal_msgs/share/frhal_msgs/hook/cmake_prefix_path.ps1'
[11.423s] INFO:colcon.colcon_core.shell:Creating environment descriptor '/home/wagnerxavier/ros2_ws/install/frhal_msgs/share/frhal_msgs/hook/cmake_prefix_path.dsv'
[11.424s] INFO:colcon.colcon_core.shell:Creating environment hook '/home/wagnerxavier/ros2_ws/install/frhal_msgs/share/frhal_msgs/hook/cmake_prefix_path.sh'
[11.425s] Level 1:colcon.colcon_core.environment:checking '/home/wagnerxavier/ros2_ws/install/frhal_msgs/lib'
[11.426s] Level 1:colcon.colcon_core.shell:create_environment_hook('frhal_msgs', 'ld_library_path_lib')
[11.426s] INFO:colcon.colcon_core.shell:Creating environment hook '/home/wagnerxavier/ros2_ws/install/frhal_msgs/share/frhal_msgs/hook/ld_library_path_lib.ps1'
[11.427s] INFO:colcon.colcon_core.shell:Creating environment descriptor '/home/wagnerxavier/ros2_ws/install/frhal_msgs/share/frhal_msgs/hook/ld_library_path_lib.dsv'
[11.428s] INFO:colcon.colcon_core.shell:Creating environment hook '/home/wagnerxavier/ros2_ws/install/frhal_msgs/share/frhal_msgs/hook/ld_library_path_lib.sh'
[11.429s] Level 1:colcon.colcon_core.environment:checking '/home/wagnerxavier/ros2_ws/install/frhal_msgs/bin'
[11.429s] Level 1:colcon.colcon_core.environment:checking '/home/wagnerxavier/ros2_ws/install/frhal_msgs/lib/pkgconfig/frhal_msgs.pc'
[11.429s] Level 1:colcon.colcon_core.environment:checking '/home/wagnerxavier/ros2_ws/install/frhal_msgs/lib/python3.10/site-packages'
[11.429s] Level 1:colcon.colcon_core.environment:checking '/home/wagnerxavier/ros2_ws/install/frhal_msgs/bin'
[11.430s] INFO:colcon.colcon_core.shell:Creating package script '/home/wagnerxavier/ros2_ws/install/frhal_msgs/share/frhal_msgs/package.ps1'
[11.432s] INFO:colcon.colcon_core.shell:Creating package descriptor '/home/wagnerxavier/ros2_ws/install/frhal_msgs/share/frhal_msgs/package.dsv'
[11.433s] INFO:colcon.colcon_core.shell:Creating package script '/home/wagnerxavier/ros2_ws/install/frhal_msgs/share/frhal_msgs/package.sh'
[11.434s] INFO:colcon.colcon_core.shell:Creating package script '/home/wagnerxavier/ros2_ws/install/frhal_msgs/share/frhal_msgs/package.bash'
[11.435s] INFO:colcon.colcon_core.shell:Creating package script '/home/wagnerxavier/ros2_ws/install/frhal_msgs/share/frhal_msgs/package.zsh'
[11.437s] Level 1:colcon.colcon_core.environment:create_file_with_runtime_dependencies(/home/wagnerxavier/ros2_ws/install/frhal_msgs/share/colcon-core/packages/frhal_msgs)
[11.438s] INFO:colcon.colcon_ros.task.ament_cmake.build:Building ROS package in '/home/wagnerxavier/ros2_ws/src/frcobot_ros2/fr_ros2' with build type 'ament_cmake'
[11.438s] INFO:colcon.colcon_cmake.task.cmake.build:Building CMake package in '/home/wagnerxavier/ros2_ws/src/frcobot_ros2/fr_ros2'
[11.438s] INFO:colcon.colcon_core.shell:Skip shell extension 'powershell' for command environment: Not usable outside of PowerShell
[11.439s] DEBUG:colcon.colcon_core.shell:Skip shell extension 'dsv' for command environment
[11.472s] DEBUG:colcon.colcon_core.event_handler.log_command:Invoking command in '/home/wagnerxavier/ros2_ws/build/fr_ros2': AMENT_PREFIX_PATH=/home/wagnerxavier/ros2_ws/install/frhal_msgs:${AMENT_PREFIX_PATH} CMAKE_PREFIX_PATH=/home/wagnerxavier/ros2_ws/install/frhal_msgs:/opt/ros/humble LD_LIBRARY_PATH=/home/wagnerxavier/ros2_ws/install/frhal_msgs/lib:${LD_LIBRARY_PATH} PYTHONPATH=/home/wagnerxavier/ros2_ws/install/frhal_msgs/local/lib/python3.10/dist-packages:${PYTHONPATH} /usr/bin/cmake /home/wagnerxavier/ros2_ws/src/frcobot_ros2/fr_ros2 -DCMAKE_INSTALL_PREFIX=/home/wagnerxavier/ros2_ws/install/fr_ros2
[13.767s] DEBUG:colcon.colcon_core.event_handler.log_command:Invoked command in '/home/wagnerxavier/ros2_ws/build/fr_ros2' returned '0': AMENT_PREFIX_PATH=/home/wagnerxavier/ros2_ws/install/frhal_msgs:${AMENT_PREFIX_PATH} CMAKE_PREFIX_PATH=/home/wagnerxavier/ros2_ws/install/frhal_msgs:/opt/ros/humble LD_LIBRARY_PATH=/home/wagnerxavier/ros2_ws/install/frhal_msgs/lib:${LD_LIBRARY_PATH} PYTHONPATH=/home/wagnerxavier/ros2_ws/install/frhal_msgs/local/lib/python3.10/dist-packages:${PYTHONPATH} /usr/bin/cmake /home/wagnerxavier/ros2_ws/src/frcobot_ros2/fr_ros2 -DCMAKE_INSTALL_PREFIX=/home/wagnerxavier/ros2_ws/install/fr_ros2
[13.771s] DEBUG:colcon.colcon_core.event_handler.log_command:Invoking command in '/home/wagnerxavier/ros2_ws/build/fr_ros2': AMENT_PREFIX_PATH=/home/wagnerxavier/ros2_ws/install/frhal_msgs:${AMENT_PREFIX_PATH} CMAKE_PREFIX_PATH=/home/wagnerxavier/ros2_ws/install/frhal_msgs:/opt/ros/humble LD_LIBRARY_PATH=/home/wagnerxavier/ros2_ws/install/frhal_msgs/lib:${LD_LIBRARY_PATH} PYTHONPATH=/home/wagnerxavier/ros2_ws/install/frhal_msgs/local/lib/python3.10/dist-packages:${PYTHONPATH} /usr/bin/cmake --build /home/wagnerxavier/ros2_ws/build/fr_ros2 -- -j4 -l4
[26.784s] DEBUG:colcon.colcon_core.event_handler.log_command:Invoked command in '/home/wagnerxavier/ros2_ws/build/fr_ros2' returned '0': AMENT_PREFIX_PATH=/home/wagnerxavier/ros2_ws/install/frhal_msgs:${AMENT_PREFIX_PATH} CMAKE_PREFIX_PATH=/home/wagnerxavier/ros2_ws/install/frhal_msgs:/opt/ros/humble LD_LIBRARY_PATH=/home/wagnerxavier/ros2_ws/install/frhal_msgs/lib:${LD_LIBRARY_PATH} PYTHONPATH=/home/wagnerxavier/ros2_ws/install/frhal_msgs/local/lib/python3.10/dist-packages:${PYTHONPATH} /usr/bin/cmake --build /home/wagnerxavier/ros2_ws/build/fr_ros2 -- -j4 -l4
[26.991s] DEBUG:colcon.colcon_core.event_handler.log_command:Invoking command in '/home/wagnerxavier/ros2_ws/build/fr_ros2': AMENT_PREFIX_PATH=/home/wagnerxavier/ros2_ws/install/frhal_msgs:${AMENT_PREFIX_PATH} CMAKE_PREFIX_PATH=/home/wagnerxavier/ros2_ws/install/frhal_msgs:/opt/ros/humble LD_LIBRARY_PATH=/home/wagnerxavier/ros2_ws/install/frhal_msgs/lib:${LD_LIBRARY_PATH} PYTHONPATH=/home/wagnerxavier/ros2_ws/install/frhal_msgs/local/lib/python3.10/dist-packages:${PYTHONPATH} /usr/bin/cmake --install /home/wagnerxavier/ros2_ws/build/fr_ros2
[27.019s] Level 1:colcon.colcon_core.environment:create_environment_scripts_only(fr_ros2)
[27.019s] Level 1:colcon.colcon_core.environment:checking '/home/wagnerxavier/ros2_ws/install/fr_ros2' for CMake module files
[27.020s] DEBUG:colcon.colcon_core.event_handler.log_command:Invoked command in '/home/wagnerxavier/ros2_ws/build/fr_ros2' returned '0': AMENT_PREFIX_PATH=/home/wagnerxavier/ros2_ws/install/frhal_msgs:${AMENT_PREFIX_PATH} CMAKE_PREFIX_PATH=/home/wagnerxavier/ros2_ws/install/frhal_msgs:/opt/ros/humble LD_LIBRARY_PATH=/home/wagnerxavier/ros2_ws/install/frhal_msgs/lib:${LD_LIBRARY_PATH} PYTHONPATH=/home/wagnerxavier/ros2_ws/install/frhal_msgs/local/lib/python3.10/dist-packages:${PYTHONPATH} /usr/bin/cmake --install /home/wagnerxavier/ros2_ws/build/fr_ros2
[27.021s] Level 1:colcon.colcon_core.environment:checking '/home/wagnerxavier/ros2_ws/install/fr_ros2' for CMake config files
[27.021s] Level 1:colcon.colcon_core.shell:create_environment_hook('fr_ros2', 'cmake_prefix_path')
[27.021s] INFO:colcon.colcon_core.shell:Creating environment hook '/home/wagnerxavier/ros2_ws/install/fr_ros2/share/fr_ros2/hook/cmake_prefix_path.ps1'
[27.022s] INFO:colcon.colcon_core.shell:Creating environment descriptor '/home/wagnerxavier/ros2_ws/install/fr_ros2/share/fr_ros2/hook/cmake_prefix_path.dsv'
[27.023s] INFO:colcon.colcon_core.shell:Creating environment hook '/home/wagnerxavier/ros2_ws/install/fr_ros2/share/fr_ros2/hook/cmake_prefix_path.sh'
[27.023s] Level 1:colcon.colcon_core.environment:checking '/home/wagnerxavier/ros2_ws/install/fr_ros2/lib'
[27.023s] Level 1:colcon.colcon_core.environment:checking '/home/wagnerxavier/ros2_ws/install/fr_ros2/bin'
[27.023s] Level 1:colcon.colcon_core.environment:checking '/home/wagnerxavier/ros2_ws/install/fr_ros2/lib/pkgconfig/fr_ros2.pc'
[27.024s] Level 1:colcon.colcon_core.environment:checking '/home/wagnerxavier/ros2_ws/install/fr_ros2/lib/python3.10/site-packages'
[27.024s] Level 1:colcon.colcon_core.environment:checking '/home/wagnerxavier/ros2_ws/install/fr_ros2/bin'
[27.024s] INFO:colcon.colcon_core.shell:Creating package script '/home/wagnerxavier/ros2_ws/install/fr_ros2/share/fr_ros2/package.ps1'
[27.026s] INFO:colcon.colcon_core.shell:Creating package descriptor '/home/wagnerxavier/ros2_ws/install/fr_ros2/share/fr_ros2/package.dsv'
[27.028s] INFO:colcon.colcon_core.shell:Creating package script '/home/wagnerxavier/ros2_ws/install/fr_ros2/share/fr_ros2/package.sh'
[27.029s] INFO:colcon.colcon_core.shell:Creating package script '/home/wagnerxavier/ros2_ws/install/fr_ros2/share/fr_ros2/package.bash'
[27.031s] INFO:colcon.colcon_core.shell:Creating package script '/home/wagnerxavier/ros2_ws/install/fr_ros2/share/fr_ros2/package.zsh'
[27.033s] Level 1:colcon.colcon_core.environment:create_file_with_runtime_dependencies(/home/wagnerxavier/ros2_ws/install/fr_ros2/share/colcon-core/packages/fr_ros2)
[27.191s] Level 1:colcon.colcon_core.environment:create_environment_scripts_only(fr_ros2)
[27.192s] Level 1:colcon.colcon_core.environment:checking '/home/wagnerxavier/ros2_ws/install/fr_ros2' for CMake module files
[27.192s] Level 1:colcon.colcon_core.environment:checking '/home/wagnerxavier/ros2_ws/install/fr_ros2' for CMake config files
[27.192s] Level 1:colcon.colcon_core.shell:create_environment_hook('fr_ros2', 'cmake_prefix_path')
[27.193s] INFO:colcon.colcon_core.shell:Creating environment hook '/home/wagnerxavier/ros2_ws/install/fr_ros2/share/fr_ros2/hook/cmake_prefix_path.ps1'
[27.193s] INFO:colcon.colcon_core.shell:Creating environment descriptor '/home/wagnerxavier/ros2_ws/install/fr_ros2/share/fr_ros2/hook/cmake_prefix_path.dsv'
[27.194s] INFO:colcon.colcon_core.shell:Creating environment hook '/home/wagnerxavier/ros2_ws/install/fr_ros2/share/fr_ros2/hook/cmake_prefix_path.sh'
[27.195s] Level 1:colcon.colcon_core.environment:checking '/home/wagnerxavier/ros2_ws/install/fr_ros2/lib'
[27.195s] Level 1:colcon.colcon_core.environment:checking '/home/wagnerxavier/ros2_ws/install/fr_ros2/bin'
[27.195s] Level 1:colcon.colcon_core.environment:checking '/home/wagnerxavier/ros2_ws/install/fr_ros2/lib/pkgconfig/fr_ros2.pc'
[27.196s] Level 1:colcon.colcon_core.environment:checking '/home/wagnerxavier/ros2_ws/install/fr_ros2/lib/python3.10/site-packages'
[27.196s] Level 1:colcon.colcon_core.environment:checking '/home/wagnerxavier/ros2_ws/install/fr_ros2/bin'
[27.196s] INFO:colcon.colcon_core.shell:Creating package script '/home/wagnerxavier/ros2_ws/install/fr_ros2/share/fr_ros2/package.ps1'
[27.197s] INFO:colcon.colcon_core.shell:Creating package descriptor '/home/wagnerxavier/ros2_ws/install/fr_ros2/share/fr_ros2/package.dsv'
[27.198s] INFO:colcon.colcon_core.shell:Creating package script '/home/wagnerxavier/ros2_ws/install/fr_ros2/share/fr_ros2/package.sh'
[27.199s] INFO:colcon.colcon_core.shell:Creating package script '/home/wagnerxavier/ros2_ws/install/fr_ros2/share/fr_ros2/package.bash'
[27.199s] INFO:colcon.colcon_core.shell:Creating package script '/home/wagnerxavier/ros2_ws/install/fr_ros2/share/fr_ros2/package.zsh'
[27.200s] Level 1:colcon.colcon_core.environment:create_file_with_runtime_dependencies(/home/wagnerxavier/ros2_ws/install/fr_ros2/share/colcon-core/packages/fr_ros2)
[27.201s] DEBUG:colcon.colcon_parallel_executor.executor.parallel:closing loop
[27.202s] DEBUG:colcon.colcon_parallel_executor.executor.parallel:loop closed
[27.202s] DEBUG:colcon.colcon_parallel_executor.executor.parallel:run_until_complete finished with '0'
[27.203s] DEBUG:colcon.colcon_core.event_reactor:joining thread
[27.226s] INFO:colcon.colcon_core.plugin_system:Skipping extension 'colcon_notification.desktop_notification.terminal_notifier': Not used on non-Darwin systems
[27.226s] INFO:colcon.colcon_core.plugin_system:Skipping extension 'colcon_notification.desktop_notification.win32': Not used on non-Windows systems
[27.226s] INFO:colcon.colcon_notification.desktop_notification:Sending desktop notification using 'notify2'
[27.380s] DEBUG:colcon.colcon_core.event_reactor:joined thread
[27.381s] INFO:colcon.colcon_core.shell:Creating prefix script '/home/wagnerxavier/ros2_ws/install/local_setup.ps1'
[27.383s] INFO:colcon.colcon_core.shell:Creating prefix util module '/home/wagnerxavier/ros2_ws/install/_local_setup_util_ps1.py'
[27.385s] INFO:colcon.colcon_core.shell:Creating prefix chain script '/home/wagnerxavier/ros2_ws/install/setup.ps1'
[27.387s] INFO:colcon.colcon_core.shell:Creating prefix script '/home/wagnerxavier/ros2_ws/install/local_setup.sh'
[27.389s] INFO:colcon.colcon_core.shell:Creating prefix util module '/home/wagnerxavier/ros2_ws/install/_local_setup_util_sh.py'
[27.389s] INFO:colcon.colcon_core.shell:Creating prefix chain script '/home/wagnerxavier/ros2_ws/install/setup.sh'
[27.391s] INFO:colcon.colcon_core.shell:Creating prefix script '/home/wagnerxavier/ros2_ws/install/local_setup.bash'
[27.393s] INFO:colcon.colcon_core.shell:Creating prefix chain script '/home/wagnerxavier/ros2_ws/install/setup.bash'
[27.395s] INFO:colcon.colcon_core.shell:Creating prefix script '/home/wagnerxavier/ros2_ws/install/local_setup.zsh'
[27.397s] INFO:colcon.colcon_core.shell:Creating prefix chain script '/home/wagnerxavier/ros2_ws/install/setup.zsh'
