[0.306s] DEBUG:colcon:Command line arguments: ['/usr/bin/colcon', 'build']
[0.306s] DEBUG:colcon:Parsed command line arguments: Namespace(log_base=None, log_level=None, verb_name='build', build_base='build', install_base='install', merge_install=False, symlink_install=False, test_result_base=None, continue_on_error=False, executor='parallel', parallel_workers=4, event_handlers=None, ignore_user_meta=False, metas=['./colcon.meta'], base_paths=['.'], packages_ignore=None, packages_ignore_regex=None, paths=None, packages_up_to=None, packages_up_to_regex=None, packages_above=None, packages_above_and_dependencies=None, packages_above_depth=None, packages_select_by_dep=None, packages_skip_by_dep=None, packages_skip_up_to=None, packages_select_build_failed=False, packages_skip_build_finished=False, packages_select_test_failures=False, packages_skip_test_passed=False, packages_select=None, packages_skip=None, packages_select_regex=None, packages_skip_regex=None, packages_start=None, packages_end=None, allow_overriding=[], cmake_args=None, cmake_target=None, cmake_target_skip_unavailable=False, cmake_clean_cache=False, cmake_clean_first=False, cmake_force_configure=False, ament_cmake_args=None, catkin_cmake_args=None, catkin_skip_building_tests=False, mixin_files=None, mixin=None, verb_parser=<colcon_mixin.mixin.mixin_argument.MixinArgumentDecorator object at 0x77aa2f949ae0>, verb_extension=<colcon_core.verb.build.BuildVerb object at 0x77aa2f949570>, main=<bound method BuildVerb.main of <colcon_core.verb.build.BuildVerb object at 0x77aa2f949570>>, mixin_verb=('build',))
[0.615s] Level 1:colcon.colcon_core.package_discovery:discover_packages(colcon_meta) check parameters
[0.615s] Level 1:colcon.colcon_core.package_discovery:discover_packages(recursive) check parameters
[0.615s] Level 1:colcon.colcon_core.package_discovery:discover_packages(ignore) check parameters
[0.615s] Level 1:colcon.colcon_core.package_discovery:discover_packages(path) check parameters
[0.616s] Level 1:colcon.colcon_core.package_discovery:discover_packages(colcon_meta) discover
[0.616s] Level 1:colcon.colcon_core.package_discovery:discover_packages(recursive) discover
[0.616s] INFO:colcon.colcon_core.package_discovery:Crawling recursively for packages in '/home/wagnerxavier/ros2_ws'
[0.616s] Level 1:colcon.colcon_core.package_identification:_identify(.) by extensions ['ignore', 'ignore_ament_install']
[0.616s] Level 1:colcon.colcon_core.package_identification:_identify(.) by extension 'ignore'
[0.616s] Level 1:colcon.colcon_core.package_identification:_identify(.) by extension 'ignore_ament_install'
[0.616s] Level 1:colcon.colcon_core.package_identification:_identify(.) by extensions ['colcon_pkg']
[0.616s] Level 1:colcon.colcon_core.package_identification:_identify(.) by extension 'colcon_pkg'
[0.616s] Level 1:colcon.colcon_core.package_identification:_identify(.) by extensions ['colcon_meta']
[0.616s] Level 1:colcon.colcon_core.package_identification:_identify(.) by extension 'colcon_meta'
[0.616s] Level 1:colcon.colcon_core.package_identification:_identify(.) by extensions ['ros']
[0.616s] Level 1:colcon.colcon_core.package_identification:_identify(.) by extension 'ros'
[0.630s] Level 1:colcon.colcon_core.package_identification:_identify(.) by extensions ['cmake', 'python']
[0.631s] Level 1:colcon.colcon_core.package_identification:_identify(.) by extension 'cmake'
[0.631s] Level 1:colcon.colcon_core.package_identification:_identify(.) by extension 'python'
[0.631s] Level 1:colcon.colcon_core.package_identification:_identify(.) by extensions ['python_setup_py']
[0.631s] Level 1:colcon.colcon_core.package_identification:_identify(.) by extension 'python_setup_py'
[0.631s] Level 1:colcon.colcon_core.package_identification:_identify(build) by extensions ['ignore', 'ignore_ament_install']
[0.631s] Level 1:colcon.colcon_core.package_identification:_identify(build) by extension 'ignore'
[0.631s] Level 1:colcon.colcon_core.package_identification:_identify(build) ignored
[0.631s] Level 1:colcon.colcon_core.package_identification:_identify(install) by extensions ['ignore', 'ignore_ament_install']
[0.632s] Level 1:colcon.colcon_core.package_identification:_identify(install) by extension 'ignore'
[0.632s] Level 1:colcon.colcon_core.package_identification:_identify(install) ignored
[0.632s] Level 1:colcon.colcon_core.package_identification:_identify(log) by extensions ['ignore', 'ignore_ament_install']
[0.632s] Level 1:colcon.colcon_core.package_identification:_identify(log) by extension 'ignore'
[0.632s] Level 1:colcon.colcon_core.package_identification:_identify(log) ignored
[0.632s] Level 1:colcon.colcon_core.package_identification:_identify(src) by extensions ['ignore', 'ignore_ament_install']
[0.632s] Level 1:colcon.colcon_core.package_identification:_identify(src) by extension 'ignore'
[0.632s] Level 1:colcon.colcon_core.package_identification:_identify(src) by extension 'ignore_ament_install'
[0.632s] Level 1:colcon.colcon_core.package_identification:_identify(src) by extensions ['colcon_pkg']
[0.632s] Level 1:colcon.colcon_core.package_identification:_identify(src) by extension 'colcon_pkg'
[0.633s] Level 1:colcon.colcon_core.package_identification:_identify(src) by extensions ['colcon_meta']
[0.633s] Level 1:colcon.colcon_core.package_identification:_identify(src) by extension 'colcon_meta'
[0.633s] Level 1:colcon.colcon_core.package_identification:_identify(src) by extensions ['ros']
[0.633s] Level 1:colcon.colcon_core.package_identification:_identify(src) by extension 'ros'
[0.633s] Level 1:colcon.colcon_core.package_identification:_identify(src) by extensions ['cmake', 'python']
[0.633s] Level 1:colcon.colcon_core.package_identification:_identify(src) by extension 'cmake'
[0.633s] Level 1:colcon.colcon_core.package_identification:_identify(src) by extension 'python'
[0.633s] Level 1:colcon.colcon_core.package_identification:_identify(src) by extensions ['python_setup_py']
[0.633s] Level 1:colcon.colcon_core.package_identification:_identify(src) by extension 'python_setup_py'
[0.633s] Level 1:colcon.colcon_core.package_identification:_identify(src/frcobot_ros2) by extensions ['ignore', 'ignore_ament_install']
[0.633s] Level 1:colcon.colcon_core.package_identification:_identify(src/frcobot_ros2) by extension 'ignore'
[0.633s] Level 1:colcon.colcon_core.package_identification:_identify(src/frcobot_ros2) by extension 'ignore_ament_install'
[0.633s] Level 1:colcon.colcon_core.package_identification:_identify(src/frcobot_ros2) by extensions ['colcon_pkg']
[0.633s] Level 1:colcon.colcon_core.package_identification:_identify(src/frcobot_ros2) by extension 'colcon_pkg'
[0.633s] Level 1:colcon.colcon_core.package_identification:_identify(src/frcobot_ros2) by extensions ['colcon_meta']
[0.633s] Level 1:colcon.colcon_core.package_identification:_identify(src/frcobot_ros2) by extension 'colcon_meta'
[0.633s] Level 1:colcon.colcon_core.package_identification:_identify(src/frcobot_ros2) by extensions ['ros']
[0.633s] Level 1:colcon.colcon_core.package_identification:_identify(src/frcobot_ros2) by extension 'ros'
[0.634s] Level 1:colcon.colcon_core.package_identification:_identify(src/frcobot_ros2) by extensions ['cmake', 'python']
[0.634s] Level 1:colcon.colcon_core.package_identification:_identify(src/frcobot_ros2) by extension 'cmake'
[0.634s] Level 1:colcon.colcon_core.package_identification:_identify(src/frcobot_ros2) by extension 'python'
[0.634s] Level 1:colcon.colcon_core.package_identification:_identify(src/frcobot_ros2) by extensions ['python_setup_py']
[0.634s] Level 1:colcon.colcon_core.package_identification:_identify(src/frcobot_ros2) by extension 'python_setup_py'
[0.634s] Level 1:colcon.colcon_core.package_identification:_identify(src/frcobot_ros2/fr_ros2) by extensions ['ignore', 'ignore_ament_install']
[0.634s] Level 1:colcon.colcon_core.package_identification:_identify(src/frcobot_ros2/fr_ros2) by extension 'ignore'
[0.634s] Level 1:colcon.colcon_core.package_identification:_identify(src/frcobot_ros2/fr_ros2) by extension 'ignore_ament_install'
[0.634s] Level 1:colcon.colcon_core.package_identification:_identify(src/frcobot_ros2/fr_ros2) by extensions ['colcon_pkg']
[0.634s] Level 1:colcon.colcon_core.package_identification:_identify(src/frcobot_ros2/fr_ros2) by extension 'colcon_pkg'
[0.634s] Level 1:colcon.colcon_core.package_identification:_identify(src/frcobot_ros2/fr_ros2) by extensions ['colcon_meta']
[0.634s] Level 1:colcon.colcon_core.package_identification:_identify(src/frcobot_ros2/fr_ros2) by extension 'colcon_meta'
[0.635s] Level 1:colcon.colcon_core.package_identification:_identify(src/frcobot_ros2/fr_ros2) by extensions ['ros']
[0.635s] Level 1:colcon.colcon_core.package_identification:_identify(src/frcobot_ros2/fr_ros2) by extension 'ros'
[0.641s] DEBUG:colcon.colcon_core.package_identification:Package 'src/frcobot_ros2/fr_ros2' with type 'ros.ament_cmake' and name 'fr_ros2'
[0.641s] Level 1:colcon.colcon_core.package_identification:_identify(src/frcobot_ros2/frhal_msgs) by extensions ['ignore', 'ignore_ament_install']
[0.641s] Level 1:colcon.colcon_core.package_identification:_identify(src/frcobot_ros2/frhal_msgs) by extension 'ignore'
[0.641s] Level 1:colcon.colcon_core.package_identification:_identify(src/frcobot_ros2/frhal_msgs) by extension 'ignore_ament_install'
[0.641s] Level 1:colcon.colcon_core.package_identification:_identify(src/frcobot_ros2/frhal_msgs) by extensions ['colcon_pkg']
[0.642s] Level 1:colcon.colcon_core.package_identification:_identify(src/frcobot_ros2/frhal_msgs) by extension 'colcon_pkg'
[0.642s] Level 1:colcon.colcon_core.package_identification:_identify(src/frcobot_ros2/frhal_msgs) by extensions ['colcon_meta']
[0.642s] Level 1:colcon.colcon_core.package_identification:_identify(src/frcobot_ros2/frhal_msgs) by extension 'colcon_meta'
[0.642s] Level 1:colcon.colcon_core.package_identification:_identify(src/frcobot_ros2/frhal_msgs) by extensions ['ros']
[0.642s] Level 1:colcon.colcon_core.package_identification:_identify(src/frcobot_ros2/frhal_msgs) by extension 'ros'
[0.644s] DEBUG:colcon.colcon_core.package_identification:Package 'src/frcobot_ros2/frhal_msgs' with type 'ros.ament_cmake' and name 'frhal_msgs'
[0.644s] Level 1:colcon.colcon_core.package_discovery:discover_packages(recursive) using defaults
[0.644s] Level 1:colcon.colcon_core.package_discovery:discover_packages(ignore) discover
[0.644s] Level 1:colcon.colcon_core.package_discovery:discover_packages(ignore) using defaults
[0.644s] Level 1:colcon.colcon_core.package_discovery:discover_packages(path) discover
[0.644s] Level 1:colcon.colcon_core.package_discovery:discover_packages(path) using defaults
[0.689s] Level 1:colcon.colcon_core.package_discovery:discover_packages(prefix_path) check parameters
[0.689s] Level 1:colcon.colcon_core.package_discovery:discover_packages(prefix_path) discover
[0.697s] DEBUG:colcon.colcon_installed_package_information.package_discovery:Found 2 installed packages in /home/wagnerxavier/ros2_ws/install
[0.699s] DEBUG:colcon.colcon_installed_package_information.package_discovery:Found 270 installed packages in /opt/ros/humble
[0.701s] Level 1:colcon.colcon_core.package_discovery:discover_packages(prefix_path) using defaults
[0.766s] Level 5:colcon.colcon_core.verb:set package 'frhal_msgs' build argument 'cmake_args' from command line to 'None'
[0.766s] Level 5:colcon.colcon_core.verb:set package 'frhal_msgs' build argument 'cmake_target' from command line to 'None'
[0.766s] Level 5:colcon.colcon_core.verb:set package 'frhal_msgs' build argument 'cmake_target_skip_unavailable' from command line to 'False'
[0.766s] Level 5:colcon.colcon_core.verb:set package 'frhal_msgs' build argument 'cmake_clean_cache' from command line to 'False'
[0.766s] Level 5:colcon.colcon_core.verb:set package 'frhal_msgs' build argument 'cmake_clean_first' from command line to 'False'
[0.766s] Level 5:colcon.colcon_core.verb:set package 'frhal_msgs' build argument 'cmake_force_configure' from command line to 'False'
[0.766s] Level 5:colcon.colcon_core.verb:set package 'frhal_msgs' build argument 'ament_cmake_args' from command line to 'None'
[0.766s] Level 5:colcon.colcon_core.verb:set package 'frhal_msgs' build argument 'catkin_cmake_args' from command line to 'None'
[0.766s] Level 5:colcon.colcon_core.verb:set package 'frhal_msgs' build argument 'catkin_skip_building_tests' from command line to 'False'
[0.766s] DEBUG:colcon.colcon_core.verb:Building package 'frhal_msgs' with the following arguments: {'ament_cmake_args': None, 'build_base': '/home/wagnerxavier/ros2_ws/build/frhal_msgs', 'catkin_cmake_args': None, 'catkin_skip_building_tests': False, 'cmake_args': None, 'cmake_clean_cache': False, 'cmake_clean_first': False, 'cmake_force_configure': False, 'cmake_target': None, 'cmake_target_skip_unavailable': False, 'install_base': '/home/wagnerxavier/ros2_ws/install/frhal_msgs', 'merge_install': False, 'path': '/home/wagnerxavier/ros2_ws/src/frcobot_ros2/frhal_msgs', 'symlink_install': False, 'test_result_base': None}
[0.767s] Level 5:colcon.colcon_core.verb:set package 'fr_ros2' build argument 'cmake_args' from command line to 'None'
[0.767s] Level 5:colcon.colcon_core.verb:set package 'fr_ros2' build argument 'cmake_target' from command line to 'None'
[0.767s] Level 5:colcon.colcon_core.verb:set package 'fr_ros2' build argument 'cmake_target_skip_unavailable' from command line to 'False'
[0.767s] Level 5:colcon.colcon_core.verb:set package 'fr_ros2' build argument 'cmake_clean_cache' from command line to 'False'
[0.767s] Level 5:colcon.colcon_core.verb:set package 'fr_ros2' build argument 'cmake_clean_first' from command line to 'False'
[0.767s] Level 5:colcon.colcon_core.verb:set package 'fr_ros2' build argument 'cmake_force_configure' from command line to 'False'
[0.767s] Level 5:colcon.colcon_core.verb:set package 'fr_ros2' build argument 'ament_cmake_args' from command line to 'None'
[0.767s] Level 5:colcon.colcon_core.verb:set package 'fr_ros2' build argument 'catkin_cmake_args' from command line to 'None'
[0.767s] Level 5:colcon.colcon_core.verb:set package 'fr_ros2' build argument 'catkin_skip_building_tests' from command line to 'False'
[0.767s] DEBUG:colcon.colcon_core.verb:Building package 'fr_ros2' with the following arguments: {'ament_cmake_args': None, 'build_base': '/home/wagnerxavier/ros2_ws/build/fr_ros2', 'catkin_cmake_args': None, 'catkin_skip_building_tests': False, 'cmake_args': None, 'cmake_clean_cache': False, 'cmake_clean_first': False, 'cmake_force_configure': False, 'cmake_target': None, 'cmake_target_skip_unavailable': False, 'install_base': '/home/wagnerxavier/ros2_ws/install/fr_ros2', 'merge_install': False, 'path': '/home/wagnerxavier/ros2_ws/src/frcobot_ros2/fr_ros2', 'symlink_install': False, 'test_result_base': None}
[0.768s] INFO:colcon.colcon_core.executor:Executing jobs using 'parallel' executor
[0.777s] DEBUG:colcon.colcon_parallel_executor.executor.parallel:run_until_complete
[0.778s] INFO:colcon.colcon_ros.task.ament_cmake.build:Building ROS package in '/home/wagnerxavier/ros2_ws/src/frcobot_ros2/frhal_msgs' with build type 'ament_cmake'
[0.778s] INFO:colcon.colcon_cmake.task.cmake.build:Building CMake package in '/home/wagnerxavier/ros2_ws/src/frcobot_ros2/frhal_msgs'
[0.790s] INFO:colcon.colcon_core.plugin_system:Skipping extension 'colcon_core.shell.bat': Not used on non-Windows systems
[0.791s] INFO:colcon.colcon_core.shell:Skip shell extension 'powershell' for command environment: Not usable outside of PowerShell
[0.791s] DEBUG:colcon.colcon_core.shell:Skip shell extension 'dsv' for command environment
[0.850s] DEBUG:colcon.colcon_core.event_handler.log_command:Invoking command in '/home/wagnerxavier/ros2_ws/build/frhal_msgs': CMAKE_PREFIX_PATH=${CMAKE_PREFIX_PATH}:/opt/ros/humble /usr/bin/cmake --build /home/wagnerxavier/ros2_ws/build/frhal_msgs -- -j4 -l4
[1.691s] DEBUG:colcon.colcon_core.event_handler.log_command:Invoked command in '/home/wagnerxavier/ros2_ws/build/frhal_msgs' returned '0': CMAKE_PREFIX_PATH=${CMAKE_PREFIX_PATH}:/opt/ros/humble /usr/bin/cmake --build /home/wagnerxavier/ros2_ws/build/frhal_msgs -- -j4 -l4
[2.156s] DEBUG:colcon.colcon_core.event_handler.log_command:Invoking command in '/home/wagnerxavier/ros2_ws/build/frhal_msgs': CMAKE_PREFIX_PATH=${CMAKE_PREFIX_PATH}:/opt/ros/humble /usr/bin/cmake --install /home/wagnerxavier/ros2_ws/build/frhal_msgs
[2.340s] Level 1:colcon.colcon_core.environment:create_environment_scripts_only(frhal_msgs)
[2.341s] DEBUG:colcon.colcon_core.event_handler.log_command:Invoked command in '/home/wagnerxavier/ros2_ws/build/frhal_msgs' returned '0': CMAKE_PREFIX_PATH=${CMAKE_PREFIX_PATH}:/opt/ros/humble /usr/bin/cmake --install /home/wagnerxavier/ros2_ws/build/frhal_msgs
[2.354s] Level 1:colcon.colcon_core.environment:checking '/home/wagnerxavier/ros2_ws/install/frhal_msgs' for CMake module files
[2.355s] Level 1:colcon.colcon_core.environment:checking '/home/wagnerxavier/ros2_ws/install/frhal_msgs' for CMake config files
[2.365s] Level 1:colcon.colcon_core.shell:create_environment_hook('frhal_msgs', 'cmake_prefix_path')
[2.366s] INFO:colcon.colcon_core.shell:Creating environment hook '/home/wagnerxavier/ros2_ws/install/frhal_msgs/share/frhal_msgs/hook/cmake_prefix_path.ps1'
[2.366s] INFO:colcon.colcon_core.shell:Creating environment descriptor '/home/wagnerxavier/ros2_ws/install/frhal_msgs/share/frhal_msgs/hook/cmake_prefix_path.dsv'
[2.367s] INFO:colcon.colcon_core.shell:Creating environment hook '/home/wagnerxavier/ros2_ws/install/frhal_msgs/share/frhal_msgs/hook/cmake_prefix_path.sh'
[2.369s] Level 1:colcon.colcon_core.environment:checking '/home/wagnerxavier/ros2_ws/install/frhal_msgs/lib'
[2.369s] Level 1:colcon.colcon_core.shell:create_environment_hook('frhal_msgs', 'ld_library_path_lib')
[2.369s] INFO:colcon.colcon_core.shell:Creating environment hook '/home/wagnerxavier/ros2_ws/install/frhal_msgs/share/frhal_msgs/hook/ld_library_path_lib.ps1'
[2.370s] INFO:colcon.colcon_core.shell:Creating environment descriptor '/home/wagnerxavier/ros2_ws/install/frhal_msgs/share/frhal_msgs/hook/ld_library_path_lib.dsv'
[2.371s] INFO:colcon.colcon_core.shell:Creating environment hook '/home/wagnerxavier/ros2_ws/install/frhal_msgs/share/frhal_msgs/hook/ld_library_path_lib.sh'
[2.371s] Level 1:colcon.colcon_core.environment:checking '/home/wagnerxavier/ros2_ws/install/frhal_msgs/bin'
[2.372s] Level 1:colcon.colcon_core.environment:checking '/home/wagnerxavier/ros2_ws/install/frhal_msgs/lib/pkgconfig/frhal_msgs.pc'
[2.372s] Level 1:colcon.colcon_core.environment:checking '/home/wagnerxavier/ros2_ws/install/frhal_msgs/lib/python3.10/site-packages'
[2.372s] Level 1:colcon.colcon_core.environment:checking '/home/wagnerxavier/ros2_ws/install/frhal_msgs/bin'
[2.373s] INFO:colcon.colcon_core.shell:Creating package script '/home/wagnerxavier/ros2_ws/install/frhal_msgs/share/frhal_msgs/package.ps1'
[2.374s] INFO:colcon.colcon_core.shell:Creating package descriptor '/home/wagnerxavier/ros2_ws/install/frhal_msgs/share/frhal_msgs/package.dsv'
[2.375s] INFO:colcon.colcon_core.shell:Creating package script '/home/wagnerxavier/ros2_ws/install/frhal_msgs/share/frhal_msgs/package.sh'
[2.377s] INFO:colcon.colcon_core.shell:Creating package script '/home/wagnerxavier/ros2_ws/install/frhal_msgs/share/frhal_msgs/package.bash'
[2.422s] INFO:colcon.colcon_core.shell:Creating package script '/home/wagnerxavier/ros2_ws/install/frhal_msgs/share/frhal_msgs/package.zsh'
[2.423s] Level 1:colcon.colcon_core.environment:create_file_with_runtime_dependencies(/home/wagnerxavier/ros2_ws/install/frhal_msgs/share/colcon-core/packages/frhal_msgs)
[2.877s] Level 1:colcon.colcon_core.environment:create_environment_scripts_only(frhal_msgs)
[2.878s] Level 1:colcon.colcon_core.environment:checking '/home/wagnerxavier/ros2_ws/install/frhal_msgs' for CMake module files
[2.879s] Level 1:colcon.colcon_core.environment:checking '/home/wagnerxavier/ros2_ws/install/frhal_msgs' for CMake config files
[2.880s] Level 1:colcon.colcon_core.shell:create_environment_hook('frhal_msgs', 'cmake_prefix_path')
[2.880s] INFO:colcon.colcon_core.shell:Creating environment hook '/home/wagnerxavier/ros2_ws/install/frhal_msgs/share/frhal_msgs/hook/cmake_prefix_path.ps1'
[2.881s] INFO:colcon.colcon_core.shell:Creating environment descriptor '/home/wagnerxavier/ros2_ws/install/frhal_msgs/share/frhal_msgs/hook/cmake_prefix_path.dsv'
[2.882s] INFO:colcon.colcon_core.shell:Creating environment hook '/home/wagnerxavier/ros2_ws/install/frhal_msgs/share/frhal_msgs/hook/cmake_prefix_path.sh'
[2.884s] Level 1:colcon.colcon_core.environment:checking '/home/wagnerxavier/ros2_ws/install/frhal_msgs/lib'
[2.891s] Level 1:colcon.colcon_core.shell:create_environment_hook('frhal_msgs', 'ld_library_path_lib')
[2.902s] INFO:colcon.colcon_core.shell:Creating environment hook '/home/wagnerxavier/ros2_ws/install/frhal_msgs/share/frhal_msgs/hook/ld_library_path_lib.ps1'
[2.903s] INFO:colcon.colcon_core.shell:Creating environment descriptor '/home/wagnerxavier/ros2_ws/install/frhal_msgs/share/frhal_msgs/hook/ld_library_path_lib.dsv'
[2.904s] INFO:colcon.colcon_core.shell:Creating environment hook '/home/wagnerxavier/ros2_ws/install/frhal_msgs/share/frhal_msgs/hook/ld_library_path_lib.sh'
[2.915s] Level 1:colcon.colcon_core.environment:checking '/home/wagnerxavier/ros2_ws/install/frhal_msgs/bin'
[2.916s] Level 1:colcon.colcon_core.environment:checking '/home/wagnerxavier/ros2_ws/install/frhal_msgs/lib/pkgconfig/frhal_msgs.pc'
[2.916s] Level 1:colcon.colcon_core.environment:checking '/home/wagnerxavier/ros2_ws/install/frhal_msgs/lib/python3.10/site-packages'
[2.917s] Level 1:colcon.colcon_core.environment:checking '/home/wagnerxavier/ros2_ws/install/frhal_msgs/bin'
[2.918s] INFO:colcon.colcon_core.shell:Creating package script '/home/wagnerxavier/ros2_ws/install/frhal_msgs/share/frhal_msgs/package.ps1'
[2.919s] INFO:colcon.colcon_core.shell:Creating package descriptor '/home/wagnerxavier/ros2_ws/install/frhal_msgs/share/frhal_msgs/package.dsv'
[2.920s] INFO:colcon.colcon_core.shell:Creating package script '/home/wagnerxavier/ros2_ws/install/frhal_msgs/share/frhal_msgs/package.sh'
[2.921s] INFO:colcon.colcon_core.shell:Creating package script '/home/wagnerxavier/ros2_ws/install/frhal_msgs/share/frhal_msgs/package.bash'
[2.922s] INFO:colcon.colcon_core.shell:Creating package script '/home/wagnerxavier/ros2_ws/install/frhal_msgs/share/frhal_msgs/package.zsh'
[2.923s] Level 1:colcon.colcon_core.environment:create_file_with_runtime_dependencies(/home/wagnerxavier/ros2_ws/install/frhal_msgs/share/colcon-core/packages/frhal_msgs)
[2.925s] INFO:colcon.colcon_ros.task.ament_cmake.build:Building ROS package in '/home/wagnerxavier/ros2_ws/src/frcobot_ros2/fr_ros2' with build type 'ament_cmake'
[2.925s] INFO:colcon.colcon_cmake.task.cmake.build:Building CMake package in '/home/wagnerxavier/ros2_ws/src/frcobot_ros2/fr_ros2'
[2.926s] INFO:colcon.colcon_core.shell:Skip shell extension 'powershell' for command environment: Not usable outside of PowerShell
[2.926s] DEBUG:colcon.colcon_core.shell:Skip shell extension 'dsv' for command environment
[3.032s] DEBUG:colcon.colcon_core.event_handler.log_command:Invoking command in '/home/wagnerxavier/ros2_ws/build/fr_ros2': CMAKE_PREFIX_PATH=${CMAKE_PREFIX_PATH}:/opt/ros/humble /usr/bin/cmake --build /home/wagnerxavier/ros2_ws/build/fr_ros2 -- -j4 -l4
[13.955s] DEBUG:colcon.colcon_core.event_handler.log_command:Invoked command in '/home/wagnerxavier/ros2_ws/build/fr_ros2' returned '0': CMAKE_PREFIX_PATH=${CMAKE_PREFIX_PATH}:/opt/ros/humble /usr/bin/cmake --build /home/wagnerxavier/ros2_ws/build/fr_ros2 -- -j4 -l4
[14.140s] DEBUG:colcon.colcon_core.event_handler.log_command:Invoking command in '/home/wagnerxavier/ros2_ws/build/fr_ros2': CMAKE_PREFIX_PATH=${CMAKE_PREFIX_PATH}:/opt/ros/humble /usr/bin/cmake --install /home/wagnerxavier/ros2_ws/build/fr_ros2
[14.192s] Level 1:colcon.colcon_core.environment:create_environment_scripts_only(fr_ros2)
[14.193s] Level 1:colcon.colcon_core.environment:checking '/home/wagnerxavier/ros2_ws/install/fr_ros2' for CMake module files
[14.194s] DEBUG:colcon.colcon_core.event_handler.log_command:Invoked command in '/home/wagnerxavier/ros2_ws/build/fr_ros2' returned '0': CMAKE_PREFIX_PATH=${CMAKE_PREFIX_PATH}:/opt/ros/humble /usr/bin/cmake --install /home/wagnerxavier/ros2_ws/build/fr_ros2
[14.195s] Level 1:colcon.colcon_core.environment:checking '/home/wagnerxavier/ros2_ws/install/fr_ros2' for CMake config files
[14.200s] Level 1:colcon.colcon_core.shell:create_environment_hook('fr_ros2', 'cmake_prefix_path')
[14.200s] INFO:colcon.colcon_core.shell:Creating environment hook '/home/wagnerxavier/ros2_ws/install/fr_ros2/share/fr_ros2/hook/cmake_prefix_path.ps1'
[14.201s] INFO:colcon.colcon_core.shell:Creating environment descriptor '/home/wagnerxavier/ros2_ws/install/fr_ros2/share/fr_ros2/hook/cmake_prefix_path.dsv'
[14.202s] INFO:colcon.colcon_core.shell:Creating environment hook '/home/wagnerxavier/ros2_ws/install/fr_ros2/share/fr_ros2/hook/cmake_prefix_path.sh'
[14.203s] Level 1:colcon.colcon_core.environment:checking '/home/wagnerxavier/ros2_ws/install/fr_ros2/lib'
[14.203s] Level 1:colcon.colcon_core.environment:checking '/home/wagnerxavier/ros2_ws/install/fr_ros2/bin'
[14.203s] Level 1:colcon.colcon_core.environment:checking '/home/wagnerxavier/ros2_ws/install/fr_ros2/lib/pkgconfig/fr_ros2.pc'
[14.204s] Level 1:colcon.colcon_core.environment:checking '/home/wagnerxavier/ros2_ws/install/fr_ros2/lib/python3.10/site-packages'
[14.204s] Level 1:colcon.colcon_core.environment:checking '/home/wagnerxavier/ros2_ws/install/fr_ros2/bin'
[14.204s] INFO:colcon.colcon_core.shell:Creating package script '/home/wagnerxavier/ros2_ws/install/fr_ros2/share/fr_ros2/package.ps1'
[14.207s] INFO:colcon.colcon_core.shell:Creating package descriptor '/home/wagnerxavier/ros2_ws/install/fr_ros2/share/fr_ros2/package.dsv'
[14.207s] INFO:colcon.colcon_core.shell:Creating package script '/home/wagnerxavier/ros2_ws/install/fr_ros2/share/fr_ros2/package.sh'
[14.209s] INFO:colcon.colcon_core.shell:Creating package script '/home/wagnerxavier/ros2_ws/install/fr_ros2/share/fr_ros2/package.bash'
[14.210s] INFO:colcon.colcon_core.shell:Creating package script '/home/wagnerxavier/ros2_ws/install/fr_ros2/share/fr_ros2/package.zsh'
[14.211s] Level 1:colcon.colcon_core.environment:create_file_with_runtime_dependencies(/home/wagnerxavier/ros2_ws/install/fr_ros2/share/colcon-core/packages/fr_ros2)
[14.366s] Level 1:colcon.colcon_core.environment:create_environment_scripts_only(fr_ros2)
[14.366s] Level 1:colcon.colcon_core.environment:checking '/home/wagnerxavier/ros2_ws/install/fr_ros2' for CMake module files
[14.367s] Level 1:colcon.colcon_core.environment:checking '/home/wagnerxavier/ros2_ws/install/fr_ros2' for CMake config files
[14.367s] Level 1:colcon.colcon_core.shell:create_environment_hook('fr_ros2', 'cmake_prefix_path')
[14.367s] INFO:colcon.colcon_core.shell:Creating environment hook '/home/wagnerxavier/ros2_ws/install/fr_ros2/share/fr_ros2/hook/cmake_prefix_path.ps1'
[14.368s] INFO:colcon.colcon_core.shell:Creating environment descriptor '/home/wagnerxavier/ros2_ws/install/fr_ros2/share/fr_ros2/hook/cmake_prefix_path.dsv'
[14.370s] INFO:colcon.colcon_core.shell:Creating environment hook '/home/wagnerxavier/ros2_ws/install/fr_ros2/share/fr_ros2/hook/cmake_prefix_path.sh'
[14.371s] Level 1:colcon.colcon_core.environment:checking '/home/wagnerxavier/ros2_ws/install/fr_ros2/lib'
[14.371s] Level 1:colcon.colcon_core.environment:checking '/home/wagnerxavier/ros2_ws/install/fr_ros2/bin'
[14.371s] Level 1:colcon.colcon_core.environment:checking '/home/wagnerxavier/ros2_ws/install/fr_ros2/lib/pkgconfig/fr_ros2.pc'
[14.372s] Level 1:colcon.colcon_core.environment:checking '/home/wagnerxavier/ros2_ws/install/fr_ros2/lib/python3.10/site-packages'
[14.372s] Level 1:colcon.colcon_core.environment:checking '/home/wagnerxavier/ros2_ws/install/fr_ros2/bin'
[14.372s] INFO:colcon.colcon_core.shell:Creating package script '/home/wagnerxavier/ros2_ws/install/fr_ros2/share/fr_ros2/package.ps1'
[14.374s] INFO:colcon.colcon_core.shell:Creating package descriptor '/home/wagnerxavier/ros2_ws/install/fr_ros2/share/fr_ros2/package.dsv'
[14.375s] INFO:colcon.colcon_core.shell:Creating package script '/home/wagnerxavier/ros2_ws/install/fr_ros2/share/fr_ros2/package.sh'
[14.376s] INFO:colcon.colcon_core.shell:Creating package script '/home/wagnerxavier/ros2_ws/install/fr_ros2/share/fr_ros2/package.bash'
[14.384s] INFO:colcon.colcon_core.shell:Creating package script '/home/wagnerxavier/ros2_ws/install/fr_ros2/share/fr_ros2/package.zsh'
[14.399s] Level 1:colcon.colcon_core.environment:create_file_with_runtime_dependencies(/home/wagnerxavier/ros2_ws/install/fr_ros2/share/colcon-core/packages/fr_ros2)
[14.405s] DEBUG:colcon.colcon_parallel_executor.executor.parallel:closing loop
[14.410s] DEBUG:colcon.colcon_parallel_executor.executor.parallel:loop closed
[14.411s] DEBUG:colcon.colcon_parallel_executor.executor.parallel:run_until_complete finished with '0'
[14.412s] DEBUG:colcon.colcon_core.event_reactor:joining thread
[14.490s] INFO:colcon.colcon_core.plugin_system:Skipping extension 'colcon_notification.desktop_notification.terminal_notifier': Not used on non-Darwin systems
[14.490s] INFO:colcon.colcon_core.plugin_system:Skipping extension 'colcon_notification.desktop_notification.win32': Not used on non-Windows systems
[14.490s] INFO:colcon.colcon_notification.desktop_notification:Sending desktop notification using 'notify2'
[14.523s] DEBUG:colcon.colcon_core.event_reactor:joined thread
[14.523s] INFO:colcon.colcon_core.shell:Creating prefix script '/home/wagnerxavier/ros2_ws/install/local_setup.ps1'
[14.526s] INFO:colcon.colcon_core.shell:Creating prefix util module '/home/wagnerxavier/ros2_ws/install/_local_setup_util_ps1.py'
[14.529s] INFO:colcon.colcon_core.shell:Creating prefix chain script '/home/wagnerxavier/ros2_ws/install/setup.ps1'
[14.532s] INFO:colcon.colcon_core.shell:Creating prefix script '/home/wagnerxavier/ros2_ws/install/local_setup.sh'
[14.542s] INFO:colcon.colcon_core.shell:Creating prefix util module '/home/wagnerxavier/ros2_ws/install/_local_setup_util_sh.py'
[14.545s] INFO:colcon.colcon_core.shell:Creating prefix chain script '/home/wagnerxavier/ros2_ws/install/setup.sh'
[14.549s] INFO:colcon.colcon_core.shell:Creating prefix script '/home/wagnerxavier/ros2_ws/install/local_setup.bash'
[14.551s] INFO:colcon.colcon_core.shell:Creating prefix chain script '/home/wagnerxavier/ros2_ws/install/setup.bash'
[14.555s] INFO:colcon.colcon_core.shell:Creating prefix script '/home/wagnerxavier/ros2_ws/install/local_setup.zsh'
[14.557s] INFO:colcon.colcon_core.shell:Creating prefix chain script '/home/wagnerxavier/ros2_ws/install/setup.zsh'
