[0.034s] Invoking command in '/home/wagnerxavier/ros2_ws/build/frhal_msgs': CMAKE_PREFIX_PATH=${CMAKE_PREFIX_PATH}:/opt/ros/humble /usr/bin/cmake --build /home/wagnerxavier/ros2_ws/build/frhal_msgs -- -j4 -l4
[0.175s] [35m[1mConsolidate compiler generated dependencies of target frhal_msgs__rosidl_generator_c[0m
[0.202s] [  2%] Built target frhal_msgs__cpp
[0.207s] [ 12%] Built target frhal_msgs__rosidl_generator_c
[0.227s] [ 12%] Built target ament_cmake_python_copy_frhal_msgs
[0.239s] [35m[1mConsolidate compiler generated dependencies of target frhal_msgs__rosidl_typesupport_introspection_cpp[0m
[0.248s] [35m[1mConsolidate compiler generated dependencies of target frhal_msgs__rosidl_typesupport_fastrtps_cpp[0m
[0.248s] [35m[1mConsolidate compiler generated dependencies of target frhal_msgs__rosidl_typesupport_cpp[0m
[0.287s] [35m[1mConsolidate compiler generated dependencies of target frhal_msgs__rosidl_typesupport_fastrtps_c[0m
[0.287s] [ 23%] Built target frhal_msgs__rosidl_typesupport_introspection_cpp
[0.294s] [ 33%] Built target frhal_msgs__rosidl_typesupport_cpp
[0.304s] [ 43%] Built target frhal_msgs__rosidl_typesupport_fastrtps_cpp
[0.317s] [35m[1mConsolidate compiler generated dependencies of target frhal_msgs__rosidl_typesupport_introspection_c[0m
[0.323s] [35m[1mConsolidate compiler generated dependencies of target frhal_msgs__rosidl_typesupport_c[0m
[0.325s] [ 53%] Built target frhal_msgs__rosidl_typesupport_fastrtps_c
[0.356s] [ 64%] Built target frhal_msgs__rosidl_typesupport_c
[0.363s] [ 74%] Built target frhal_msgs__rosidl_typesupport_introspection_c
[0.408s] [ 74%] Built target frhal_msgs
[0.448s] [ 76%] Built target frhal_msgs__py
[0.470s] [35m[1mConsolidate compiler generated dependencies of target frhal_msgs__rosidl_generator_py[0m
[0.498s] [ 84%] Built target frhal_msgs__rosidl_generator_py
[0.520s] [35m[1mConsolidate compiler generated dependencies of target frhal_msgs__rosidl_typesupport_fastrtps_c__pyext[0m
[0.521s] [35m[1mConsolidate compiler generated dependencies of target frhal_msgs__rosidl_typesupport_introspection_c__pyext[0m
[0.524s] [35m[1mConsolidate compiler generated dependencies of target frhal_msgs__rosidl_typesupport_c__pyext[0m
[0.550s] [ 89%] Built target frhal_msgs__rosidl_typesupport_fastrtps_c__pyext
[0.562s] [ 94%] Built target frhal_msgs__rosidl_typesupport_introspection_c__pyext
[0.595s] [100%] Built target frhal_msgs__rosidl_typesupport_c__pyext
[0.723s] running egg_info
[0.726s] writing frhal_msgs.egg-info/PKG-INFO
[0.726s] writing dependency_links to frhal_msgs.egg-info/dependency_links.txt
[0.726s] writing top-level names to frhal_msgs.egg-info/top_level.txt
[0.737s] reading manifest file 'frhal_msgs.egg-info/SOURCES.txt'
[0.740s] writing manifest file 'frhal_msgs.egg-info/SOURCES.txt'
[0.782s] [100%] Built target ament_cmake_python_build_frhal_msgs_egg
[0.805s] Invoked command in '/home/wagnerxavier/ros2_ws/build/frhal_msgs' returned '0': CMAKE_PREFIX_PATH=${CMAKE_PREFIX_PATH}:/opt/ros/humble /usr/bin/cmake --build /home/wagnerxavier/ros2_ws/build/frhal_msgs -- -j4 -l4
[1.246s] Invoking command in '/home/wagnerxavier/ros2_ws/build/frhal_msgs': CMAKE_PREFIX_PATH=${CMAKE_PREFIX_PATH}:/opt/ros/humble /usr/bin/cmake --install /home/wagnerxavier/ros2_ws/build/frhal_msgs
[1.259s] -- Install configuration: ""
[1.261s] -- Up-to-date: /home/wagnerxavier/ros2_ws/install/frhal_msgs/share/ament_index/resource_index/rosidl_interfaces/frhal_msgs
[1.261s] -- Up-to-date: /home/wagnerxavier/ros2_ws/install/frhal_msgs/include/frhal_msgs/frhal_msgs
[1.262s] -- Up-to-date: /home/wagnerxavier/ros2_ws/install/frhal_msgs/include/frhal_msgs/frhal_msgs/msg
[1.262s] -- Up-to-date: /home/wagnerxavier/ros2_ws/install/frhal_msgs/include/frhal_msgs/frhal_msgs/msg/rosidl_generator_c__visibility_control.h
[1.262s] -- Up-to-date: /home/wagnerxavier/ros2_ws/install/frhal_msgs/include/frhal_msgs/frhal_msgs/msg/fr_state.h
[1.262s] -- Up-to-date: /home/wagnerxavier/ros2_ws/install/frhal_msgs/include/frhal_msgs/frhal_msgs/msg/detail
[1.263s] -- Up-to-date: /home/wagnerxavier/ros2_ws/install/frhal_msgs/include/frhal_msgs/frhal_msgs/msg/detail/fr_state__type_support.h
[1.263s] -- Up-to-date: /home/wagnerxavier/ros2_ws/install/frhal_msgs/include/frhal_msgs/frhal_msgs/msg/detail/fr_state__functions.h
[1.263s] -- Up-to-date: /home/wagnerxavier/ros2_ws/install/frhal_msgs/include/frhal_msgs/frhal_msgs/msg/detail/fr_state__struct.h
[1.263s] -- Up-to-date: /home/wagnerxavier/ros2_ws/install/frhal_msgs/include/frhal_msgs/frhal_msgs/msg/detail/fr_state__functions.c
[1.263s] -- Up-to-date: /home/wagnerxavier/ros2_ws/install/frhal_msgs/include/frhal_msgs/frhal_msgs/srv
[1.263s] -- Up-to-date: /home/wagnerxavier/ros2_ws/install/frhal_msgs/include/frhal_msgs/frhal_msgs/srv/ros_cmd_interface.h
[1.263s] -- Up-to-date: /home/wagnerxavier/ros2_ws/install/frhal_msgs/include/frhal_msgs/frhal_msgs/srv/detail
[1.264s] -- Up-to-date: /home/wagnerxavier/ros2_ws/install/frhal_msgs/include/frhal_msgs/frhal_msgs/srv/detail/ros_cmd_interface__functions.c
[1.264s] -- Up-to-date: /home/wagnerxavier/ros2_ws/install/frhal_msgs/include/frhal_msgs/frhal_msgs/srv/detail/ros_cmd_interface__struct.h
[1.264s] -- Up-to-date: /home/wagnerxavier/ros2_ws/install/frhal_msgs/include/frhal_msgs/frhal_msgs/srv/detail/ros_cmd_interface__functions.h
[1.264s] -- Up-to-date: /home/wagnerxavier/ros2_ws/install/frhal_msgs/include/frhal_msgs/frhal_msgs/srv/detail/ros_cmd_interface__type_support.h
[1.264s] -- Up-to-date: /home/wagnerxavier/ros2_ws/install/frhal_msgs/share/frhal_msgs/environment/library_path.sh
[1.264s] -- Up-to-date: /home/wagnerxavier/ros2_ws/install/frhal_msgs/share/frhal_msgs/environment/library_path.dsv
[1.265s] -- Up-to-date: /home/wagnerxavier/ros2_ws/install/frhal_msgs/lib/libfrhal_msgs__rosidl_generator_c.so
[1.265s] -- Up-to-date: /home/wagnerxavier/ros2_ws/install/frhal_msgs/include/frhal_msgs/frhal_msgs
[1.266s] -- Up-to-date: /home/wagnerxavier/ros2_ws/install/frhal_msgs/include/frhal_msgs/frhal_msgs/msg
[1.266s] -- Up-to-date: /home/wagnerxavier/ros2_ws/install/frhal_msgs/include/frhal_msgs/frhal_msgs/msg/rosidl_typesupport_fastrtps_c__visibility_control.h
[1.266s] -- Up-to-date: /home/wagnerxavier/ros2_ws/install/frhal_msgs/include/frhal_msgs/frhal_msgs/msg/detail
[1.266s] -- Up-to-date: /home/wagnerxavier/ros2_ws/install/frhal_msgs/include/frhal_msgs/frhal_msgs/msg/detail/fr_state__rosidl_typesupport_fastrtps_c.h
[1.267s] -- Up-to-date: /home/wagnerxavier/ros2_ws/install/frhal_msgs/include/frhal_msgs/frhal_msgs/srv
[1.267s] -- Up-to-date: /home/wagnerxavier/ros2_ws/install/frhal_msgs/include/frhal_msgs/frhal_msgs/srv/detail
[1.267s] -- Up-to-date: /home/wagnerxavier/ros2_ws/install/frhal_msgs/include/frhal_msgs/frhal_msgs/srv/detail/ros_cmd_interface__rosidl_typesupport_fastrtps_c.h
[1.267s] -- Up-to-date: /home/wagnerxavier/ros2_ws/install/frhal_msgs/lib/libfrhal_msgs__rosidl_typesupport_fastrtps_c.so
[1.268s] -- Up-to-date: /home/wagnerxavier/ros2_ws/install/frhal_msgs/include/frhal_msgs/frhal_msgs
[1.268s] -- Up-to-date: /home/wagnerxavier/ros2_ws/install/frhal_msgs/include/frhal_msgs/frhal_msgs/msg
[1.268s] -- Up-to-date: /home/wagnerxavier/ros2_ws/install/frhal_msgs/include/frhal_msgs/frhal_msgs/msg/detail
[1.269s] -- Up-to-date: /home/wagnerxavier/ros2_ws/install/frhal_msgs/include/frhal_msgs/frhal_msgs/msg/detail/fr_state__rosidl_typesupport_introspection_c.h
[1.269s] -- Up-to-date: /home/wagnerxavier/ros2_ws/install/frhal_msgs/include/frhal_msgs/frhal_msgs/msg/detail/fr_state__type_support.c
[1.269s] -- Up-to-date: /home/wagnerxavier/ros2_ws/install/frhal_msgs/include/frhal_msgs/frhal_msgs/msg/rosidl_typesupport_introspection_c__visibility_control.h
[1.269s] -- Up-to-date: /home/wagnerxavier/ros2_ws/install/frhal_msgs/include/frhal_msgs/frhal_msgs/srv
[1.270s] -- Up-to-date: /home/wagnerxavier/ros2_ws/install/frhal_msgs/include/frhal_msgs/frhal_msgs/srv/detail
[1.270s] -- Up-to-date: /home/wagnerxavier/ros2_ws/install/frhal_msgs/include/frhal_msgs/frhal_msgs/srv/detail/ros_cmd_interface__type_support.c
[1.270s] -- Up-to-date: /home/wagnerxavier/ros2_ws/install/frhal_msgs/include/frhal_msgs/frhal_msgs/srv/detail/ros_cmd_interface__rosidl_typesupport_introspection_c.h
[1.270s] -- Up-to-date: /home/wagnerxavier/ros2_ws/install/frhal_msgs/lib/libfrhal_msgs__rosidl_typesupport_introspection_c.so
[1.271s] -- Up-to-date: /home/wagnerxavier/ros2_ws/install/frhal_msgs/lib/libfrhal_msgs__rosidl_typesupport_c.so
[1.271s] -- Up-to-date: /home/wagnerxavier/ros2_ws/install/frhal_msgs/include/frhal_msgs/frhal_msgs
[1.271s] -- Up-to-date: /home/wagnerxavier/ros2_ws/install/frhal_msgs/include/frhal_msgs/frhal_msgs/msg
[1.272s] -- Up-to-date: /home/wagnerxavier/ros2_ws/install/frhal_msgs/include/frhal_msgs/frhal_msgs/msg/fr_state.hpp
[1.272s] -- Up-to-date: /home/wagnerxavier/ros2_ws/install/frhal_msgs/include/frhal_msgs/frhal_msgs/msg/detail
[1.272s] -- Up-to-date: /home/wagnerxavier/ros2_ws/install/frhal_msgs/include/frhal_msgs/frhal_msgs/msg/detail/fr_state__traits.hpp
[1.272s] -- Up-to-date: /home/wagnerxavier/ros2_ws/install/frhal_msgs/include/frhal_msgs/frhal_msgs/msg/detail/fr_state__struct.hpp
[1.272s] -- Up-to-date: /home/wagnerxavier/ros2_ws/install/frhal_msgs/include/frhal_msgs/frhal_msgs/msg/detail/fr_state__builder.hpp
[1.273s] -- Up-to-date: /home/wagnerxavier/ros2_ws/install/frhal_msgs/include/frhal_msgs/frhal_msgs/srv
[1.273s] -- Up-to-date: /home/wagnerxavier/ros2_ws/install/frhal_msgs/include/frhal_msgs/frhal_msgs/srv/ros_cmd_interface.hpp
[1.273s] -- Up-to-date: /home/wagnerxavier/ros2_ws/install/frhal_msgs/include/frhal_msgs/frhal_msgs/srv/detail
[1.273s] -- Up-to-date: /home/wagnerxavier/ros2_ws/install/frhal_msgs/include/frhal_msgs/frhal_msgs/srv/detail/ros_cmd_interface__builder.hpp
[1.273s] -- Up-to-date: /home/wagnerxavier/ros2_ws/install/frhal_msgs/include/frhal_msgs/frhal_msgs/srv/detail/ros_cmd_interface__struct.hpp
[1.274s] -- Up-to-date: /home/wagnerxavier/ros2_ws/install/frhal_msgs/include/frhal_msgs/frhal_msgs/srv/detail/ros_cmd_interface__traits.hpp
[1.275s] -- Up-to-date: /home/wagnerxavier/ros2_ws/install/frhal_msgs/include/frhal_msgs/frhal_msgs
[1.275s] -- Up-to-date: /home/wagnerxavier/ros2_ws/install/frhal_msgs/include/frhal_msgs/frhal_msgs/msg
[1.275s] -- Up-to-date: /home/wagnerxavier/ros2_ws/install/frhal_msgs/include/frhal_msgs/frhal_msgs/msg/rosidl_typesupport_fastrtps_cpp__visibility_control.h
[1.276s] -- Up-to-date: /home/wagnerxavier/ros2_ws/install/frhal_msgs/include/frhal_msgs/frhal_msgs/msg/detail
[1.276s] -- Up-to-date: /home/wagnerxavier/ros2_ws/install/frhal_msgs/include/frhal_msgs/frhal_msgs/msg/detail/dds_fastrtps
[1.276s] -- Up-to-date: /home/wagnerxavier/ros2_ws/install/frhal_msgs/include/frhal_msgs/frhal_msgs/msg/detail/fr_state__rosidl_typesupport_fastrtps_cpp.hpp
[1.276s] -- Up-to-date: /home/wagnerxavier/ros2_ws/install/frhal_msgs/include/frhal_msgs/frhal_msgs/srv
[1.276s] -- Up-to-date: /home/wagnerxavier/ros2_ws/install/frhal_msgs/include/frhal_msgs/frhal_msgs/srv/detail
[1.277s] -- Up-to-date: /home/wagnerxavier/ros2_ws/install/frhal_msgs/include/frhal_msgs/frhal_msgs/srv/detail/ros_cmd_interface__rosidl_typesupport_fastrtps_cpp.hpp
[1.277s] -- Up-to-date: /home/wagnerxavier/ros2_ws/install/frhal_msgs/include/frhal_msgs/frhal_msgs/srv/detail/dds_fastrtps
[1.277s] -- Up-to-date: /home/wagnerxavier/ros2_ws/install/frhal_msgs/lib/libfrhal_msgs__rosidl_typesupport_fastrtps_cpp.so
[1.277s] -- Up-to-date: /home/wagnerxavier/ros2_ws/install/frhal_msgs/include/frhal_msgs/frhal_msgs
[1.277s] -- Up-to-date: /home/wagnerxavier/ros2_ws/install/frhal_msgs/include/frhal_msgs/frhal_msgs/msg
[1.277s] -- Up-to-date: /home/wagnerxavier/ros2_ws/install/frhal_msgs/include/frhal_msgs/frhal_msgs/msg/detail
[1.277s] -- Up-to-date: /home/wagnerxavier/ros2_ws/install/frhal_msgs/include/frhal_msgs/frhal_msgs/msg/detail/fr_state__rosidl_typesupport_introspection_cpp.hpp
[1.278s] -- Up-to-date: /home/wagnerxavier/ros2_ws/install/frhal_msgs/include/frhal_msgs/frhal_msgs/msg/detail/fr_state__type_support.cpp
[1.278s] -- Up-to-date: /home/wagnerxavier/ros2_ws/install/frhal_msgs/include/frhal_msgs/frhal_msgs/srv
[1.278s] -- Up-to-date: /home/wagnerxavier/ros2_ws/install/frhal_msgs/include/frhal_msgs/frhal_msgs/srv/detail
[1.278s] -- Up-to-date: /home/wagnerxavier/ros2_ws/install/frhal_msgs/include/frhal_msgs/frhal_msgs/srv/detail/ros_cmd_interface__type_support.cpp
[1.278s] -- Up-to-date: /home/wagnerxavier/ros2_ws/install/frhal_msgs/include/frhal_msgs/frhal_msgs/srv/detail/ros_cmd_interface__rosidl_typesupport_introspection_cpp.hpp
[1.279s] -- Up-to-date: /home/wagnerxavier/ros2_ws/install/frhal_msgs/lib/libfrhal_msgs__rosidl_typesupport_introspection_cpp.so
[1.279s] -- Up-to-date: /home/wagnerxavier/ros2_ws/install/frhal_msgs/lib/libfrhal_msgs__rosidl_typesupport_cpp.so
[1.279s] -- Up-to-date: /home/wagnerxavier/ros2_ws/install/frhal_msgs/share/frhal_msgs/environment/pythonpath.sh
[1.280s] -- Up-to-date: /home/wagnerxavier/ros2_ws/install/frhal_msgs/share/frhal_msgs/environment/pythonpath.dsv
[1.280s] -- Up-to-date: /home/wagnerxavier/ros2_ws/install/frhal_msgs/local/lib/python3.10/dist-packages/frhal_msgs-0.0.0-py3.10.egg-info
[1.281s] -- Installing: /home/wagnerxavier/ros2_ws/install/frhal_msgs/local/lib/python3.10/dist-packages/frhal_msgs-0.0.0-py3.10.egg-info/top_level.txt
[1.281s] -- Installing: /home/wagnerxavier/ros2_ws/install/frhal_msgs/local/lib/python3.10/dist-packages/frhal_msgs-0.0.0-py3.10.egg-info/SOURCES.txt
[1.281s] -- Installing: /home/wagnerxavier/ros2_ws/install/frhal_msgs/local/lib/python3.10/dist-packages/frhal_msgs-0.0.0-py3.10.egg-info/dependency_links.txt
[1.281s] -- Installing: /home/wagnerxavier/ros2_ws/install/frhal_msgs/local/lib/python3.10/dist-packages/frhal_msgs-0.0.0-py3.10.egg-info/PKG-INFO
[1.281s] -- Up-to-date: /home/wagnerxavier/ros2_ws/install/frhal_msgs/local/lib/python3.10/dist-packages/frhal_msgs
[1.281s] -- Up-to-date: /home/wagnerxavier/ros2_ws/install/frhal_msgs/local/lib/python3.10/dist-packages/frhal_msgs/frhal_msgs_s__rosidl_typesupport_c.cpython-310-x86_64-linux-gnu.so
[1.281s] -- Up-to-date: /home/wagnerxavier/ros2_ws/install/frhal_msgs/local/lib/python3.10/dist-packages/frhal_msgs/msg
[1.281s] -- Up-to-date: /home/wagnerxavier/ros2_ws/install/frhal_msgs/local/lib/python3.10/dist-packages/frhal_msgs/msg/_fr_state_s.c
[1.281s] -- Up-to-date: /home/wagnerxavier/ros2_ws/install/frhal_msgs/local/lib/python3.10/dist-packages/frhal_msgs/msg/__init__.py
[1.281s] -- Up-to-date: /home/wagnerxavier/ros2_ws/install/frhal_msgs/local/lib/python3.10/dist-packages/frhal_msgs/msg/_fr_state.py
[1.281s] -- Up-to-date: /home/wagnerxavier/ros2_ws/install/frhal_msgs/local/lib/python3.10/dist-packages/frhal_msgs/libfrhal_msgs__rosidl_generator_py.so
[1.282s] -- Up-to-date: /home/wagnerxavier/ros2_ws/install/frhal_msgs/local/lib/python3.10/dist-packages/frhal_msgs/__init__.py
[1.282s] -- Up-to-date: /home/wagnerxavier/ros2_ws/install/frhal_msgs/local/lib/python3.10/dist-packages/frhal_msgs/frhal_msgs_s__rosidl_typesupport_fastrtps_c.cpython-310-x86_64-linux-gnu.so
[1.282s] -- Up-to-date: /home/wagnerxavier/ros2_ws/install/frhal_msgs/local/lib/python3.10/dist-packages/frhal_msgs/srv
[1.282s] -- Up-to-date: /home/wagnerxavier/ros2_ws/install/frhal_msgs/local/lib/python3.10/dist-packages/frhal_msgs/srv/__init__.py
[1.282s] -- Up-to-date: /home/wagnerxavier/ros2_ws/install/frhal_msgs/local/lib/python3.10/dist-packages/frhal_msgs/srv/_ros_cmd_interface_s.c
[1.283s] -- Up-to-date: /home/wagnerxavier/ros2_ws/install/frhal_msgs/local/lib/python3.10/dist-packages/frhal_msgs/srv/_ros_cmd_interface.py
[1.283s] -- Up-to-date: /home/wagnerxavier/ros2_ws/install/frhal_msgs/local/lib/python3.10/dist-packages/frhal_msgs/_frhal_msgs_s.ep.rosidl_typesupport_c.c
[1.283s] -- Up-to-date: /home/wagnerxavier/ros2_ws/install/frhal_msgs/local/lib/python3.10/dist-packages/frhal_msgs/_frhal_msgs_s.ep.rosidl_typesupport_introspection_c.c
[1.283s] -- Up-to-date: /home/wagnerxavier/ros2_ws/install/frhal_msgs/local/lib/python3.10/dist-packages/frhal_msgs/frhal_msgs_s__rosidl_typesupport_introspection_c.cpython-310-x86_64-linux-gnu.so
[1.283s] -- Up-to-date: /home/wagnerxavier/ros2_ws/install/frhal_msgs/local/lib/python3.10/dist-packages/frhal_msgs/_frhal_msgs_s.ep.rosidl_typesupport_fastrtps_c.c
[1.351s] Listing '/home/wagnerxavier/ros2_ws/install/frhal_msgs/local/lib/python3.10/dist-packages/frhal_msgs'...
[1.352s] Listing '/home/wagnerxavier/ros2_ws/install/frhal_msgs/local/lib/python3.10/dist-packages/frhal_msgs/msg'...
[1.352s] Listing '/home/wagnerxavier/ros2_ws/install/frhal_msgs/local/lib/python3.10/dist-packages/frhal_msgs/srv'...
[1.358s] -- Up-to-date: /home/wagnerxavier/ros2_ws/install/frhal_msgs/local/lib/python3.10/dist-packages/frhal_msgs/frhal_msgs_s__rosidl_typesupport_fastrtps_c.cpython-310-x86_64-linux-gnu.so
[1.358s] -- Up-to-date: /home/wagnerxavier/ros2_ws/install/frhal_msgs/local/lib/python3.10/dist-packages/frhal_msgs/frhal_msgs_s__rosidl_typesupport_introspection_c.cpython-310-x86_64-linux-gnu.so
[1.358s] -- Up-to-date: /home/wagnerxavier/ros2_ws/install/frhal_msgs/local/lib/python3.10/dist-packages/frhal_msgs/frhal_msgs_s__rosidl_typesupport_c.cpython-310-x86_64-linux-gnu.so
[1.359s] -- Up-to-date: /home/wagnerxavier/ros2_ws/install/frhal_msgs/lib/libfrhal_msgs__rosidl_generator_py.so
[1.359s] -- Up-to-date: /home/wagnerxavier/ros2_ws/install/frhal_msgs/share/frhal_msgs/srv/ROSCmdInterface.idl
[1.360s] -- Up-to-date: /home/wagnerxavier/ros2_ws/install/frhal_msgs/share/frhal_msgs/msg/FRState.idl
[1.360s] -- Up-to-date: /home/wagnerxavier/ros2_ws/install/frhal_msgs/share/frhal_msgs/srv/ROSCmdInterface.srv
[1.361s] -- Up-to-date: /home/wagnerxavier/ros2_ws/install/frhal_msgs/share/frhal_msgs/srv/ROSCmdInterface_Request.msg
[1.361s] -- Up-to-date: /home/wagnerxavier/ros2_ws/install/frhal_msgs/share/frhal_msgs/srv/ROSCmdInterface_Response.msg
[1.361s] -- Up-to-date: /home/wagnerxavier/ros2_ws/install/frhal_msgs/share/frhal_msgs/msg/FRState.msg
[1.361s] -- Up-to-date: /home/wagnerxavier/ros2_ws/install/frhal_msgs/share/ament_index/resource_index/package_run_dependencies/frhal_msgs
[1.361s] -- Up-to-date: /home/wagnerxavier/ros2_ws/install/frhal_msgs/share/ament_index/resource_index/parent_prefix_path/frhal_msgs
[1.361s] -- Up-to-date: /home/wagnerxavier/ros2_ws/install/frhal_msgs/share/frhal_msgs/environment/ament_prefix_path.sh
[1.362s] -- Up-to-date: /home/wagnerxavier/ros2_ws/install/frhal_msgs/share/frhal_msgs/environment/ament_prefix_path.dsv
[1.362s] -- Up-to-date: /home/wagnerxavier/ros2_ws/install/frhal_msgs/share/frhal_msgs/environment/path.sh
[1.362s] -- Up-to-date: /home/wagnerxavier/ros2_ws/install/frhal_msgs/share/frhal_msgs/environment/path.dsv
[1.362s] -- Up-to-date: /home/wagnerxavier/ros2_ws/install/frhal_msgs/share/frhal_msgs/local_setup.bash
[1.362s] -- Up-to-date: /home/wagnerxavier/ros2_ws/install/frhal_msgs/share/frhal_msgs/local_setup.sh
[1.362s] -- Up-to-date: /home/wagnerxavier/ros2_ws/install/frhal_msgs/share/frhal_msgs/local_setup.zsh
[1.362s] -- Up-to-date: /home/wagnerxavier/ros2_ws/install/frhal_msgs/share/frhal_msgs/local_setup.dsv
[1.362s] -- Installing: /home/wagnerxavier/ros2_ws/install/frhal_msgs/share/frhal_msgs/package.dsv
[1.364s] -- Up-to-date: /home/wagnerxavier/ros2_ws/install/frhal_msgs/share/ament_index/resource_index/packages/frhal_msgs
[1.364s] -- Up-to-date: /home/wagnerxavier/ros2_ws/install/frhal_msgs/share/frhal_msgs/cmake/export_frhal_msgs__rosidl_generator_cExport.cmake
[1.364s] -- Up-to-date: /home/wagnerxavier/ros2_ws/install/frhal_msgs/share/frhal_msgs/cmake/export_frhal_msgs__rosidl_generator_cExport-noconfig.cmake
[1.364s] -- Up-to-date: /home/wagnerxavier/ros2_ws/install/frhal_msgs/share/frhal_msgs/cmake/export_frhal_msgs__rosidl_typesupport_fastrtps_cExport.cmake
[1.364s] -- Up-to-date: /home/wagnerxavier/ros2_ws/install/frhal_msgs/share/frhal_msgs/cmake/export_frhal_msgs__rosidl_typesupport_fastrtps_cExport-noconfig.cmake
[1.364s] -- Up-to-date: /home/wagnerxavier/ros2_ws/install/frhal_msgs/share/frhal_msgs/cmake/frhal_msgs__rosidl_typesupport_introspection_cExport.cmake
[1.365s] -- Up-to-date: /home/wagnerxavier/ros2_ws/install/frhal_msgs/share/frhal_msgs/cmake/frhal_msgs__rosidl_typesupport_introspection_cExport-noconfig.cmake
[1.365s] -- Up-to-date: /home/wagnerxavier/ros2_ws/install/frhal_msgs/share/frhal_msgs/cmake/frhal_msgs__rosidl_typesupport_cExport.cmake
[1.365s] -- Up-to-date: /home/wagnerxavier/ros2_ws/install/frhal_msgs/share/frhal_msgs/cmake/frhal_msgs__rosidl_typesupport_cExport-noconfig.cmake
[1.365s] -- Up-to-date: /home/wagnerxavier/ros2_ws/install/frhal_msgs/share/frhal_msgs/cmake/export_frhal_msgs__rosidl_generator_cppExport.cmake
[1.366s] -- Up-to-date: /home/wagnerxavier/ros2_ws/install/frhal_msgs/share/frhal_msgs/cmake/export_frhal_msgs__rosidl_typesupport_fastrtps_cppExport.cmake
[1.366s] -- Up-to-date: /home/wagnerxavier/ros2_ws/install/frhal_msgs/share/frhal_msgs/cmake/export_frhal_msgs__rosidl_typesupport_fastrtps_cppExport-noconfig.cmake
[1.366s] -- Up-to-date: /home/wagnerxavier/ros2_ws/install/frhal_msgs/share/frhal_msgs/cmake/frhal_msgs__rosidl_typesupport_introspection_cppExport.cmake
[1.366s] -- Up-to-date: /home/wagnerxavier/ros2_ws/install/frhal_msgs/share/frhal_msgs/cmake/frhal_msgs__rosidl_typesupport_introspection_cppExport-noconfig.cmake
[1.366s] -- Up-to-date: /home/wagnerxavier/ros2_ws/install/frhal_msgs/share/frhal_msgs/cmake/frhal_msgs__rosidl_typesupport_cppExport.cmake
[1.366s] -- Up-to-date: /home/wagnerxavier/ros2_ws/install/frhal_msgs/share/frhal_msgs/cmake/frhal_msgs__rosidl_typesupport_cppExport-noconfig.cmake
[1.366s] -- Up-to-date: /home/wagnerxavier/ros2_ws/install/frhal_msgs/share/frhal_msgs/cmake/export_frhal_msgs__rosidl_generator_pyExport.cmake
[1.366s] -- Up-to-date: /home/wagnerxavier/ros2_ws/install/frhal_msgs/share/frhal_msgs/cmake/export_frhal_msgs__rosidl_generator_pyExport-noconfig.cmake
[1.366s] -- Up-to-date: /home/wagnerxavier/ros2_ws/install/frhal_msgs/share/frhal_msgs/cmake/rosidl_cmake-extras.cmake
[1.366s] -- Up-to-date: /home/wagnerxavier/ros2_ws/install/frhal_msgs/share/frhal_msgs/cmake/ament_cmake_export_include_directories-extras.cmake
[1.367s] -- Up-to-date: /home/wagnerxavier/ros2_ws/install/frhal_msgs/share/frhal_msgs/cmake/ament_cmake_export_libraries-extras.cmake
[1.367s] -- Up-to-date: /home/wagnerxavier/ros2_ws/install/frhal_msgs/share/frhal_msgs/cmake/ament_cmake_export_targets-extras.cmake
[1.367s] -- Up-to-date: /home/wagnerxavier/ros2_ws/install/frhal_msgs/share/frhal_msgs/cmake/rosidl_cmake_export_typesupport_targets-extras.cmake
[1.367s] -- Up-to-date: /home/wagnerxavier/ros2_ws/install/frhal_msgs/share/frhal_msgs/cmake/ament_cmake_export_dependencies-extras.cmake
[1.369s] -- Up-to-date: /home/wagnerxavier/ros2_ws/install/frhal_msgs/share/frhal_msgs/cmake/rosidl_cmake_export_typesupport_libraries-extras.cmake
[1.369s] -- Up-to-date: /home/wagnerxavier/ros2_ws/install/frhal_msgs/share/frhal_msgs/cmake/frhal_msgsConfig.cmake
[1.369s] -- Up-to-date: /home/wagnerxavier/ros2_ws/install/frhal_msgs/share/frhal_msgs/cmake/frhal_msgsConfig-version.cmake
[1.369s] -- Up-to-date: /home/wagnerxavier/ros2_ws/install/frhal_msgs/share/frhal_msgs/package.xml
[1.370s] Invoked command in '/home/wagnerxavier/ros2_ws/build/frhal_msgs' returned '0': CMAKE_PREFIX_PATH=${CMAKE_PREFIX_PATH}:/opt/ros/humble /usr/bin/cmake --install /home/wagnerxavier/ros2_ws/build/frhal_msgs
