[35m[1mConsolidate compiler generated dependencies of target ros2_cmd_server[0m
[35m[1mConsolidate compiler generated dependencies of target srv_test_client[0m
[ 37%] Built target srv_test_client
[100%] Built target ros2_cmd_server
-- Install configuration: ""
-- Up-to-date: /home/wagnerxavier/ros2_ws/install/fr_ros2/lib/fr_ros2/ros2_cmd_server
-- Up-to-date: /home/wagnerxavier/ros2_ws/install/fr_ros2/lib/fr_ros2/srv_test_client
-- Up-to-date: /home/wagnerxavier/ros2_ws/install/fr_ros2/share/ament_index/resource_index/package_run_dependencies/fr_ros2
-- Up-to-date: /home/wagnerxavier/ros2_ws/install/fr_ros2/share/ament_index/resource_index/parent_prefix_path/fr_ros2
-- Up-to-date: /home/wagnerxavier/ros2_ws/install/fr_ros2/share/fr_ros2/environment/ament_prefix_path.sh
-- Up-to-date: /home/wagnerxavier/ros2_ws/install/fr_ros2/share/fr_ros2/environment/ament_prefix_path.dsv
-- Up-to-date: /home/wagnerxavier/ros2_ws/install/fr_ros2/share/fr_ros2/environment/path.sh
-- Up-to-date: /home/wagnerxavier/ros2_ws/install/fr_ros2/share/fr_ros2/environment/path.dsv
-- Up-to-date: /home/wagnerxavier/ros2_ws/install/fr_ros2/share/fr_ros2/local_setup.bash
-- Up-to-date: /home/wagnerxavier/ros2_ws/install/fr_ros2/share/fr_ros2/local_setup.sh
-- Up-to-date: /home/wagnerxavier/ros2_ws/install/fr_ros2/share/fr_ros2/local_setup.zsh
-- Up-to-date: /home/wagnerxavier/ros2_ws/install/fr_ros2/share/fr_ros2/local_setup.dsv
-- Installing: /home/wagnerxavier/ros2_ws/install/fr_ros2/share/fr_ros2/package.dsv
-- Up-to-date: /home/wagnerxavier/ros2_ws/install/fr_ros2/share/ament_index/resource_index/packages/fr_ros2
-- Up-to-date: /home/wagnerxavier/ros2_ws/install/fr_ros2/share/fr_ros2/cmake/fr_ros2Config.cmake
-- Up-to-date: /home/wagnerxavier/ros2_ws/install/fr_ros2/share/fr_ros2/cmake/fr_ros2Config-version.cmake
-- Up-to-date: /home/wagnerxavier/ros2_ws/install/fr_ros2/share/fr_ros2/package.xml
