[0.083s] Invoking command in '/home/wagnerxavier/ros2_ws/build/fr_ros2': CMAKE_PREFIX_PATH=${CMAKE_PREFIX_PATH}:/opt/ros/humble /usr/bin/cmake --build /home/wagnerxavier/ros2_ws/build/fr_ros2 -- -j4 -l4
[0.163s] [35m[1mConsolidate compiler generated dependencies of target ros2_cmd_server[0m
[0.168s] [35m[1mConsolidate compiler generated dependencies of target srv_test_client[0m
[0.205s] [ 37%] Built target srv_test_client
[0.207s] [100%] Built target ros2_cmd_server
[0.230s] Invoked command in '/home/wagnerxavier/ros2_ws/build/fr_ros2' returned '0': CMAKE_PREFIX_PATH=${CMAKE_PREFIX_PATH}:/opt/ros/humble /usr/bin/cmake --build /home/wagnerxavier/ros2_ws/build/fr_ros2 -- -j4 -l4
[0.413s] Invoking command in '/home/wagnerxavier/ros2_ws/build/fr_ros2': CMAKE_PREFIX_PATH=${CMAKE_PREFIX_PATH}:/opt/ros/humble /usr/bin/cmake --install /home/wagnerxavier/ros2_ws/build/fr_ros2
[0.428s] -- Install configuration: ""
[0.428s] -- Up-to-date: /home/wagnerxavier/ros2_ws/install/fr_ros2/lib/fr_ros2/ros2_cmd_server
[0.429s] -- Up-to-date: /home/wagnerxavier/ros2_ws/install/fr_ros2/lib/fr_ros2/srv_test_client
[0.429s] -- Up-to-date: /home/wagnerxavier/ros2_ws/install/fr_ros2/share/ament_index/resource_index/package_run_dependencies/fr_ros2
[0.429s] -- Up-to-date: /home/wagnerxavier/ros2_ws/install/fr_ros2/share/ament_index/resource_index/parent_prefix_path/fr_ros2
[0.429s] -- Up-to-date: /home/wagnerxavier/ros2_ws/install/fr_ros2/share/fr_ros2/environment/ament_prefix_path.sh
[0.429s] -- Up-to-date: /home/wagnerxavier/ros2_ws/install/fr_ros2/share/fr_ros2/environment/ament_prefix_path.dsv
[0.429s] -- Up-to-date: /home/wagnerxavier/ros2_ws/install/fr_ros2/share/fr_ros2/environment/path.sh
[0.429s] -- Up-to-date: /home/wagnerxavier/ros2_ws/install/fr_ros2/share/fr_ros2/environment/path.dsv
[0.429s] -- Up-to-date: /home/wagnerxavier/ros2_ws/install/fr_ros2/share/fr_ros2/local_setup.bash
[0.430s] -- Up-to-date: /home/wagnerxavier/ros2_ws/install/fr_ros2/share/fr_ros2/local_setup.sh
[0.430s] -- Up-to-date: /home/wagnerxavier/ros2_ws/install/fr_ros2/share/fr_ros2/local_setup.zsh
[0.430s] -- Up-to-date: /home/wagnerxavier/ros2_ws/install/fr_ros2/share/fr_ros2/local_setup.dsv
[0.430s] -- Installing: /home/wagnerxavier/ros2_ws/install/fr_ros2/share/fr_ros2/package.dsv
[0.430s] -- Up-to-date: /home/wagnerxavier/ros2_ws/install/fr_ros2/share/ament_index/resource_index/packages/fr_ros2
[0.430s] -- Up-to-date: /home/wagnerxavier/ros2_ws/install/fr_ros2/share/fr_ros2/cmake/fr_ros2Config.cmake
[0.430s] -- Up-to-date: /home/wagnerxavier/ros2_ws/install/fr_ros2/share/fr_ros2/cmake/fr_ros2Config-version.cmake
[0.430s] -- Up-to-date: /home/wagnerxavier/ros2_ws/install/fr_ros2/share/fr_ros2/package.xml
[0.434s] Invoked command in '/home/wagnerxavier/ros2_ws/build/fr_ros2' returned '0': CMAKE_PREFIX_PATH=${CMAKE_PREFIX_PATH}:/opt/ros/humble /usr/bin/cmake --install /home/wagnerxavier/ros2_ws/build/fr_ros2
