[0.012s] Invoking command in '/home/wagnerxavier/ros2_ws/build/frhal_msgs': CMAKE_PREFIX_PATH=/opt/ros/humble /usr/bin/cmake /home/wagnerxavier/ros2_ws/src/frcobot_ros2/frhal_msgs -DCMAKE_INSTALL_PREFIX=/home/wagnerxavier/ros2_ws/install/frhal_msgs
[0.694s] -- The C compiler identification is GNU 11.4.0
[1.052s] -- The CXX compiler identification is GNU 11.4.0
[1.115s] -- Detecting C compiler ABI info
[1.297s] -- Detecting C compiler ABI info - done
[1.309s] -- Check for working C compiler: /usr/bin/cc - skipped
[1.311s] -- Detecting C compile features
[1.312s] -- Detecting C compile features - done
[1.320s] -- Detecting CXX compiler ABI info
[1.505s] -- Detecting CXX compiler ABI info - done
[1.516s] -- Check for working CXX compiler: /usr/bin/c++ - skipped
[1.516s] -- Detecting CXX compile features
[1.517s] -- Detecting CXX compile features - done
[1.520s] -- Found ament_cmake: 1.3.9 (/opt/ros/humble/share/ament_cmake/cmake)
[1.777s] -- Found Python3: /usr/bin/python3 (found version "3.10.12") found components: Interpreter 
[1.908s] -- Found rosidl_default_generators: 1.2.0 (/opt/ros/humble/share/rosidl_default_generators/cmake)
[1.911s] -- Using all available rosidl_typesupport_c: rosidl_typesupport_fastrtps_c;rosidl_typesupport_introspection_c
[1.918s] -- Found rosidl_adapter: 3.1.5 (/opt/ros/humble/share/rosidl_adapter/cmake)
[1.972s] -- Using all available rosidl_typesupport_cpp: rosidl_typesupport_fastrtps_cpp;rosidl_typesupport_introspection_cpp
[2.416s] -- Found ament_cmake_ros: 0.10.0 (/opt/ros/humble/share/ament_cmake_ros/cmake)
[2.681s] -- Using all available rosidl_typesupport_c: rosidl_typesupport_fastrtps_c;rosidl_typesupport_introspection_c
[3.040s] -- Using all available rosidl_typesupport_cpp: rosidl_typesupport_fastrtps_cpp;rosidl_typesupport_introspection_cpp
[3.072s] -- Found PythonInterp: /usr/bin/python3 (found suitable version "3.10.12", minimum required is "3.6") 
[3.074s] -- Found python_cmake_module: 0.10.0 (/opt/ros/humble/share/python_cmake_module/cmake)
[3.111s] -- Found PythonLibs: /usr/lib/x86_64-linux-gnu/libpython3.10.so (found suitable version "3.10.12", minimum required is "3.5") 
[3.111s] -- Using PYTHON_EXECUTABLE: /usr/bin/python3
[3.111s] -- Using PYTHON_INCLUDE_DIRS: /usr/include/python3.10
[3.111s] -- Using PYTHON_LIBRARIES: /usr/lib/x86_64-linux-gnu/libpython3.10.so
[3.146s] -- Found PythonExtra: .so  
[3.189s] -- Found ament_lint_auto: 0.12.11 (/opt/ros/humble/share/ament_lint_auto/cmake)
[3.214s] -- Added test 'lint_cmake' to check CMake code style
[3.217s] -- Added test 'xmllint' to check XML markup files
[3.220s] -- Configuring done
[3.279s] -- Generating done
[3.283s] -- Build files have been written to: /home/wagnerxavier/ros2_ws/build/frhal_msgs
[3.290s] Invoked command in '/home/wagnerxavier/ros2_ws/build/frhal_msgs' returned '0': CMAKE_PREFIX_PATH=/opt/ros/humble /usr/bin/cmake /home/wagnerxavier/ros2_ws/src/frcobot_ros2/frhal_msgs -DCMAKE_INSTALL_PREFIX=/home/wagnerxavier/ros2_ws/install/frhal_msgs
[3.295s] Invoking command in '/home/wagnerxavier/ros2_ws/build/frhal_msgs': CMAKE_PREFIX_PATH=/opt/ros/humble /usr/bin/cmake --build /home/wagnerxavier/ros2_ws/build/frhal_msgs -- -j4 -l4
[3.392s] [  2%] [34m[1mGenerating C code for ROS interfaces[0m
[3.462s] [  5%] [34m[1mGenerating C++ code for ROS interfaces[0m
[3.462s] [  5%] Built target ament_cmake_python_copy_frhal_msgs
[3.881s] running egg_info
[3.882s] creating frhal_msgs.egg-info
[3.882s] writing frhal_msgs.egg-info/PKG-INFO
[3.883s] writing dependency_links to frhal_msgs.egg-info/dependency_links.txt
[3.883s] writing top-level names to frhal_msgs.egg-info/top_level.txt
[3.883s] writing manifest file 'frhal_msgs.egg-info/SOURCES.txt'
[3.886s] reading manifest file 'frhal_msgs.egg-info/SOURCES.txt'
[3.887s] writing manifest file 'frhal_msgs.egg-info/SOURCES.txt'
[3.935s] [  5%] Built target ament_cmake_python_build_frhal_msgs_egg
[4.194s] [  7%] [32mBuilding C object CMakeFiles/frhal_msgs__rosidl_generator_c.dir/rosidl_generator_c/frhal_msgs/srv/detail/ros_cmd_interface__functions.c.o[0m
[4.201s] [ 10%] [32mBuilding C object CMakeFiles/frhal_msgs__rosidl_generator_c.dir/rosidl_generator_c/frhal_msgs/msg/detail/fr_state__functions.c.o[0m
[4.222s] [ 10%] Built target frhal_msgs__cpp
[4.274s] [ 12%] [34m[1mGenerating C++ type support dispatch for ROS interfaces[0m
[4.299s] [ 15%] [34m[1mGenerating C++ type support for eProsima Fast-RTPS[0m
[4.439s] [ 17%] [34m[1mGenerating C++ introspection for ROS interfaces[0m
[4.457s] [ 20%] [32m[1mLinking C shared library libfrhal_msgs__rosidl_generator_c.so[0m
[4.934s] [ 23%] [32mBuilding CXX object CMakeFiles/frhal_msgs__rosidl_typesupport_cpp.dir/rosidl_typesupport_cpp/frhal_msgs/srv/ros_cmd_interface__type_support.cpp.o[0m
[4.936s] [ 23%] Built target frhal_msgs__rosidl_generator_c
[4.964s] [ 25%] [34m[1mGenerating C type support for eProsima Fast-RTPS[0m
[5.041s] [ 28%] [32mBuilding CXX object CMakeFiles/frhal_msgs__rosidl_typesupport_fastrtps_cpp.dir/rosidl_typesupport_fastrtps_cpp/frhal_msgs/srv/detail/dds_fastrtps/ros_cmd_interface__type_support.cpp.o[0m
[5.129s] [ 30%] [32mBuilding CXX object CMakeFiles/frhal_msgs__rosidl_typesupport_introspection_cpp.dir/rosidl_typesupport_introspection_cpp/frhal_msgs/srv/detail/ros_cmd_interface__type_support.cpp.o[0m
[5.796s] [ 33%] [32mBuilding CXX object CMakeFiles/frhal_msgs__rosidl_typesupport_cpp.dir/rosidl_typesupport_cpp/frhal_msgs/msg/fr_state__type_support.cpp.o[0m
[5.861s] [ 35%] [32mBuilding CXX object CMakeFiles/frhal_msgs__rosidl_typesupport_introspection_cpp.dir/rosidl_typesupport_introspection_cpp/frhal_msgs/msg/detail/fr_state__type_support.cpp.o[0m
[5.897s] [ 38%] [32mBuilding CXX object CMakeFiles/frhal_msgs__rosidl_typesupport_fastrtps_c.dir/rosidl_typesupport_fastrtps_c/frhal_msgs/srv/detail/ros_cmd_interface__type_support_c.cpp.o[0m
[5.927s] [ 41%] [32mBuilding CXX object CMakeFiles/frhal_msgs__rosidl_typesupport_fastrtps_cpp.dir/rosidl_typesupport_fastrtps_cpp/frhal_msgs/msg/detail/dds_fastrtps/fr_state__type_support.cpp.o[0m
[6.228s] [ 43%] [32m[1mLinking CXX shared library libfrhal_msgs__rosidl_typesupport_cpp.so[0m
[6.325s] [ 43%] Built target frhal_msgs__rosidl_typesupport_cpp
[6.360s] [ 46%] [34m[1mGenerating C introspection for ROS interfaces[0m
[6.583s] [ 48%] [32mBuilding CXX object CMakeFiles/frhal_msgs__rosidl_typesupport_fastrtps_c.dir/rosidl_typesupport_fastrtps_c/frhal_msgs/msg/detail/fr_state__type_support_c.cpp.o[0m
[6.599s] [ 51%] [32m[1mLinking CXX shared library libfrhal_msgs__rosidl_typesupport_introspection_cpp.so[0m
[6.721s] [ 53%] [32m[1mLinking CXX shared library libfrhal_msgs__rosidl_typesupport_fastrtps_cpp.so[0m
[6.813s] [ 53%] Built target frhal_msgs__rosidl_typesupport_introspection_cpp
[6.839s] [ 56%] [34m[1mGenerating C type support dispatch for ROS interfaces[0m
[6.954s] [ 56%] Built target frhal_msgs__rosidl_typesupport_fastrtps_cpp
[7.092s] [ 58%] [32mBuilding C object CMakeFiles/frhal_msgs__rosidl_typesupport_introspection_c.dir/rosidl_typesupport_introspection_c/frhal_msgs/msg/detail/fr_state__type_support.c.o[0m
[7.099s] [ 61%] [32mBuilding C object CMakeFiles/frhal_msgs__rosidl_typesupport_introspection_c.dir/rosidl_typesupport_introspection_c/frhal_msgs/srv/detail/ros_cmd_interface__type_support.c.o[0m
[7.177s] [ 64%] [32m[1mLinking C shared library libfrhal_msgs__rosidl_typesupport_introspection_c.so[0m
[7.249s] [ 64%] Built target frhal_msgs__rosidl_typesupport_introspection_c
[7.260s] [ 66%] [32m[1mLinking CXX shared library libfrhal_msgs__rosidl_typesupport_fastrtps_c.so[0m
[7.404s] [ 66%] Built target frhal_msgs__rosidl_typesupport_fastrtps_c
[7.455s] [ 71%] [32mBuilding CXX object CMakeFiles/frhal_msgs__rosidl_typesupport_c.dir/rosidl_typesupport_c/frhal_msgs/msg/fr_state__type_support.cpp.o[0m
[7.455s] [ 71%] [32mBuilding CXX object CMakeFiles/frhal_msgs__rosidl_typesupport_c.dir/rosidl_typesupport_c/frhal_msgs/srv/ros_cmd_interface__type_support.cpp.o[0m
[7.524s] [ 74%] [32m[1mLinking CXX shared library libfrhal_msgs__rosidl_typesupport_c.so[0m
[7.612s] [ 74%] Built target frhal_msgs__rosidl_typesupport_c
[7.666s] [ 74%] Built target frhal_msgs
[7.716s] [ 76%] [34m[1mGenerating Python code for ROS interfaces[0m
[8.640s] [ 76%] Built target frhal_msgs__py
[8.689s] [ 79%] [32mBuilding C object CMakeFiles/frhal_msgs__rosidl_generator_py.dir/rosidl_generator_py/frhal_msgs/srv/_ros_cmd_interface_s.c.o[0m
[8.696s] [ 82%] [32mBuilding C object CMakeFiles/frhal_msgs__rosidl_generator_py.dir/rosidl_generator_py/frhal_msgs/msg/_fr_state_s.c.o[0m
[9.084s] [ 84%] [32m[1mLinking C shared library rosidl_generator_py/frhal_msgs/libfrhal_msgs__rosidl_generator_py.so[0m
[9.157s] [ 84%] Built target frhal_msgs__rosidl_generator_py
[9.208s] [ 87%] [32mBuilding C object CMakeFiles/frhal_msgs__rosidl_typesupport_fastrtps_c__pyext.dir/rosidl_generator_py/frhal_msgs/_frhal_msgs_s.ep.rosidl_typesupport_fastrtps_c.c.o[0m
[9.213s] [ 89%] [32mBuilding C object CMakeFiles/frhal_msgs__rosidl_typesupport_introspection_c__pyext.dir/rosidl_generator_py/frhal_msgs/_frhal_msgs_s.ep.rosidl_typesupport_introspection_c.c.o[0m
[9.217s] [ 92%] [32mBuilding C object CMakeFiles/frhal_msgs__rosidl_typesupport_c__pyext.dir/rosidl_generator_py/frhal_msgs/_frhal_msgs_s.ep.rosidl_typesupport_c.c.o[0m
[9.411s] [ 94%] [32m[1mLinking C shared library rosidl_generator_py/frhal_msgs/frhal_msgs_s__rosidl_typesupport_c.cpython-310-x86_64-linux-gnu.so[0m
[9.472s] [ 97%] [32m[1mLinking C shared library rosidl_generator_py/frhal_msgs/frhal_msgs_s__rosidl_typesupport_fastrtps_c.cpython-310-x86_64-linux-gnu.so[0m
[9.497s] [100%] [32m[1mLinking C shared library rosidl_generator_py/frhal_msgs/frhal_msgs_s__rosidl_typesupport_introspection_c.cpython-310-x86_64-linux-gnu.so[0m
[9.519s] [100%] Built target frhal_msgs__rosidl_typesupport_c__pyext
[9.560s] [100%] Built target frhal_msgs__rosidl_typesupport_fastrtps_c__pyext
[9.581s] [100%] Built target frhal_msgs__rosidl_typesupport_introspection_c__pyext
[9.632s] Invoked command in '/home/wagnerxavier/ros2_ws/build/frhal_msgs' returned '0': CMAKE_PREFIX_PATH=/opt/ros/humble /usr/bin/cmake --build /home/wagnerxavier/ros2_ws/build/frhal_msgs -- -j4 -l4
[10.046s] Invoking command in '/home/wagnerxavier/ros2_ws/build/frhal_msgs': CMAKE_PREFIX_PATH=/opt/ros/humble /usr/bin/cmake --install /home/wagnerxavier/ros2_ws/build/frhal_msgs
[10.060s] -- Install configuration: ""
[10.061s] -- Installing: /home/wagnerxavier/ros2_ws/install/frhal_msgs/share/ament_index/resource_index/rosidl_interfaces/frhal_msgs
[10.061s] -- Installing: /home/wagnerxavier/ros2_ws/install/frhal_msgs/include/frhal_msgs/frhal_msgs
[10.062s] -- Installing: /home/wagnerxavier/ros2_ws/install/frhal_msgs/include/frhal_msgs/frhal_msgs/msg
[10.062s] -- Installing: /home/wagnerxavier/ros2_ws/install/frhal_msgs/include/frhal_msgs/frhal_msgs/msg/rosidl_generator_c__visibility_control.h
[10.062s] -- Installing: /home/wagnerxavier/ros2_ws/install/frhal_msgs/include/frhal_msgs/frhal_msgs/msg/fr_state.h
[10.062s] -- Installing: /home/wagnerxavier/ros2_ws/install/frhal_msgs/include/frhal_msgs/frhal_msgs/msg/detail
[10.062s] -- Installing: /home/wagnerxavier/ros2_ws/install/frhal_msgs/include/frhal_msgs/frhal_msgs/msg/detail/fr_state__type_support.h
[10.062s] -- Installing: /home/wagnerxavier/ros2_ws/install/frhal_msgs/include/frhal_msgs/frhal_msgs/msg/detail/fr_state__functions.h
[10.063s] -- Installing: /home/wagnerxavier/ros2_ws/install/frhal_msgs/include/frhal_msgs/frhal_msgs/msg/detail/fr_state__struct.h
[10.063s] -- Installing: /home/wagnerxavier/ros2_ws/install/frhal_msgs/include/frhal_msgs/frhal_msgs/msg/detail/fr_state__functions.c
[10.063s] -- Installing: /home/wagnerxavier/ros2_ws/install/frhal_msgs/include/frhal_msgs/frhal_msgs/srv
[10.063s] -- Installing: /home/wagnerxavier/ros2_ws/install/frhal_msgs/include/frhal_msgs/frhal_msgs/srv/ros_cmd_interface.h
[10.063s] -- Installing: /home/wagnerxavier/ros2_ws/install/frhal_msgs/include/frhal_msgs/frhal_msgs/srv/detail
[10.063s] -- Installing: /home/wagnerxavier/ros2_ws/install/frhal_msgs/include/frhal_msgs/frhal_msgs/srv/detail/ros_cmd_interface__functions.c
[10.063s] -- Installing: /home/wagnerxavier/ros2_ws/install/frhal_msgs/include/frhal_msgs/frhal_msgs/srv/detail/ros_cmd_interface__struct.h
[10.064s] -- Installing: /home/wagnerxavier/ros2_ws/install/frhal_msgs/include/frhal_msgs/frhal_msgs/srv/detail/ros_cmd_interface__functions.h
[10.064s] -- Installing: /home/wagnerxavier/ros2_ws/install/frhal_msgs/include/frhal_msgs/frhal_msgs/srv/detail/ros_cmd_interface__type_support.h
[10.064s] -- Installing: /home/wagnerxavier/ros2_ws/install/frhal_msgs/share/frhal_msgs/environment/library_path.sh
[10.064s] -- Installing: /home/wagnerxavier/ros2_ws/install/frhal_msgs/share/frhal_msgs/environment/library_path.dsv
[10.064s] -- Installing: /home/wagnerxavier/ros2_ws/install/frhal_msgs/lib/libfrhal_msgs__rosidl_generator_c.so
[10.064s] -- Set runtime path of "/home/wagnerxavier/ros2_ws/install/frhal_msgs/lib/libfrhal_msgs__rosidl_generator_c.so" to ""
[10.064s] -- Up-to-date: /home/wagnerxavier/ros2_ws/install/frhal_msgs/include/frhal_msgs/frhal_msgs
[10.064s] -- Up-to-date: /home/wagnerxavier/ros2_ws/install/frhal_msgs/include/frhal_msgs/frhal_msgs/msg
[10.065s] -- Installing: /home/wagnerxavier/ros2_ws/install/frhal_msgs/include/frhal_msgs/frhal_msgs/msg/rosidl_typesupport_fastrtps_c__visibility_control.h
[10.065s] -- Up-to-date: /home/wagnerxavier/ros2_ws/install/frhal_msgs/include/frhal_msgs/frhal_msgs/msg/detail
[10.065s] -- Installing: /home/wagnerxavier/ros2_ws/install/frhal_msgs/include/frhal_msgs/frhal_msgs/msg/detail/fr_state__rosidl_typesupport_fastrtps_c.h
[10.065s] -- Up-to-date: /home/wagnerxavier/ros2_ws/install/frhal_msgs/include/frhal_msgs/frhal_msgs/srv
[10.065s] -- Up-to-date: /home/wagnerxavier/ros2_ws/install/frhal_msgs/include/frhal_msgs/frhal_msgs/srv/detail
[10.065s] -- Installing: /home/wagnerxavier/ros2_ws/install/frhal_msgs/include/frhal_msgs/frhal_msgs/srv/detail/ros_cmd_interface__rosidl_typesupport_fastrtps_c.h
[10.065s] -- Installing: /home/wagnerxavier/ros2_ws/install/frhal_msgs/lib/libfrhal_msgs__rosidl_typesupport_fastrtps_c.so
[10.066s] -- Set runtime path of "/home/wagnerxavier/ros2_ws/install/frhal_msgs/lib/libfrhal_msgs__rosidl_typesupport_fastrtps_c.so" to ""
[10.066s] -- Up-to-date: /home/wagnerxavier/ros2_ws/install/frhal_msgs/include/frhal_msgs/frhal_msgs
[10.066s] -- Up-to-date: /home/wagnerxavier/ros2_ws/install/frhal_msgs/include/frhal_msgs/frhal_msgs/msg
[10.066s] -- Up-to-date: /home/wagnerxavier/ros2_ws/install/frhal_msgs/include/frhal_msgs/frhal_msgs/msg/detail
[10.066s] -- Installing: /home/wagnerxavier/ros2_ws/install/frhal_msgs/include/frhal_msgs/frhal_msgs/msg/detail/fr_state__rosidl_typesupport_introspection_c.h
[10.067s] -- Installing: /home/wagnerxavier/ros2_ws/install/frhal_msgs/include/frhal_msgs/frhal_msgs/msg/detail/fr_state__type_support.c
[10.067s] -- Installing: /home/wagnerxavier/ros2_ws/install/frhal_msgs/include/frhal_msgs/frhal_msgs/msg/rosidl_typesupport_introspection_c__visibility_control.h
[10.067s] -- Up-to-date: /home/wagnerxavier/ros2_ws/install/frhal_msgs/include/frhal_msgs/frhal_msgs/srv
[10.068s] -- Up-to-date: /home/wagnerxavier/ros2_ws/install/frhal_msgs/include/frhal_msgs/frhal_msgs/srv/detail
[10.068s] -- Installing: /home/wagnerxavier/ros2_ws/install/frhal_msgs/include/frhal_msgs/frhal_msgs/srv/detail/ros_cmd_interface__type_support.c
[10.068s] -- Installing: /home/wagnerxavier/ros2_ws/install/frhal_msgs/include/frhal_msgs/frhal_msgs/srv/detail/ros_cmd_interface__rosidl_typesupport_introspection_c.h
[10.068s] -- Installing: /home/wagnerxavier/ros2_ws/install/frhal_msgs/lib/libfrhal_msgs__rosidl_typesupport_introspection_c.so
[10.068s] -- Set runtime path of "/home/wagnerxavier/ros2_ws/install/frhal_msgs/lib/libfrhal_msgs__rosidl_typesupport_introspection_c.so" to ""
[10.068s] -- Installing: /home/wagnerxavier/ros2_ws/install/frhal_msgs/lib/libfrhal_msgs__rosidl_typesupport_c.so
[10.069s] -- Set runtime path of "/home/wagnerxavier/ros2_ws/install/frhal_msgs/lib/libfrhal_msgs__rosidl_typesupport_c.so" to ""
[10.069s] -- Up-to-date: /home/wagnerxavier/ros2_ws/install/frhal_msgs/include/frhal_msgs/frhal_msgs
[10.069s] -- Up-to-date: /home/wagnerxavier/ros2_ws/install/frhal_msgs/include/frhal_msgs/frhal_msgs/msg
[10.069s] -- Installing: /home/wagnerxavier/ros2_ws/install/frhal_msgs/include/frhal_msgs/frhal_msgs/msg/fr_state.hpp
[10.070s] -- Up-to-date: /home/wagnerxavier/ros2_ws/install/frhal_msgs/include/frhal_msgs/frhal_msgs/msg/detail
[10.070s] -- Installing: /home/wagnerxavier/ros2_ws/install/frhal_msgs/include/frhal_msgs/frhal_msgs/msg/detail/fr_state__traits.hpp
[10.070s] -- Installing: /home/wagnerxavier/ros2_ws/install/frhal_msgs/include/frhal_msgs/frhal_msgs/msg/detail/fr_state__struct.hpp
[10.070s] -- Installing: /home/wagnerxavier/ros2_ws/install/frhal_msgs/include/frhal_msgs/frhal_msgs/msg/detail/fr_state__builder.hpp
[10.071s] -- Up-to-date: /home/wagnerxavier/ros2_ws/install/frhal_msgs/include/frhal_msgs/frhal_msgs/srv
[10.072s] -- Installing: /home/wagnerxavier/ros2_ws/install/frhal_msgs/include/frhal_msgs/frhal_msgs/srv/ros_cmd_interface.hpp
[10.072s] -- Up-to-date: /home/wagnerxavier/ros2_ws/install/frhal_msgs/include/frhal_msgs/frhal_msgs/srv/detail
[10.072s] -- Installing: /home/wagnerxavier/ros2_ws/install/frhal_msgs/include/frhal_msgs/frhal_msgs/srv/detail/ros_cmd_interface__builder.hpp
[10.072s] -- Installing: /home/wagnerxavier/ros2_ws/install/frhal_msgs/include/frhal_msgs/frhal_msgs/srv/detail/ros_cmd_interface__struct.hpp
[10.072s] -- Installing: /home/wagnerxavier/ros2_ws/install/frhal_msgs/include/frhal_msgs/frhal_msgs/srv/detail/ros_cmd_interface__traits.hpp
[10.072s] -- Up-to-date: /home/wagnerxavier/ros2_ws/install/frhal_msgs/include/frhal_msgs/frhal_msgs
[10.073s] -- Up-to-date: /home/wagnerxavier/ros2_ws/install/frhal_msgs/include/frhal_msgs/frhal_msgs/msg
[10.073s] -- Installing: /home/wagnerxavier/ros2_ws/install/frhal_msgs/include/frhal_msgs/frhal_msgs/msg/rosidl_typesupport_fastrtps_cpp__visibility_control.h
[10.073s] -- Up-to-date: /home/wagnerxavier/ros2_ws/install/frhal_msgs/include/frhal_msgs/frhal_msgs/msg/detail
[10.073s] -- Installing: /home/wagnerxavier/ros2_ws/install/frhal_msgs/include/frhal_msgs/frhal_msgs/msg/detail/dds_fastrtps
[10.073s] -- Installing: /home/wagnerxavier/ros2_ws/install/frhal_msgs/include/frhal_msgs/frhal_msgs/msg/detail/fr_state__rosidl_typesupport_fastrtps_cpp.hpp
[10.073s] -- Up-to-date: /home/wagnerxavier/ros2_ws/install/frhal_msgs/include/frhal_msgs/frhal_msgs/srv
[10.073s] -- Up-to-date: /home/wagnerxavier/ros2_ws/install/frhal_msgs/include/frhal_msgs/frhal_msgs/srv/detail
[10.075s] -- Installing: /home/wagnerxavier/ros2_ws/install/frhal_msgs/include/frhal_msgs/frhal_msgs/srv/detail/ros_cmd_interface__rosidl_typesupport_fastrtps_cpp.hpp
[10.075s] -- Installing: /home/wagnerxavier/ros2_ws/install/frhal_msgs/include/frhal_msgs/frhal_msgs/srv/detail/dds_fastrtps
[10.075s] -- Installing: /home/wagnerxavier/ros2_ws/install/frhal_msgs/lib/libfrhal_msgs__rosidl_typesupport_fastrtps_cpp.so
[10.079s] -- Set runtime path of "/home/wagnerxavier/ros2_ws/install/frhal_msgs/lib/libfrhal_msgs__rosidl_typesupport_fastrtps_cpp.so" to ""
[10.079s] -- Up-to-date: /home/wagnerxavier/ros2_ws/install/frhal_msgs/include/frhal_msgs/frhal_msgs
[10.079s] -- Up-to-date: /home/wagnerxavier/ros2_ws/install/frhal_msgs/include/frhal_msgs/frhal_msgs/msg
[10.079s] -- Up-to-date: /home/wagnerxavier/ros2_ws/install/frhal_msgs/include/frhal_msgs/frhal_msgs/msg/detail
[10.079s] -- Installing: /home/wagnerxavier/ros2_ws/install/frhal_msgs/include/frhal_msgs/frhal_msgs/msg/detail/fr_state__rosidl_typesupport_introspection_cpp.hpp
[10.079s] -- Installing: /home/wagnerxavier/ros2_ws/install/frhal_msgs/include/frhal_msgs/frhal_msgs/msg/detail/fr_state__type_support.cpp
[10.080s] -- Up-to-date: /home/wagnerxavier/ros2_ws/install/frhal_msgs/include/frhal_msgs/frhal_msgs/srv
[10.080s] -- Up-to-date: /home/wagnerxavier/ros2_ws/install/frhal_msgs/include/frhal_msgs/frhal_msgs/srv/detail
[10.080s] -- Installing: /home/wagnerxavier/ros2_ws/install/frhal_msgs/include/frhal_msgs/frhal_msgs/srv/detail/ros_cmd_interface__type_support.cpp
[10.080s] -- Installing: /home/wagnerxavier/ros2_ws/install/frhal_msgs/include/frhal_msgs/frhal_msgs/srv/detail/ros_cmd_interface__rosidl_typesupport_introspection_cpp.hpp
[10.080s] -- Installing: /home/wagnerxavier/ros2_ws/install/frhal_msgs/lib/libfrhal_msgs__rosidl_typesupport_introspection_cpp.so
[10.080s] -- Set runtime path of "/home/wagnerxavier/ros2_ws/install/frhal_msgs/lib/libfrhal_msgs__rosidl_typesupport_introspection_cpp.so" to ""
[10.080s] -- Installing: /home/wagnerxavier/ros2_ws/install/frhal_msgs/lib/libfrhal_msgs__rosidl_typesupport_cpp.so
[10.080s] -- Set runtime path of "/home/wagnerxavier/ros2_ws/install/frhal_msgs/lib/libfrhal_msgs__rosidl_typesupport_cpp.so" to ""
[10.081s] -- Installing: /home/wagnerxavier/ros2_ws/install/frhal_msgs/share/frhal_msgs/environment/pythonpath.sh
[10.081s] -- Installing: /home/wagnerxavier/ros2_ws/install/frhal_msgs/share/frhal_msgs/environment/pythonpath.dsv
[10.081s] -- Installing: /home/wagnerxavier/ros2_ws/install/frhal_msgs/local/lib/python3.10/dist-packages/frhal_msgs-0.0.0-py3.10.egg-info
[10.081s] -- Installing: /home/wagnerxavier/ros2_ws/install/frhal_msgs/local/lib/python3.10/dist-packages/frhal_msgs-0.0.0-py3.10.egg-info/top_level.txt
[10.081s] -- Installing: /home/wagnerxavier/ros2_ws/install/frhal_msgs/local/lib/python3.10/dist-packages/frhal_msgs-0.0.0-py3.10.egg-info/SOURCES.txt
[10.081s] -- Installing: /home/wagnerxavier/ros2_ws/install/frhal_msgs/local/lib/python3.10/dist-packages/frhal_msgs-0.0.0-py3.10.egg-info/dependency_links.txt
[10.082s] -- Installing: /home/wagnerxavier/ros2_ws/install/frhal_msgs/local/lib/python3.10/dist-packages/frhal_msgs-0.0.0-py3.10.egg-info/PKG-INFO
[10.082s] -- Installing: /home/wagnerxavier/ros2_ws/install/frhal_msgs/local/lib/python3.10/dist-packages/frhal_msgs
[10.082s] -- Installing: /home/wagnerxavier/ros2_ws/install/frhal_msgs/local/lib/python3.10/dist-packages/frhal_msgs/frhal_msgs_s__rosidl_typesupport_c.cpython-310-x86_64-linux-gnu.so
[10.082s] -- Installing: /home/wagnerxavier/ros2_ws/install/frhal_msgs/local/lib/python3.10/dist-packages/frhal_msgs/msg
[10.082s] -- Installing: /home/wagnerxavier/ros2_ws/install/frhal_msgs/local/lib/python3.10/dist-packages/frhal_msgs/msg/_fr_state_s.c
[10.082s] -- Installing: /home/wagnerxavier/ros2_ws/install/frhal_msgs/local/lib/python3.10/dist-packages/frhal_msgs/msg/__init__.py
[10.082s] -- Installing: /home/wagnerxavier/ros2_ws/install/frhal_msgs/local/lib/python3.10/dist-packages/frhal_msgs/msg/_fr_state.py
[10.093s] -- Installing: /home/wagnerxavier/ros2_ws/install/frhal_msgs/local/lib/python3.10/dist-packages/frhal_msgs/libfrhal_msgs__rosidl_generator_py.so
[10.093s] -- Installing: /home/wagnerxavier/ros2_ws/install/frhal_msgs/local/lib/python3.10/dist-packages/frhal_msgs/__init__.py
[10.093s] -- Installing: /home/wagnerxavier/ros2_ws/install/frhal_msgs/local/lib/python3.10/dist-packages/frhal_msgs/frhal_msgs_s__rosidl_typesupport_fastrtps_c.cpython-310-x86_64-linux-gnu.so
[10.093s] -- Installing: /home/wagnerxavier/ros2_ws/install/frhal_msgs/local/lib/python3.10/dist-packages/frhal_msgs/srv
[10.093s] -- Installing: /home/wagnerxavier/ros2_ws/install/frhal_msgs/local/lib/python3.10/dist-packages/frhal_msgs/srv/__init__.py
[10.094s] -- Installing: /home/wagnerxavier/ros2_ws/install/frhal_msgs/local/lib/python3.10/dist-packages/frhal_msgs/srv/_ros_cmd_interface_s.c
[10.094s] -- Installing: /home/wagnerxavier/ros2_ws/install/frhal_msgs/local/lib/python3.10/dist-packages/frhal_msgs/srv/_ros_cmd_interface.py
[10.094s] -- Installing: /home/wagnerxavier/ros2_ws/install/frhal_msgs/local/lib/python3.10/dist-packages/frhal_msgs/_frhal_msgs_s.ep.rosidl_typesupport_c.c
[10.094s] -- Installing: /home/wagnerxavier/ros2_ws/install/frhal_msgs/local/lib/python3.10/dist-packages/frhal_msgs/_frhal_msgs_s.ep.rosidl_typesupport_introspection_c.c
[10.094s] -- Installing: /home/wagnerxavier/ros2_ws/install/frhal_msgs/local/lib/python3.10/dist-packages/frhal_msgs/frhal_msgs_s__rosidl_typesupport_introspection_c.cpython-310-x86_64-linux-gnu.so
[10.094s] -- Installing: /home/wagnerxavier/ros2_ws/install/frhal_msgs/local/lib/python3.10/dist-packages/frhal_msgs/_frhal_msgs_s.ep.rosidl_typesupport_fastrtps_c.c
[10.156s] Listing '/home/wagnerxavier/ros2_ws/install/frhal_msgs/local/lib/python3.10/dist-packages/frhal_msgs'...
[10.156s] Compiling '/home/wagnerxavier/ros2_ws/install/frhal_msgs/local/lib/python3.10/dist-packages/frhal_msgs/__init__.py'...
[10.156s] Listing '/home/wagnerxavier/ros2_ws/install/frhal_msgs/local/lib/python3.10/dist-packages/frhal_msgs/msg'...
[10.156s] Compiling '/home/wagnerxavier/ros2_ws/install/frhal_msgs/local/lib/python3.10/dist-packages/frhal_msgs/msg/__init__.py'...
[10.156s] Compiling '/home/wagnerxavier/ros2_ws/install/frhal_msgs/local/lib/python3.10/dist-packages/frhal_msgs/msg/_fr_state.py'...
[10.156s] Listing '/home/wagnerxavier/ros2_ws/install/frhal_msgs/local/lib/python3.10/dist-packages/frhal_msgs/srv'...
[10.157s] Compiling '/home/wagnerxavier/ros2_ws/install/frhal_msgs/local/lib/python3.10/dist-packages/frhal_msgs/srv/__init__.py'...
[10.157s] Compiling '/home/wagnerxavier/ros2_ws/install/frhal_msgs/local/lib/python3.10/dist-packages/frhal_msgs/srv/_ros_cmd_interface.py'...
[10.163s] -- Installing: /home/wagnerxavier/ros2_ws/install/frhal_msgs/local/lib/python3.10/dist-packages/frhal_msgs/frhal_msgs_s__rosidl_typesupport_fastrtps_c.cpython-310-x86_64-linux-gnu.so
[10.163s] -- Set runtime path of "/home/wagnerxavier/ros2_ws/install/frhal_msgs/local/lib/python3.10/dist-packages/frhal_msgs/frhal_msgs_s__rosidl_typesupport_fastrtps_c.cpython-310-x86_64-linux-gnu.so" to ""
[10.164s] -- Installing: /home/wagnerxavier/ros2_ws/install/frhal_msgs/local/lib/python3.10/dist-packages/frhal_msgs/frhal_msgs_s__rosidl_typesupport_introspection_c.cpython-310-x86_64-linux-gnu.so
[10.164s] -- Set runtime path of "/home/wagnerxavier/ros2_ws/install/frhal_msgs/local/lib/python3.10/dist-packages/frhal_msgs/frhal_msgs_s__rosidl_typesupport_introspection_c.cpython-310-x86_64-linux-gnu.so" to ""
[10.165s] -- Installing: /home/wagnerxavier/ros2_ws/install/frhal_msgs/local/lib/python3.10/dist-packages/frhal_msgs/frhal_msgs_s__rosidl_typesupport_c.cpython-310-x86_64-linux-gnu.so
[10.165s] -- Set runtime path of "/home/wagnerxavier/ros2_ws/install/frhal_msgs/local/lib/python3.10/dist-packages/frhal_msgs/frhal_msgs_s__rosidl_typesupport_c.cpython-310-x86_64-linux-gnu.so" to ""
[10.166s] -- Installing: /home/wagnerxavier/ros2_ws/install/frhal_msgs/lib/libfrhal_msgs__rosidl_generator_py.so
[10.166s] -- Set runtime path of "/home/wagnerxavier/ros2_ws/install/frhal_msgs/lib/libfrhal_msgs__rosidl_generator_py.so" to ""
[10.167s] -- Installing: /home/wagnerxavier/ros2_ws/install/frhal_msgs/share/frhal_msgs/srv/ROSCmdInterface.idl
[10.167s] -- Installing: /home/wagnerxavier/ros2_ws/install/frhal_msgs/share/frhal_msgs/msg/FRState.idl
[10.167s] -- Installing: /home/wagnerxavier/ros2_ws/install/frhal_msgs/share/frhal_msgs/srv/ROSCmdInterface.srv
[10.168s] -- Installing: /home/wagnerxavier/ros2_ws/install/frhal_msgs/share/frhal_msgs/srv/ROSCmdInterface_Request.msg
[10.168s] -- Installing: /home/wagnerxavier/ros2_ws/install/frhal_msgs/share/frhal_msgs/srv/ROSCmdInterface_Response.msg
[10.168s] -- Installing: /home/wagnerxavier/ros2_ws/install/frhal_msgs/share/frhal_msgs/msg/FRState.msg
[10.169s] -- Installing: /home/wagnerxavier/ros2_ws/install/frhal_msgs/share/ament_index/resource_index/package_run_dependencies/frhal_msgs
[10.169s] -- Installing: /home/wagnerxavier/ros2_ws/install/frhal_msgs/share/ament_index/resource_index/parent_prefix_path/frhal_msgs
[10.170s] -- Installing: /home/wagnerxavier/ros2_ws/install/frhal_msgs/share/frhal_msgs/environment/ament_prefix_path.sh
[10.171s] -- Installing: /home/wagnerxavier/ros2_ws/install/frhal_msgs/share/frhal_msgs/environment/ament_prefix_path.dsv
[10.172s] -- Installing: /home/wagnerxavier/ros2_ws/install/frhal_msgs/share/frhal_msgs/environment/path.sh
[10.172s] -- Installing: /home/wagnerxavier/ros2_ws/install/frhal_msgs/share/frhal_msgs/environment/path.dsv
[10.172s] -- Installing: /home/wagnerxavier/ros2_ws/install/frhal_msgs/share/frhal_msgs/local_setup.bash
[10.173s] -- Installing: /home/wagnerxavier/ros2_ws/install/frhal_msgs/share/frhal_msgs/local_setup.sh
[10.173s] -- Installing: /home/wagnerxavier/ros2_ws/install/frhal_msgs/share/frhal_msgs/local_setup.zsh
[10.173s] -- Installing: /home/wagnerxavier/ros2_ws/install/frhal_msgs/share/frhal_msgs/local_setup.dsv
[10.174s] -- Installing: /home/wagnerxavier/ros2_ws/install/frhal_msgs/share/frhal_msgs/package.dsv
[10.174s] -- Installing: /home/wagnerxavier/ros2_ws/install/frhal_msgs/share/ament_index/resource_index/packages/frhal_msgs
[10.175s] -- Installing: /home/wagnerxavier/ros2_ws/install/frhal_msgs/share/frhal_msgs/cmake/export_frhal_msgs__rosidl_generator_cExport.cmake
[10.175s] -- Installing: /home/wagnerxavier/ros2_ws/install/frhal_msgs/share/frhal_msgs/cmake/export_frhal_msgs__rosidl_generator_cExport-noconfig.cmake
[10.175s] -- Installing: /home/wagnerxavier/ros2_ws/install/frhal_msgs/share/frhal_msgs/cmake/export_frhal_msgs__rosidl_typesupport_fastrtps_cExport.cmake
[10.176s] -- Installing: /home/wagnerxavier/ros2_ws/install/frhal_msgs/share/frhal_msgs/cmake/export_frhal_msgs__rosidl_typesupport_fastrtps_cExport-noconfig.cmake
[10.176s] -- Installing: /home/wagnerxavier/ros2_ws/install/frhal_msgs/share/frhal_msgs/cmake/frhal_msgs__rosidl_typesupport_introspection_cExport.cmake
[10.177s] -- Installing: /home/wagnerxavier/ros2_ws/install/frhal_msgs/share/frhal_msgs/cmake/frhal_msgs__rosidl_typesupport_introspection_cExport-noconfig.cmake
[10.177s] -- Installing: /home/wagnerxavier/ros2_ws/install/frhal_msgs/share/frhal_msgs/cmake/frhal_msgs__rosidl_typesupport_cExport.cmake
[10.178s] -- Installing: /home/wagnerxavier/ros2_ws/install/frhal_msgs/share/frhal_msgs/cmake/frhal_msgs__rosidl_typesupport_cExport-noconfig.cmake
[10.178s] -- Installing: /home/wagnerxavier/ros2_ws/install/frhal_msgs/share/frhal_msgs/cmake/export_frhal_msgs__rosidl_generator_cppExport.cmake
[10.178s] -- Installing: /home/wagnerxavier/ros2_ws/install/frhal_msgs/share/frhal_msgs/cmake/export_frhal_msgs__rosidl_typesupport_fastrtps_cppExport.cmake
[10.179s] -- Installing: /home/wagnerxavier/ros2_ws/install/frhal_msgs/share/frhal_msgs/cmake/export_frhal_msgs__rosidl_typesupport_fastrtps_cppExport-noconfig.cmake
[10.180s] -- Installing: /home/wagnerxavier/ros2_ws/install/frhal_msgs/share/frhal_msgs/cmake/frhal_msgs__rosidl_typesupport_introspection_cppExport.cmake
[10.180s] -- Installing: /home/wagnerxavier/ros2_ws/install/frhal_msgs/share/frhal_msgs/cmake/frhal_msgs__rosidl_typesupport_introspection_cppExport-noconfig.cmake
[10.180s] -- Installing: /home/wagnerxavier/ros2_ws/install/frhal_msgs/share/frhal_msgs/cmake/frhal_msgs__rosidl_typesupport_cppExport.cmake
[10.181s] -- Installing: /home/wagnerxavier/ros2_ws/install/frhal_msgs/share/frhal_msgs/cmake/frhal_msgs__rosidl_typesupport_cppExport-noconfig.cmake
[10.181s] -- Installing: /home/wagnerxavier/ros2_ws/install/frhal_msgs/share/frhal_msgs/cmake/export_frhal_msgs__rosidl_generator_pyExport.cmake
[10.181s] -- Installing: /home/wagnerxavier/ros2_ws/install/frhal_msgs/share/frhal_msgs/cmake/export_frhal_msgs__rosidl_generator_pyExport-noconfig.cmake
[10.182s] -- Installing: /home/wagnerxavier/ros2_ws/install/frhal_msgs/share/frhal_msgs/cmake/rosidl_cmake-extras.cmake
[10.182s] -- Installing: /home/wagnerxavier/ros2_ws/install/frhal_msgs/share/frhal_msgs/cmake/ament_cmake_export_include_directories-extras.cmake
[10.183s] -- Installing: /home/wagnerxavier/ros2_ws/install/frhal_msgs/share/frhal_msgs/cmake/ament_cmake_export_libraries-extras.cmake
[10.183s] -- Installing: /home/wagnerxavier/ros2_ws/install/frhal_msgs/share/frhal_msgs/cmake/ament_cmake_export_targets-extras.cmake
[10.184s] -- Installing: /home/wagnerxavier/ros2_ws/install/frhal_msgs/share/frhal_msgs/cmake/rosidl_cmake_export_typesupport_targets-extras.cmake
[10.184s] -- Installing: /home/wagnerxavier/ros2_ws/install/frhal_msgs/share/frhal_msgs/cmake/ament_cmake_export_dependencies-extras.cmake
[10.185s] -- Installing: /home/wagnerxavier/ros2_ws/install/frhal_msgs/share/frhal_msgs/cmake/rosidl_cmake_export_typesupport_libraries-extras.cmake
[10.193s] -- Installing: /home/wagnerxavier/ros2_ws/install/frhal_msgs/share/frhal_msgs/cmake/frhal_msgsConfig.cmake
[10.193s] -- Installing: /home/wagnerxavier/ros2_ws/install/frhal_msgs/share/frhal_msgs/cmake/frhal_msgsConfig-version.cmake
[10.193s] -- Installing: /home/wagnerxavier/ros2_ws/install/frhal_msgs/share/frhal_msgs/package.xml
[10.197s] Invoked command in '/home/wagnerxavier/ros2_ws/build/frhal_msgs' returned '0': CMAKE_PREFIX_PATH=/opt/ros/humble /usr/bin/cmake --install /home/wagnerxavier/ros2_ws/build/frhal_msgs
