[0.315s] DEBUG:colcon:Command line arguments: ['/usr/bin/colcon', 'build']
[0.315s] DEBUG:colcon:Parsed command line arguments: Namespace(log_base=None, log_level=None, verb_name='build', build_base='build', install_base='install', merge_install=False, symlink_install=False, test_result_base=None, continue_on_error=False, executor='parallel', parallel_workers=4, event_handlers=None, ignore_user_meta=False, metas=['./colcon.meta'], base_paths=['.'], packages_ignore=None, packages_ignore_regex=None, paths=None, packages_up_to=None, packages_up_to_regex=None, packages_above=None, packages_above_and_dependencies=None, packages_above_depth=None, packages_select_by_dep=None, packages_skip_by_dep=None, packages_skip_up_to=None, packages_select_build_failed=False, packages_skip_build_finished=False, packages_select_test_failures=False, packages_skip_test_passed=False, packages_select=None, packages_skip=None, packages_select_regex=None, packages_skip_regex=None, packages_start=None, packages_end=None, allow_overriding=[], cmake_args=None, cmake_target=None, cmake_target_skip_unavailable=False, cmake_clean_cache=False, cmake_clean_first=False, cmake_force_configure=False, ament_cmake_args=None, catkin_cmake_args=None, catkin_skip_building_tests=False, mixin_files=None, mixin=None, verb_parser=<colcon_mixin.mixin.mixin_argument.MixinArgumentDecorator object at 0x7a2292339ae0>, verb_extension=<colcon_core.verb.build.BuildVerb object at 0x7a2292339570>, main=<bound method BuildVerb.main of <colcon_core.verb.build.BuildVerb object at 0x7a2292339570>>, mixin_verb=('build',))
[0.628s] Level 1:colcon.colcon_core.package_discovery:discover_packages(colcon_meta) check parameters
[0.628s] Level 1:colcon.colcon_core.package_discovery:discover_packages(recursive) check parameters
[0.628s] Level 1:colcon.colcon_core.package_discovery:discover_packages(ignore) check parameters
[0.628s] Level 1:colcon.colcon_core.package_discovery:discover_packages(path) check parameters
[0.628s] Level 1:colcon.colcon_core.package_discovery:discover_packages(colcon_meta) discover
[0.628s] Level 1:colcon.colcon_core.package_discovery:discover_packages(recursive) discover
[0.628s] INFO:colcon.colcon_core.package_discovery:Crawling recursively for packages in '/home/wagnerxavier/ros2_ws'
[0.628s] Level 1:colcon.colcon_core.package_identification:_identify(.) by extensions ['ignore', 'ignore_ament_install']
[0.628s] Level 1:colcon.colcon_core.package_identification:_identify(.) by extension 'ignore'
[0.629s] Level 1:colcon.colcon_core.package_identification:_identify(.) by extension 'ignore_ament_install'
[0.629s] Level 1:colcon.colcon_core.package_identification:_identify(.) by extensions ['colcon_pkg']
[0.629s] Level 1:colcon.colcon_core.package_identification:_identify(.) by extension 'colcon_pkg'
[0.629s] Level 1:colcon.colcon_core.package_identification:_identify(.) by extensions ['colcon_meta']
[0.629s] Level 1:colcon.colcon_core.package_identification:_identify(.) by extension 'colcon_meta'
[0.629s] Level 1:colcon.colcon_core.package_identification:_identify(.) by extensions ['ros']
[0.629s] Level 1:colcon.colcon_core.package_identification:_identify(.) by extension 'ros'
[0.642s] Level 1:colcon.colcon_core.package_identification:_identify(.) by extensions ['cmake', 'python']
[0.642s] Level 1:colcon.colcon_core.package_identification:_identify(.) by extension 'cmake'
[0.642s] Level 1:colcon.colcon_core.package_identification:_identify(.) by extension 'python'
[0.642s] Level 1:colcon.colcon_core.package_identification:_identify(.) by extensions ['python_setup_py']
[0.642s] Level 1:colcon.colcon_core.package_identification:_identify(.) by extension 'python_setup_py'
[0.642s] Level 1:colcon.colcon_core.package_identification:_identify(build) by extensions ['ignore', 'ignore_ament_install']
[0.642s] Level 1:colcon.colcon_core.package_identification:_identify(build) by extension 'ignore'
[0.642s] Level 1:colcon.colcon_core.package_identification:_identify(build) ignored
[0.643s] Level 1:colcon.colcon_core.package_identification:_identify(install) by extensions ['ignore', 'ignore_ament_install']
[0.643s] Level 1:colcon.colcon_core.package_identification:_identify(install) by extension 'ignore'
[0.643s] Level 1:colcon.colcon_core.package_identification:_identify(install) ignored
[0.643s] Level 1:colcon.colcon_core.package_identification:_identify(log) by extensions ['ignore', 'ignore_ament_install']
[0.643s] Level 1:colcon.colcon_core.package_identification:_identify(log) by extension 'ignore'
[0.643s] Level 1:colcon.colcon_core.package_identification:_identify(log) ignored
[0.643s] Level 1:colcon.colcon_core.package_identification:_identify(src) by extensions ['ignore', 'ignore_ament_install']
[0.643s] Level 1:colcon.colcon_core.package_identification:_identify(src) by extension 'ignore'
[0.643s] Level 1:colcon.colcon_core.package_identification:_identify(src) by extension 'ignore_ament_install'
[0.643s] Level 1:colcon.colcon_core.package_identification:_identify(src) by extensions ['colcon_pkg']
[0.643s] Level 1:colcon.colcon_core.package_identification:_identify(src) by extension 'colcon_pkg'
[0.643s] Level 1:colcon.colcon_core.package_identification:_identify(src) by extensions ['colcon_meta']
[0.643s] Level 1:colcon.colcon_core.package_identification:_identify(src) by extension 'colcon_meta'
[0.644s] Level 1:colcon.colcon_core.package_identification:_identify(src) by extensions ['ros']
[0.644s] Level 1:colcon.colcon_core.package_identification:_identify(src) by extension 'ros'
[0.644s] Level 1:colcon.colcon_core.package_identification:_identify(src) by extensions ['cmake', 'python']
[0.644s] Level 1:colcon.colcon_core.package_identification:_identify(src) by extension 'cmake'
[0.644s] Level 1:colcon.colcon_core.package_identification:_identify(src) by extension 'python'
[0.644s] Level 1:colcon.colcon_core.package_identification:_identify(src) by extensions ['python_setup_py']
[0.644s] Level 1:colcon.colcon_core.package_identification:_identify(src) by extension 'python_setup_py'
[0.644s] Level 1:colcon.colcon_core.package_identification:_identify(src/frcobot_ros2) by extensions ['ignore', 'ignore_ament_install']
[0.644s] Level 1:colcon.colcon_core.package_identification:_identify(src/frcobot_ros2) by extension 'ignore'
[0.644s] Level 1:colcon.colcon_core.package_identification:_identify(src/frcobot_ros2) by extension 'ignore_ament_install'
[0.644s] Level 1:colcon.colcon_core.package_identification:_identify(src/frcobot_ros2) by extensions ['colcon_pkg']
[0.644s] Level 1:colcon.colcon_core.package_identification:_identify(src/frcobot_ros2) by extension 'colcon_pkg'
[0.644s] Level 1:colcon.colcon_core.package_identification:_identify(src/frcobot_ros2) by extensions ['colcon_meta']
[0.644s] Level 1:colcon.colcon_core.package_identification:_identify(src/frcobot_ros2) by extension 'colcon_meta'
[0.644s] Level 1:colcon.colcon_core.package_identification:_identify(src/frcobot_ros2) by extensions ['ros']
[0.644s] Level 1:colcon.colcon_core.package_identification:_identify(src/frcobot_ros2) by extension 'ros'
[0.644s] Level 1:colcon.colcon_core.package_identification:_identify(src/frcobot_ros2) by extensions ['cmake', 'python']
[0.644s] Level 1:colcon.colcon_core.package_identification:_identify(src/frcobot_ros2) by extension 'cmake'
[0.645s] Level 1:colcon.colcon_core.package_identification:_identify(src/frcobot_ros2) by extension 'python'
[0.645s] Level 1:colcon.colcon_core.package_identification:_identify(src/frcobot_ros2) by extensions ['python_setup_py']
[0.645s] Level 1:colcon.colcon_core.package_identification:_identify(src/frcobot_ros2) by extension 'python_setup_py'
[0.645s] Level 1:colcon.colcon_core.package_identification:_identify(src/frcobot_ros2/fr_ros2) by extensions ['ignore', 'ignore_ament_install']
[0.645s] Level 1:colcon.colcon_core.package_identification:_identify(src/frcobot_ros2/fr_ros2) by extension 'ignore'
[0.645s] Level 1:colcon.colcon_core.package_identification:_identify(src/frcobot_ros2/fr_ros2) by extension 'ignore_ament_install'
[0.645s] Level 1:colcon.colcon_core.package_identification:_identify(src/frcobot_ros2/fr_ros2) by extensions ['colcon_pkg']
[0.645s] Level 1:colcon.colcon_core.package_identification:_identify(src/frcobot_ros2/fr_ros2) by extension 'colcon_pkg'
[0.645s] Level 1:colcon.colcon_core.package_identification:_identify(src/frcobot_ros2/fr_ros2) by extensions ['colcon_meta']
[0.645s] Level 1:colcon.colcon_core.package_identification:_identify(src/frcobot_ros2/fr_ros2) by extension 'colcon_meta'
[0.645s] Level 1:colcon.colcon_core.package_identification:_identify(src/frcobot_ros2/fr_ros2) by extensions ['ros']
[0.645s] Level 1:colcon.colcon_core.package_identification:_identify(src/frcobot_ros2/fr_ros2) by extension 'ros'
[0.648s] DEBUG:colcon.colcon_core.package_identification:Package 'src/frcobot_ros2/fr_ros2' with type 'ros.ament_cmake' and name 'fr_ros2'
[0.648s] Level 1:colcon.colcon_core.package_identification:_identify(src/frcobot_ros2/frhal_msgs) by extensions ['ignore', 'ignore_ament_install']
[0.648s] Level 1:colcon.colcon_core.package_identification:_identify(src/frcobot_ros2/frhal_msgs) by extension 'ignore'
[0.648s] Level 1:colcon.colcon_core.package_identification:_identify(src/frcobot_ros2/frhal_msgs) by extension 'ignore_ament_install'
[0.648s] Level 1:colcon.colcon_core.package_identification:_identify(src/frcobot_ros2/frhal_msgs) by extensions ['colcon_pkg']
[0.648s] Level 1:colcon.colcon_core.package_identification:_identify(src/frcobot_ros2/frhal_msgs) by extension 'colcon_pkg'
[0.648s] Level 1:colcon.colcon_core.package_identification:_identify(src/frcobot_ros2/frhal_msgs) by extensions ['colcon_meta']
[0.648s] Level 1:colcon.colcon_core.package_identification:_identify(src/frcobot_ros2/frhal_msgs) by extension 'colcon_meta'
[0.649s] Level 1:colcon.colcon_core.package_identification:_identify(src/frcobot_ros2/frhal_msgs) by extensions ['ros']
[0.649s] Level 1:colcon.colcon_core.package_identification:_identify(src/frcobot_ros2/frhal_msgs) by extension 'ros'
[0.650s] DEBUG:colcon.colcon_core.package_identification:Package 'src/frcobot_ros2/frhal_msgs' with type 'ros.ament_cmake' and name 'frhal_msgs'
[0.650s] Level 1:colcon.colcon_core.package_discovery:discover_packages(recursive) using defaults
[0.651s] Level 1:colcon.colcon_core.package_discovery:discover_packages(ignore) discover
[0.651s] Level 1:colcon.colcon_core.package_discovery:discover_packages(ignore) using defaults
[0.652s] Level 1:colcon.colcon_core.package_discovery:discover_packages(path) discover
[0.652s] Level 1:colcon.colcon_core.package_discovery:discover_packages(path) using defaults
[0.694s] Level 1:colcon.colcon_core.package_discovery:discover_packages(prefix_path) check parameters
[0.694s] Level 1:colcon.colcon_core.package_discovery:discover_packages(prefix_path) discover
[0.703s] DEBUG:colcon.colcon_installed_package_information.package_discovery:Found 2 installed packages in /home/wagnerxavier/ros2_ws/install
[0.704s] DEBUG:colcon.colcon_installed_package_information.package_discovery:Found 270 installed packages in /opt/ros/humble
[0.705s] Level 1:colcon.colcon_core.package_discovery:discover_packages(prefix_path) using defaults
[0.764s] Level 5:colcon.colcon_core.verb:set package 'frhal_msgs' build argument 'cmake_args' from command line to 'None'
[0.765s] Level 5:colcon.colcon_core.verb:set package 'frhal_msgs' build argument 'cmake_target' from command line to 'None'
[0.765s] Level 5:colcon.colcon_core.verb:set package 'frhal_msgs' build argument 'cmake_target_skip_unavailable' from command line to 'False'
[0.765s] Level 5:colcon.colcon_core.verb:set package 'frhal_msgs' build argument 'cmake_clean_cache' from command line to 'False'
[0.765s] Level 5:colcon.colcon_core.verb:set package 'frhal_msgs' build argument 'cmake_clean_first' from command line to 'False'
[0.765s] Level 5:colcon.colcon_core.verb:set package 'frhal_msgs' build argument 'cmake_force_configure' from command line to 'False'
[0.765s] Level 5:colcon.colcon_core.verb:set package 'frhal_msgs' build argument 'ament_cmake_args' from command line to 'None'
[0.765s] Level 5:colcon.colcon_core.verb:set package 'frhal_msgs' build argument 'catkin_cmake_args' from command line to 'None'
[0.765s] Level 5:colcon.colcon_core.verb:set package 'frhal_msgs' build argument 'catkin_skip_building_tests' from command line to 'False'
[0.765s] DEBUG:colcon.colcon_core.verb:Building package 'frhal_msgs' with the following arguments: {'ament_cmake_args': None, 'build_base': '/home/wagnerxavier/ros2_ws/build/frhal_msgs', 'catkin_cmake_args': None, 'catkin_skip_building_tests': False, 'cmake_args': None, 'cmake_clean_cache': False, 'cmake_clean_first': False, 'cmake_force_configure': False, 'cmake_target': None, 'cmake_target_skip_unavailable': False, 'install_base': '/home/wagnerxavier/ros2_ws/install/frhal_msgs', 'merge_install': False, 'path': '/home/wagnerxavier/ros2_ws/src/frcobot_ros2/frhal_msgs', 'symlink_install': False, 'test_result_base': None}
[0.765s] Level 5:colcon.colcon_core.verb:set package 'fr_ros2' build argument 'cmake_args' from command line to 'None'
[0.765s] Level 5:colcon.colcon_core.verb:set package 'fr_ros2' build argument 'cmake_target' from command line to 'None'
[0.765s] Level 5:colcon.colcon_core.verb:set package 'fr_ros2' build argument 'cmake_target_skip_unavailable' from command line to 'False'
[0.765s] Level 5:colcon.colcon_core.verb:set package 'fr_ros2' build argument 'cmake_clean_cache' from command line to 'False'
[0.765s] Level 5:colcon.colcon_core.verb:set package 'fr_ros2' build argument 'cmake_clean_first' from command line to 'False'
[0.765s] Level 5:colcon.colcon_core.verb:set package 'fr_ros2' build argument 'cmake_force_configure' from command line to 'False'
[0.765s] Level 5:colcon.colcon_core.verb:set package 'fr_ros2' build argument 'ament_cmake_args' from command line to 'None'
[0.765s] Level 5:colcon.colcon_core.verb:set package 'fr_ros2' build argument 'catkin_cmake_args' from command line to 'None'
[0.765s] Level 5:colcon.colcon_core.verb:set package 'fr_ros2' build argument 'catkin_skip_building_tests' from command line to 'False'
[0.765s] DEBUG:colcon.colcon_core.verb:Building package 'fr_ros2' with the following arguments: {'ament_cmake_args': None, 'build_base': '/home/wagnerxavier/ros2_ws/build/fr_ros2', 'catkin_cmake_args': None, 'catkin_skip_building_tests': False, 'cmake_args': None, 'cmake_clean_cache': False, 'cmake_clean_first': False, 'cmake_force_configure': False, 'cmake_target': None, 'cmake_target_skip_unavailable': False, 'install_base': '/home/wagnerxavier/ros2_ws/install/fr_ros2', 'merge_install': False, 'path': '/home/wagnerxavier/ros2_ws/src/frcobot_ros2/fr_ros2', 'symlink_install': False, 'test_result_base': None}
[0.766s] INFO:colcon.colcon_core.executor:Executing jobs using 'parallel' executor
[0.771s] DEBUG:colcon.colcon_parallel_executor.executor.parallel:run_until_complete
[0.771s] INFO:colcon.colcon_ros.task.ament_cmake.build:Building ROS package in '/home/wagnerxavier/ros2_ws/src/frcobot_ros2/frhal_msgs' with build type 'ament_cmake'
[0.772s] INFO:colcon.colcon_cmake.task.cmake.build:Building CMake package in '/home/wagnerxavier/ros2_ws/src/frcobot_ros2/frhal_msgs'
[0.783s] INFO:colcon.colcon_core.plugin_system:Skipping extension 'colcon_core.shell.bat': Not used on non-Windows systems
[0.783s] INFO:colcon.colcon_core.shell:Skip shell extension 'powershell' for command environment: Not usable outside of PowerShell
[0.783s] DEBUG:colcon.colcon_core.shell:Skip shell extension 'dsv' for command environment
[0.806s] DEBUG:colcon.colcon_core.event_handler.log_command:Invoking command in '/home/wagnerxavier/ros2_ws/build/frhal_msgs': CMAKE_PREFIX_PATH=${CMAKE_PREFIX_PATH}:/opt/ros/humble /usr/bin/cmake --build /home/wagnerxavier/ros2_ws/build/frhal_msgs -- -j4 -l4
[1.577s] DEBUG:colcon.colcon_core.event_handler.log_command:Invoked command in '/home/wagnerxavier/ros2_ws/build/frhal_msgs' returned '0': CMAKE_PREFIX_PATH=${CMAKE_PREFIX_PATH}:/opt/ros/humble /usr/bin/cmake --build /home/wagnerxavier/ros2_ws/build/frhal_msgs -- -j4 -l4
[2.018s] DEBUG:colcon.colcon_core.event_handler.log_command:Invoking command in '/home/wagnerxavier/ros2_ws/build/frhal_msgs': CMAKE_PREFIX_PATH=${CMAKE_PREFIX_PATH}:/opt/ros/humble /usr/bin/cmake --install /home/wagnerxavier/ros2_ws/build/frhal_msgs
[2.140s] Level 1:colcon.colcon_core.environment:create_environment_scripts_only(frhal_msgs)
[2.142s] DEBUG:colcon.colcon_core.event_handler.log_command:Invoked command in '/home/wagnerxavier/ros2_ws/build/frhal_msgs' returned '0': CMAKE_PREFIX_PATH=${CMAKE_PREFIX_PATH}:/opt/ros/humble /usr/bin/cmake --install /home/wagnerxavier/ros2_ws/build/frhal_msgs
[2.154s] Level 1:colcon.colcon_core.environment:checking '/home/wagnerxavier/ros2_ws/install/frhal_msgs' for CMake module files
[2.155s] Level 1:colcon.colcon_core.environment:checking '/home/wagnerxavier/ros2_ws/install/frhal_msgs' for CMake config files
[2.156s] Level 1:colcon.colcon_core.shell:create_environment_hook('frhal_msgs', 'cmake_prefix_path')
[2.156s] INFO:colcon.colcon_core.shell:Creating environment hook '/home/wagnerxavier/ros2_ws/install/frhal_msgs/share/frhal_msgs/hook/cmake_prefix_path.ps1'
[2.157s] INFO:colcon.colcon_core.shell:Creating environment descriptor '/home/wagnerxavier/ros2_ws/install/frhal_msgs/share/frhal_msgs/hook/cmake_prefix_path.dsv'
[2.158s] INFO:colcon.colcon_core.shell:Creating environment hook '/home/wagnerxavier/ros2_ws/install/frhal_msgs/share/frhal_msgs/hook/cmake_prefix_path.sh'
[2.159s] Level 1:colcon.colcon_core.environment:checking '/home/wagnerxavier/ros2_ws/install/frhal_msgs/lib'
[2.159s] Level 1:colcon.colcon_core.shell:create_environment_hook('frhal_msgs', 'ld_library_path_lib')
[2.160s] INFO:colcon.colcon_core.shell:Creating environment hook '/home/wagnerxavier/ros2_ws/install/frhal_msgs/share/frhal_msgs/hook/ld_library_path_lib.ps1'
[2.160s] INFO:colcon.colcon_core.shell:Creating environment descriptor '/home/wagnerxavier/ros2_ws/install/frhal_msgs/share/frhal_msgs/hook/ld_library_path_lib.dsv'
[2.161s] INFO:colcon.colcon_core.shell:Creating environment hook '/home/wagnerxavier/ros2_ws/install/frhal_msgs/share/frhal_msgs/hook/ld_library_path_lib.sh'
[2.162s] Level 1:colcon.colcon_core.environment:checking '/home/wagnerxavier/ros2_ws/install/frhal_msgs/bin'
[2.162s] Level 1:colcon.colcon_core.environment:checking '/home/wagnerxavier/ros2_ws/install/frhal_msgs/lib/pkgconfig/frhal_msgs.pc'
[2.163s] Level 1:colcon.colcon_core.environment:checking '/home/wagnerxavier/ros2_ws/install/frhal_msgs/lib/python3.10/site-packages'
[2.163s] Level 1:colcon.colcon_core.environment:checking '/home/wagnerxavier/ros2_ws/install/frhal_msgs/bin'
[2.163s] INFO:colcon.colcon_core.shell:Creating package script '/home/wagnerxavier/ros2_ws/install/frhal_msgs/share/frhal_msgs/package.ps1'
[2.164s] INFO:colcon.colcon_core.shell:Creating package descriptor '/home/wagnerxavier/ros2_ws/install/frhal_msgs/share/frhal_msgs/package.dsv'
[2.165s] INFO:colcon.colcon_core.shell:Creating package script '/home/wagnerxavier/ros2_ws/install/frhal_msgs/share/frhal_msgs/package.sh'
[2.166s] INFO:colcon.colcon_core.shell:Creating package script '/home/wagnerxavier/ros2_ws/install/frhal_msgs/share/frhal_msgs/package.bash'
[2.167s] INFO:colcon.colcon_core.shell:Creating package script '/home/wagnerxavier/ros2_ws/install/frhal_msgs/share/frhal_msgs/package.zsh'
[2.168s] Level 1:colcon.colcon_core.environment:create_file_with_runtime_dependencies(/home/wagnerxavier/ros2_ws/install/frhal_msgs/share/colcon-core/packages/frhal_msgs)
[2.632s] Level 1:colcon.colcon_core.environment:create_environment_scripts_only(frhal_msgs)
[2.639s] Level 1:colcon.colcon_core.environment:checking '/home/wagnerxavier/ros2_ws/install/frhal_msgs' for CMake module files
[2.640s] Level 1:colcon.colcon_core.environment:checking '/home/wagnerxavier/ros2_ws/install/frhal_msgs' for CMake config files
[2.641s] Level 1:colcon.colcon_core.shell:create_environment_hook('frhal_msgs', 'cmake_prefix_path')
[2.641s] INFO:colcon.colcon_core.shell:Creating environment hook '/home/wagnerxavier/ros2_ws/install/frhal_msgs/share/frhal_msgs/hook/cmake_prefix_path.ps1'
[2.643s] INFO:colcon.colcon_core.shell:Creating environment descriptor '/home/wagnerxavier/ros2_ws/install/frhal_msgs/share/frhal_msgs/hook/cmake_prefix_path.dsv'
[2.644s] INFO:colcon.colcon_core.shell:Creating environment hook '/home/wagnerxavier/ros2_ws/install/frhal_msgs/share/frhal_msgs/hook/cmake_prefix_path.sh'
[2.646s] Level 1:colcon.colcon_core.environment:checking '/home/wagnerxavier/ros2_ws/install/frhal_msgs/lib'
[2.646s] Level 1:colcon.colcon_core.shell:create_environment_hook('frhal_msgs', 'ld_library_path_lib')
[2.646s] INFO:colcon.colcon_core.shell:Creating environment hook '/home/wagnerxavier/ros2_ws/install/frhal_msgs/share/frhal_msgs/hook/ld_library_path_lib.ps1'
[2.647s] INFO:colcon.colcon_core.shell:Creating environment descriptor '/home/wagnerxavier/ros2_ws/install/frhal_msgs/share/frhal_msgs/hook/ld_library_path_lib.dsv'
[2.649s] INFO:colcon.colcon_core.shell:Creating environment hook '/home/wagnerxavier/ros2_ws/install/frhal_msgs/share/frhal_msgs/hook/ld_library_path_lib.sh'
[2.650s] Level 1:colcon.colcon_core.environment:checking '/home/wagnerxavier/ros2_ws/install/frhal_msgs/bin'
[2.650s] Level 1:colcon.colcon_core.environment:checking '/home/wagnerxavier/ros2_ws/install/frhal_msgs/lib/pkgconfig/frhal_msgs.pc'
[2.651s] Level 1:colcon.colcon_core.environment:checking '/home/wagnerxavier/ros2_ws/install/frhal_msgs/lib/python3.10/site-packages'
[2.651s] Level 1:colcon.colcon_core.environment:checking '/home/wagnerxavier/ros2_ws/install/frhal_msgs/bin'
[2.651s] INFO:colcon.colcon_core.shell:Creating package script '/home/wagnerxavier/ros2_ws/install/frhal_msgs/share/frhal_msgs/package.ps1'
[2.653s] INFO:colcon.colcon_core.shell:Creating package descriptor '/home/wagnerxavier/ros2_ws/install/frhal_msgs/share/frhal_msgs/package.dsv'
[2.654s] INFO:colcon.colcon_core.shell:Creating package script '/home/wagnerxavier/ros2_ws/install/frhal_msgs/share/frhal_msgs/package.sh'
[2.655s] INFO:colcon.colcon_core.shell:Creating package script '/home/wagnerxavier/ros2_ws/install/frhal_msgs/share/frhal_msgs/package.bash'
[2.657s] INFO:colcon.colcon_core.shell:Creating package script '/home/wagnerxavier/ros2_ws/install/frhal_msgs/share/frhal_msgs/package.zsh'
[2.658s] Level 1:colcon.colcon_core.environment:create_file_with_runtime_dependencies(/home/wagnerxavier/ros2_ws/install/frhal_msgs/share/colcon-core/packages/frhal_msgs)
[2.660s] INFO:colcon.colcon_ros.task.ament_cmake.build:Building ROS package in '/home/wagnerxavier/ros2_ws/src/frcobot_ros2/fr_ros2' with build type 'ament_cmake'
[2.660s] INFO:colcon.colcon_cmake.task.cmake.build:Building CMake package in '/home/wagnerxavier/ros2_ws/src/frcobot_ros2/fr_ros2'
[2.661s] INFO:colcon.colcon_core.shell:Skip shell extension 'powershell' for command environment: Not usable outside of PowerShell
[2.661s] DEBUG:colcon.colcon_core.shell:Skip shell extension 'dsv' for command environment
[2.747s] DEBUG:colcon.colcon_core.event_handler.log_command:Invoking command in '/home/wagnerxavier/ros2_ws/build/fr_ros2': CMAKE_PREFIX_PATH=${CMAKE_PREFIX_PATH}:/opt/ros/humble /usr/bin/cmake --build /home/wagnerxavier/ros2_ws/build/fr_ros2 -- -j4 -l4
[2.894s] DEBUG:colcon.colcon_core.event_handler.log_command:Invoked command in '/home/wagnerxavier/ros2_ws/build/fr_ros2' returned '0': CMAKE_PREFIX_PATH=${CMAKE_PREFIX_PATH}:/opt/ros/humble /usr/bin/cmake --build /home/wagnerxavier/ros2_ws/build/fr_ros2 -- -j4 -l4
[3.078s] DEBUG:colcon.colcon_core.event_handler.log_command:Invoking command in '/home/wagnerxavier/ros2_ws/build/fr_ros2': CMAKE_PREFIX_PATH=${CMAKE_PREFIX_PATH}:/opt/ros/humble /usr/bin/cmake --install /home/wagnerxavier/ros2_ws/build/fr_ros2
[3.098s] Level 1:colcon.colcon_core.environment:create_environment_scripts_only(fr_ros2)
[3.098s] DEBUG:colcon.colcon_core.event_handler.log_command:Invoked command in '/home/wagnerxavier/ros2_ws/build/fr_ros2' returned '0': CMAKE_PREFIX_PATH=${CMAKE_PREFIX_PATH}:/opt/ros/humble /usr/bin/cmake --install /home/wagnerxavier/ros2_ws/build/fr_ros2
[3.099s] Level 1:colcon.colcon_core.environment:checking '/home/wagnerxavier/ros2_ws/install/fr_ros2' for CMake module files
[3.100s] Level 1:colcon.colcon_core.environment:checking '/home/wagnerxavier/ros2_ws/install/fr_ros2' for CMake config files
[3.100s] Level 1:colcon.colcon_core.shell:create_environment_hook('fr_ros2', 'cmake_prefix_path')
[3.100s] INFO:colcon.colcon_core.shell:Creating environment hook '/home/wagnerxavier/ros2_ws/install/fr_ros2/share/fr_ros2/hook/cmake_prefix_path.ps1'
[3.101s] INFO:colcon.colcon_core.shell:Creating environment descriptor '/home/wagnerxavier/ros2_ws/install/fr_ros2/share/fr_ros2/hook/cmake_prefix_path.dsv'
[3.102s] INFO:colcon.colcon_core.shell:Creating environment hook '/home/wagnerxavier/ros2_ws/install/fr_ros2/share/fr_ros2/hook/cmake_prefix_path.sh'
[3.103s] Level 1:colcon.colcon_core.environment:checking '/home/wagnerxavier/ros2_ws/install/fr_ros2/lib'
[3.103s] Level 1:colcon.colcon_core.environment:checking '/home/wagnerxavier/ros2_ws/install/fr_ros2/bin'
[3.103s] Level 1:colcon.colcon_core.environment:checking '/home/wagnerxavier/ros2_ws/install/fr_ros2/lib/pkgconfig/fr_ros2.pc'
[3.104s] Level 1:colcon.colcon_core.environment:checking '/home/wagnerxavier/ros2_ws/install/fr_ros2/lib/python3.10/site-packages'
[3.104s] Level 1:colcon.colcon_core.environment:checking '/home/wagnerxavier/ros2_ws/install/fr_ros2/bin'
[3.104s] INFO:colcon.colcon_core.shell:Creating package script '/home/wagnerxavier/ros2_ws/install/fr_ros2/share/fr_ros2/package.ps1'
[3.105s] INFO:colcon.colcon_core.shell:Creating package descriptor '/home/wagnerxavier/ros2_ws/install/fr_ros2/share/fr_ros2/package.dsv'
[3.106s] INFO:colcon.colcon_core.shell:Creating package script '/home/wagnerxavier/ros2_ws/install/fr_ros2/share/fr_ros2/package.sh'
[3.107s] INFO:colcon.colcon_core.shell:Creating package script '/home/wagnerxavier/ros2_ws/install/fr_ros2/share/fr_ros2/package.bash'
[3.107s] INFO:colcon.colcon_core.shell:Creating package script '/home/wagnerxavier/ros2_ws/install/fr_ros2/share/fr_ros2/package.zsh'
[3.108s] Level 1:colcon.colcon_core.environment:create_file_with_runtime_dependencies(/home/wagnerxavier/ros2_ws/install/fr_ros2/share/colcon-core/packages/fr_ros2)
[3.263s] Level 1:colcon.colcon_core.environment:create_environment_scripts_only(fr_ros2)
[3.264s] Level 1:colcon.colcon_core.environment:checking '/home/wagnerxavier/ros2_ws/install/fr_ros2' for CMake module files
[3.264s] Level 1:colcon.colcon_core.environment:checking '/home/wagnerxavier/ros2_ws/install/fr_ros2' for CMake config files
[3.264s] Level 1:colcon.colcon_core.shell:create_environment_hook('fr_ros2', 'cmake_prefix_path')
[3.265s] INFO:colcon.colcon_core.shell:Creating environment hook '/home/wagnerxavier/ros2_ws/install/fr_ros2/share/fr_ros2/hook/cmake_prefix_path.ps1'
[3.265s] INFO:colcon.colcon_core.shell:Creating environment descriptor '/home/wagnerxavier/ros2_ws/install/fr_ros2/share/fr_ros2/hook/cmake_prefix_path.dsv'
[3.266s] INFO:colcon.colcon_core.shell:Creating environment hook '/home/wagnerxavier/ros2_ws/install/fr_ros2/share/fr_ros2/hook/cmake_prefix_path.sh'
[3.267s] Level 1:colcon.colcon_core.environment:checking '/home/wagnerxavier/ros2_ws/install/fr_ros2/lib'
[3.268s] Level 1:colcon.colcon_core.environment:checking '/home/wagnerxavier/ros2_ws/install/fr_ros2/bin'
[3.268s] Level 1:colcon.colcon_core.environment:checking '/home/wagnerxavier/ros2_ws/install/fr_ros2/lib/pkgconfig/fr_ros2.pc'
[3.268s] Level 1:colcon.colcon_core.environment:checking '/home/wagnerxavier/ros2_ws/install/fr_ros2/lib/python3.10/site-packages'
[3.268s] Level 1:colcon.colcon_core.environment:checking '/home/wagnerxavier/ros2_ws/install/fr_ros2/bin'
[3.269s] INFO:colcon.colcon_core.shell:Creating package script '/home/wagnerxavier/ros2_ws/install/fr_ros2/share/fr_ros2/package.ps1'
[3.269s] INFO:colcon.colcon_core.shell:Creating package descriptor '/home/wagnerxavier/ros2_ws/install/fr_ros2/share/fr_ros2/package.dsv'
[3.270s] INFO:colcon.colcon_core.shell:Creating package script '/home/wagnerxavier/ros2_ws/install/fr_ros2/share/fr_ros2/package.sh'
[3.272s] INFO:colcon.colcon_core.shell:Creating package script '/home/wagnerxavier/ros2_ws/install/fr_ros2/share/fr_ros2/package.bash'
[3.274s] INFO:colcon.colcon_core.shell:Creating package script '/home/wagnerxavier/ros2_ws/install/fr_ros2/share/fr_ros2/package.zsh'
[3.275s] Level 1:colcon.colcon_core.environment:create_file_with_runtime_dependencies(/home/wagnerxavier/ros2_ws/install/fr_ros2/share/colcon-core/packages/fr_ros2)
[3.276s] DEBUG:colcon.colcon_parallel_executor.executor.parallel:closing loop
[3.277s] DEBUG:colcon.colcon_parallel_executor.executor.parallel:loop closed
[3.277s] DEBUG:colcon.colcon_parallel_executor.executor.parallel:run_until_complete finished with '0'
[3.277s] DEBUG:colcon.colcon_core.event_reactor:joining thread
[3.284s] INFO:colcon.colcon_core.plugin_system:Skipping extension 'colcon_notification.desktop_notification.terminal_notifier': Not used on non-Darwin systems
[3.284s] INFO:colcon.colcon_core.plugin_system:Skipping extension 'colcon_notification.desktop_notification.win32': Not used on non-Windows systems
[3.284s] INFO:colcon.colcon_notification.desktop_notification:Sending desktop notification using 'notify2'
[3.315s] DEBUG:colcon.colcon_core.event_reactor:joined thread
[3.315s] INFO:colcon.colcon_core.shell:Creating prefix script '/home/wagnerxavier/ros2_ws/install/local_setup.ps1'
[3.319s] INFO:colcon.colcon_core.shell:Creating prefix util module '/home/wagnerxavier/ros2_ws/install/_local_setup_util_ps1.py'
[3.322s] INFO:colcon.colcon_core.shell:Creating prefix chain script '/home/wagnerxavier/ros2_ws/install/setup.ps1'
[3.324s] INFO:colcon.colcon_core.shell:Creating prefix script '/home/wagnerxavier/ros2_ws/install/local_setup.sh'
[3.326s] INFO:colcon.colcon_core.shell:Creating prefix util module '/home/wagnerxavier/ros2_ws/install/_local_setup_util_sh.py'
[3.326s] INFO:colcon.colcon_core.shell:Creating prefix chain script '/home/wagnerxavier/ros2_ws/install/setup.sh'
[3.329s] INFO:colcon.colcon_core.shell:Creating prefix script '/home/wagnerxavier/ros2_ws/install/local_setup.bash'
[3.329s] INFO:colcon.colcon_core.shell:Creating prefix chain script '/home/wagnerxavier/ros2_ws/install/setup.bash'
[3.331s] INFO:colcon.colcon_core.shell:Creating prefix script '/home/wagnerxavier/ros2_ws/install/local_setup.zsh'
[3.332s] INFO:colcon.colcon_core.shell:Creating prefix chain script '/home/wagnerxavier/ros2_ws/install/setup.zsh'
