-- The C compiler identification is GNU 11.4.0
-- The CXX compiler identification is GNU 11.4.0
-- Detecting C compiler ABI info
-- Detecting C compiler ABI info - done
-- Check for working C compiler: /usr/bin/cc - skipped
-- Detecting C compile features
-- Detecting C compile features - done
-- Detecting CXX compiler ABI info
-- Detecting CXX compiler ABI info - done
-- Check for working CXX compiler: /usr/bin/c++ - skipped
-- Detecting CXX compile features
-- Detecting CXX compile features - done
-- Found ament_cmake: 1.3.9 (/opt/ros/humble/share/ament_cmake/cmake)
-- Found Python3: /usr/bin/python3 (found version "3.10.12") found components: Interpreter 
-- Found rclcpp: 16.0.9 (/opt/ros/humble/share/rclcpp/cmake)
-- Found rosidl_generator_c: 3.1.5 (/opt/ros/humble/share/rosidl_generator_c/cmake)
-- Found rosidl_adapter: 3.1.5 (/opt/ros/humble/share/rosidl_adapter/cmake)
-- Found rosidl_generator_cpp: 3.1.5 (/opt/ros/humble/share/rosidl_generator_cpp/cmake)
-- Using all available rosidl_typesupport_c: rosidl_typesupport_fastrtps_c;rosidl_typesupport_introspection_c
-- Using all available rosidl_typesupport_cpp: rosidl_typesupport_fastrtps_cpp;rosidl_typesupport_introspection_cpp
-- Found rmw_implementation_cmake: 6.1.2 (/opt/ros/humble/share/rmw_implementation_cmake/cmake)
-- Found rmw_fastrtps_cpp: 6.2.6 (/opt/ros/humble/share/rmw_fastrtps_cpp/cmake)
-- Found OpenSSL: /usr/lib/x86_64-linux-gnu/libcrypto.so (found version "3.0.2")  
-- Found FastRTPS: /opt/ros/humble/include  
-- Using RMW implementation 'rmw_fastrtps_cpp' as default
-- Looking for pthread.h
-- Looking for pthread.h - found
-- Performing Test CMAKE_HAVE_LIBC_PTHREAD
-- Performing Test CMAKE_HAVE_LIBC_PTHREAD - Success
-- Found Threads: TRUE  
-- Found frhal_msgs: 0.0.0 (/home/wagnerxavier/ros2_ws/install/frhal_msgs/share/frhal_msgs/cmake)
-- Found ament_lint_auto: 0.12.11 (/opt/ros/humble/share/ament_lint_auto/cmake)
-- Added test 'cppcheck' to perform static code analysis on C / C++ code
-- Configured cppcheck include dirs: /home/wagnerxavier/ros2_ws/src/frcobot_ros2/fr_ros2/include/fr_ros2;/home/wagnerxavier/ros2_ws/src/frcobot_ros2/fr_ros2/examples/include
-- Configured cppcheck exclude dirs and/or files: 
-- Added test 'lint_cmake' to check CMake code style
-- Added test 'uncrustify' to check C / C++ code style
-- Configured uncrustify additional arguments: 
-- Added test 'xmllint' to check XML markup files
-- Configuring done
-- Generating done
-- Build files have been written to: /home/wagnerxavier/ros2_ws/build/fr_ros2
[ 12%] [32mBuilding CXX object CMakeFiles/srv_test_client.dir/examples/src/main.cpp.o[0m
[ 25%] [32mBuilding CXX object CMakeFiles/ros2_cmd_server.dir/src/global_val.cpp.o[0m
[ 37%] [32mBuilding CXX object CMakeFiles/srv_test_client.dir/examples/src/srv_test_client.cpp.o[0m
[ 50%] [32mBuilding CXX object CMakeFiles/ros2_cmd_server.dir/src/ROS_API.cpp.o[0m
[ 62%] [32mBuilding CXX object CMakeFiles/ros2_cmd_server.dir/src/main.cpp.o[0m
[ 75%] [32mBuilding CXX object CMakeFiles/ros2_cmd_server.dir/src/state_feedback.cpp.o[0m
[ 87%] [32m[1mLinking CXX executable srv_test_client[0m
[ 87%] Built target srv_test_client
[100%] [32m[1mLinking CXX executable ros2_cmd_server[0m
[100%] Built target ros2_cmd_server
-- Install configuration: ""
-- Installing: /home/wagnerxavier/ros2_ws/install/fr_ros2/lib/fr_ros2/ros2_cmd_server
-- Set runtime path of "/home/wagnerxavier/ros2_ws/install/fr_ros2/lib/fr_ros2/ros2_cmd_server" to ""
-- Installing: /home/wagnerxavier/ros2_ws/install/fr_ros2/lib/fr_ros2/srv_test_client
-- Set runtime path of "/home/wagnerxavier/ros2_ws/install/fr_ros2/lib/fr_ros2/srv_test_client" to ""
-- Installing: /home/wagnerxavier/ros2_ws/install/fr_ros2/share/ament_index/resource_index/package_run_dependencies/fr_ros2
-- Installing: /home/wagnerxavier/ros2_ws/install/fr_ros2/share/ament_index/resource_index/parent_prefix_path/fr_ros2
-- Installing: /home/wagnerxavier/ros2_ws/install/fr_ros2/share/fr_ros2/environment/ament_prefix_path.sh
-- Installing: /home/wagnerxavier/ros2_ws/install/fr_ros2/share/fr_ros2/environment/ament_prefix_path.dsv
-- Installing: /home/wagnerxavier/ros2_ws/install/fr_ros2/share/fr_ros2/environment/path.sh
-- Installing: /home/wagnerxavier/ros2_ws/install/fr_ros2/share/fr_ros2/environment/path.dsv
-- Installing: /home/wagnerxavier/ros2_ws/install/fr_ros2/share/fr_ros2/local_setup.bash
-- Installing: /home/wagnerxavier/ros2_ws/install/fr_ros2/share/fr_ros2/local_setup.sh
-- Installing: /home/wagnerxavier/ros2_ws/install/fr_ros2/share/fr_ros2/local_setup.zsh
-- Installing: /home/wagnerxavier/ros2_ws/install/fr_ros2/share/fr_ros2/local_setup.dsv
-- Installing: /home/wagnerxavier/ros2_ws/install/fr_ros2/share/fr_ros2/package.dsv
-- Installing: /home/wagnerxavier/ros2_ws/install/fr_ros2/share/ament_index/resource_index/packages/fr_ros2
-- Installing: /home/wagnerxavier/ros2_ws/install/fr_ros2/share/fr_ros2/cmake/fr_ros2Config.cmake
-- Installing: /home/wagnerxavier/ros2_ws/install/fr_ros2/share/fr_ros2/cmake/fr_ros2Config-version.cmake
-- Installing: /home/wagnerxavier/ros2_ws/install/fr_ros2/share/fr_ros2/package.xml
