[  2%] Built target frhal_msgs__cpp
[ 12%] Built target frhal_msgs__rosidl_generator_c
[ 12%] Built target ament_cmake_python_copy_frhal_msgs
[ 23%] Built target frhal_msgs__rosidl_typesupport_introspection_c
[ 33%] Built target frhal_msgs__rosidl_typesupport_cpp
[ 43%] Built target frhal_msgs__rosidl_typesupport_c
[ 53%] Built target frhal_msgs__rosidl_typesupport_fastrtps_c
[ 74%] Built target frhal_msgs__rosidl_typesupport_fastrtps_cpp
[ 74%] Built target frhal_msgs__rosidl_typesupport_introspection_cpp
[ 74%] Built target frhal_msgs
[ 76%] Built target frhal_msgs__py
[ 84%] Built target frhal_msgs__rosidl_generator_py
[ 89%] Built target frhal_msgs__rosidl_typesupport_c__pyext
[ 94%] Built target frhal_msgs__rosidl_typesupport_fastrtps_c__pyext
[100%] Built target frhal_msgs__rosidl_typesupport_introspection_c__pyext
running egg_info
writing frhal_msgs.egg-info/PKG-INFO
writing dependency_links to frhal_msgs.egg-info/dependency_links.txt
writing top-level names to frhal_msgs.egg-info/top_level.txt
reading manifest file 'frhal_msgs.egg-info/SOURCES.txt'
writing manifest file 'frhal_msgs.egg-info/SOURCES.txt'
[100%] Built target ament_cmake_python_build_frhal_msgs_egg
-- Install configuration: ""
-- Up-to-date: /home/wagnerxavier/ros2_ws/install/frhal_msgs/share/ament_index/resource_index/rosidl_interfaces/frhal_msgs
-- Up-to-date: /home/wagnerxavier/ros2_ws/install/frhal_msgs/include/frhal_msgs/frhal_msgs
-- Up-to-date: /home/wagnerxavier/ros2_ws/install/frhal_msgs/include/frhal_msgs/frhal_msgs/msg
-- Up-to-date: /home/wagnerxavier/ros2_ws/install/frhal_msgs/include/frhal_msgs/frhal_msgs/msg/rosidl_generator_c__visibility_control.h
-- Up-to-date: /home/wagnerxavier/ros2_ws/install/frhal_msgs/include/frhal_msgs/frhal_msgs/msg/fr_state.h
-- Up-to-date: /home/wagnerxavier/ros2_ws/install/frhal_msgs/include/frhal_msgs/frhal_msgs/msg/detail
-- Up-to-date: /home/wagnerxavier/ros2_ws/install/frhal_msgs/include/frhal_msgs/frhal_msgs/msg/detail/fr_state__type_support.h
-- Up-to-date: /home/wagnerxavier/ros2_ws/install/frhal_msgs/include/frhal_msgs/frhal_msgs/msg/detail/fr_state__functions.h
-- Up-to-date: /home/wagnerxavier/ros2_ws/install/frhal_msgs/include/frhal_msgs/frhal_msgs/msg/detail/fr_state__struct.h
-- Up-to-date: /home/wagnerxavier/ros2_ws/install/frhal_msgs/include/frhal_msgs/frhal_msgs/msg/detail/fr_state__functions.c
-- Up-to-date: /home/wagnerxavier/ros2_ws/install/frhal_msgs/include/frhal_msgs/frhal_msgs/srv
-- Up-to-date: /home/wagnerxavier/ros2_ws/install/frhal_msgs/include/frhal_msgs/frhal_msgs/srv/ros_cmd_interface.h
-- Up-to-date: /home/wagnerxavier/ros2_ws/install/frhal_msgs/include/frhal_msgs/frhal_msgs/srv/detail
-- Up-to-date: /home/wagnerxavier/ros2_ws/install/frhal_msgs/include/frhal_msgs/frhal_msgs/srv/detail/ros_cmd_interface__functions.c
-- Up-to-date: /home/wagnerxavier/ros2_ws/install/frhal_msgs/include/frhal_msgs/frhal_msgs/srv/detail/ros_cmd_interface__struct.h
-- Up-to-date: /home/wagnerxavier/ros2_ws/install/frhal_msgs/include/frhal_msgs/frhal_msgs/srv/detail/ros_cmd_interface__functions.h
-- Up-to-date: /home/wagnerxavier/ros2_ws/install/frhal_msgs/include/frhal_msgs/frhal_msgs/srv/detail/ros_cmd_interface__type_support.h
-- Up-to-date: /home/wagnerxavier/ros2_ws/install/frhal_msgs/share/frhal_msgs/environment/library_path.sh
-- Up-to-date: /home/wagnerxavier/ros2_ws/install/frhal_msgs/share/frhal_msgs/environment/library_path.dsv
-- Up-to-date: /home/wagnerxavier/ros2_ws/install/frhal_msgs/lib/libfrhal_msgs__rosidl_generator_c.so
-- Up-to-date: /home/wagnerxavier/ros2_ws/install/frhal_msgs/include/frhal_msgs/frhal_msgs
-- Up-to-date: /home/wagnerxavier/ros2_ws/install/frhal_msgs/include/frhal_msgs/frhal_msgs/msg
-- Up-to-date: /home/wagnerxavier/ros2_ws/install/frhal_msgs/include/frhal_msgs/frhal_msgs/msg/rosidl_typesupport_fastrtps_c__visibility_control.h
-- Up-to-date: /home/wagnerxavier/ros2_ws/install/frhal_msgs/include/frhal_msgs/frhal_msgs/msg/detail
-- Up-to-date: /home/wagnerxavier/ros2_ws/install/frhal_msgs/include/frhal_msgs/frhal_msgs/msg/detail/fr_state__rosidl_typesupport_fastrtps_c.h
-- Up-to-date: /home/wagnerxavier/ros2_ws/install/frhal_msgs/include/frhal_msgs/frhal_msgs/srv
-- Up-to-date: /home/wagnerxavier/ros2_ws/install/frhal_msgs/include/frhal_msgs/frhal_msgs/srv/detail
-- Up-to-date: /home/wagnerxavier/ros2_ws/install/frhal_msgs/include/frhal_msgs/frhal_msgs/srv/detail/ros_cmd_interface__rosidl_typesupport_fastrtps_c.h
-- Up-to-date: /home/wagnerxavier/ros2_ws/install/frhal_msgs/lib/libfrhal_msgs__rosidl_typesupport_fastrtps_c.so
-- Up-to-date: /home/wagnerxavier/ros2_ws/install/frhal_msgs/include/frhal_msgs/frhal_msgs
-- Up-to-date: /home/wagnerxavier/ros2_ws/install/frhal_msgs/include/frhal_msgs/frhal_msgs/msg
-- Up-to-date: /home/wagnerxavier/ros2_ws/install/frhal_msgs/include/frhal_msgs/frhal_msgs/msg/detail
-- Up-to-date: /home/wagnerxavier/ros2_ws/install/frhal_msgs/include/frhal_msgs/frhal_msgs/msg/detail/fr_state__rosidl_typesupport_introspection_c.h
-- Up-to-date: /home/wagnerxavier/ros2_ws/install/frhal_msgs/include/frhal_msgs/frhal_msgs/msg/detail/fr_state__type_support.c
-- Up-to-date: /home/wagnerxavier/ros2_ws/install/frhal_msgs/include/frhal_msgs/frhal_msgs/msg/rosidl_typesupport_introspection_c__visibility_control.h
-- Up-to-date: /home/wagnerxavier/ros2_ws/install/frhal_msgs/include/frhal_msgs/frhal_msgs/srv
-- Up-to-date: /home/wagnerxavier/ros2_ws/install/frhal_msgs/include/frhal_msgs/frhal_msgs/srv/detail
-- Up-to-date: /home/wagnerxavier/ros2_ws/install/frhal_msgs/include/frhal_msgs/frhal_msgs/srv/detail/ros_cmd_interface__type_support.c
-- Up-to-date: /home/wagnerxavier/ros2_ws/install/frhal_msgs/include/frhal_msgs/frhal_msgs/srv/detail/ros_cmd_interface__rosidl_typesupport_introspection_c.h
-- Up-to-date: /home/wagnerxavier/ros2_ws/install/frhal_msgs/lib/libfrhal_msgs__rosidl_typesupport_introspection_c.so
-- Up-to-date: /home/wagnerxavier/ros2_ws/install/frhal_msgs/lib/libfrhal_msgs__rosidl_typesupport_c.so
-- Up-to-date: /home/wagnerxavier/ros2_ws/install/frhal_msgs/include/frhal_msgs/frhal_msgs
-- Up-to-date: /home/wagnerxavier/ros2_ws/install/frhal_msgs/include/frhal_msgs/frhal_msgs/msg
-- Up-to-date: /home/wagnerxavier/ros2_ws/install/frhal_msgs/include/frhal_msgs/frhal_msgs/msg/fr_state.hpp
-- Up-to-date: /home/wagnerxavier/ros2_ws/install/frhal_msgs/include/frhal_msgs/frhal_msgs/msg/detail
-- Up-to-date: /home/wagnerxavier/ros2_ws/install/frhal_msgs/include/frhal_msgs/frhal_msgs/msg/detail/fr_state__traits.hpp
-- Up-to-date: /home/wagnerxavier/ros2_ws/install/frhal_msgs/include/frhal_msgs/frhal_msgs/msg/detail/fr_state__struct.hpp
-- Up-to-date: /home/wagnerxavier/ros2_ws/install/frhal_msgs/include/frhal_msgs/frhal_msgs/msg/detail/fr_state__builder.hpp
-- Up-to-date: /home/wagnerxavier/ros2_ws/install/frhal_msgs/include/frhal_msgs/frhal_msgs/srv
-- Up-to-date: /home/wagnerxavier/ros2_ws/install/frhal_msgs/include/frhal_msgs/frhal_msgs/srv/ros_cmd_interface.hpp
-- Up-to-date: /home/wagnerxavier/ros2_ws/install/frhal_msgs/include/frhal_msgs/frhal_msgs/srv/detail
-- Up-to-date: /home/wagnerxavier/ros2_ws/install/frhal_msgs/include/frhal_msgs/frhal_msgs/srv/detail/ros_cmd_interface__builder.hpp
-- Up-to-date: /home/wagnerxavier/ros2_ws/install/frhal_msgs/include/frhal_msgs/frhal_msgs/srv/detail/ros_cmd_interface__struct.hpp
-- Up-to-date: /home/wagnerxavier/ros2_ws/install/frhal_msgs/include/frhal_msgs/frhal_msgs/srv/detail/ros_cmd_interface__traits.hpp
-- Up-to-date: /home/wagnerxavier/ros2_ws/install/frhal_msgs/include/frhal_msgs/frhal_msgs
-- Up-to-date: /home/wagnerxavier/ros2_ws/install/frhal_msgs/include/frhal_msgs/frhal_msgs/msg
-- Up-to-date: /home/wagnerxavier/ros2_ws/install/frhal_msgs/include/frhal_msgs/frhal_msgs/msg/rosidl_typesupport_fastrtps_cpp__visibility_control.h
-- Up-to-date: /home/wagnerxavier/ros2_ws/install/frhal_msgs/include/frhal_msgs/frhal_msgs/msg/detail
-- Up-to-date: /home/wagnerxavier/ros2_ws/install/frhal_msgs/include/frhal_msgs/frhal_msgs/msg/detail/dds_fastrtps
-- Up-to-date: /home/wagnerxavier/ros2_ws/install/frhal_msgs/include/frhal_msgs/frhal_msgs/msg/detail/fr_state__rosidl_typesupport_fastrtps_cpp.hpp
-- Up-to-date: /home/wagnerxavier/ros2_ws/install/frhal_msgs/include/frhal_msgs/frhal_msgs/srv
-- Up-to-date: /home/wagnerxavier/ros2_ws/install/frhal_msgs/include/frhal_msgs/frhal_msgs/srv/detail
-- Up-to-date: /home/wagnerxavier/ros2_ws/install/frhal_msgs/include/frhal_msgs/frhal_msgs/srv/detail/ros_cmd_interface__rosidl_typesupport_fastrtps_cpp.hpp
-- Up-to-date: /home/wagnerxavier/ros2_ws/install/frhal_msgs/include/frhal_msgs/frhal_msgs/srv/detail/dds_fastrtps
-- Up-to-date: /home/wagnerxavier/ros2_ws/install/frhal_msgs/lib/libfrhal_msgs__rosidl_typesupport_fastrtps_cpp.so
-- Up-to-date: /home/wagnerxavier/ros2_ws/install/frhal_msgs/include/frhal_msgs/frhal_msgs
-- Up-to-date: /home/wagnerxavier/ros2_ws/install/frhal_msgs/include/frhal_msgs/frhal_msgs/msg
-- Up-to-date: /home/wagnerxavier/ros2_ws/install/frhal_msgs/include/frhal_msgs/frhal_msgs/msg/detail
-- Up-to-date: /home/wagnerxavier/ros2_ws/install/frhal_msgs/include/frhal_msgs/frhal_msgs/msg/detail/fr_state__rosidl_typesupport_introspection_cpp.hpp
-- Up-to-date: /home/wagnerxavier/ros2_ws/install/frhal_msgs/include/frhal_msgs/frhal_msgs/msg/detail/fr_state__type_support.cpp
-- Up-to-date: /home/wagnerxavier/ros2_ws/install/frhal_msgs/include/frhal_msgs/frhal_msgs/srv
-- Up-to-date: /home/wagnerxavier/ros2_ws/install/frhal_msgs/include/frhal_msgs/frhal_msgs/srv/detail
-- Up-to-date: /home/wagnerxavier/ros2_ws/install/frhal_msgs/include/frhal_msgs/frhal_msgs/srv/detail/ros_cmd_interface__type_support.cpp
-- Up-to-date: /home/wagnerxavier/ros2_ws/install/frhal_msgs/include/frhal_msgs/frhal_msgs/srv/detail/ros_cmd_interface__rosidl_typesupport_introspection_cpp.hpp
-- Up-to-date: /home/wagnerxavier/ros2_ws/install/frhal_msgs/lib/libfrhal_msgs__rosidl_typesupport_introspection_cpp.so
-- Up-to-date: /home/wagnerxavier/ros2_ws/install/frhal_msgs/lib/libfrhal_msgs__rosidl_typesupport_cpp.so
-- Up-to-date: /home/wagnerxavier/ros2_ws/install/frhal_msgs/share/frhal_msgs/environment/pythonpath.sh
-- Up-to-date: /home/wagnerxavier/ros2_ws/install/frhal_msgs/share/frhal_msgs/environment/pythonpath.dsv
-- Up-to-date: /home/wagnerxavier/ros2_ws/install/frhal_msgs/local/lib/python3.10/dist-packages/frhal_msgs-0.0.0-py3.10.egg-info
-- Installing: /home/wagnerxavier/ros2_ws/install/frhal_msgs/local/lib/python3.10/dist-packages/frhal_msgs-0.0.0-py3.10.egg-info/top_level.txt
-- Installing: /home/wagnerxavier/ros2_ws/install/frhal_msgs/local/lib/python3.10/dist-packages/frhal_msgs-0.0.0-py3.10.egg-info/SOURCES.txt
-- Installing: /home/wagnerxavier/ros2_ws/install/frhal_msgs/local/lib/python3.10/dist-packages/frhal_msgs-0.0.0-py3.10.egg-info/dependency_links.txt
-- Installing: /home/wagnerxavier/ros2_ws/install/frhal_msgs/local/lib/python3.10/dist-packages/frhal_msgs-0.0.0-py3.10.egg-info/PKG-INFO
-- Up-to-date: /home/wagnerxavier/ros2_ws/install/frhal_msgs/local/lib/python3.10/dist-packages/frhal_msgs
-- Up-to-date: /home/wagnerxavier/ros2_ws/install/frhal_msgs/local/lib/python3.10/dist-packages/frhal_msgs/frhal_msgs_s__rosidl_typesupport_c.cpython-310-x86_64-linux-gnu.so
-- Up-to-date: /home/wagnerxavier/ros2_ws/install/frhal_msgs/local/lib/python3.10/dist-packages/frhal_msgs/msg
-- Up-to-date: /home/wagnerxavier/ros2_ws/install/frhal_msgs/local/lib/python3.10/dist-packages/frhal_msgs/msg/_fr_state_s.c
-- Up-to-date: /home/wagnerxavier/ros2_ws/install/frhal_msgs/local/lib/python3.10/dist-packages/frhal_msgs/msg/__init__.py
-- Up-to-date: /home/wagnerxavier/ros2_ws/install/frhal_msgs/local/lib/python3.10/dist-packages/frhal_msgs/msg/_fr_state.py
-- Up-to-date: /home/wagnerxavier/ros2_ws/install/frhal_msgs/local/lib/python3.10/dist-packages/frhal_msgs/libfrhal_msgs__rosidl_generator_py.so
-- Up-to-date: /home/wagnerxavier/ros2_ws/install/frhal_msgs/local/lib/python3.10/dist-packages/frhal_msgs/__init__.py
-- Up-to-date: /home/wagnerxavier/ros2_ws/install/frhal_msgs/local/lib/python3.10/dist-packages/frhal_msgs/frhal_msgs_s__rosidl_typesupport_fastrtps_c.cpython-310-x86_64-linux-gnu.so
-- Up-to-date: /home/wagnerxavier/ros2_ws/install/frhal_msgs/local/lib/python3.10/dist-packages/frhal_msgs/srv
-- Up-to-date: /home/wagnerxavier/ros2_ws/install/frhal_msgs/local/lib/python3.10/dist-packages/frhal_msgs/srv/__init__.py
-- Up-to-date: /home/wagnerxavier/ros2_ws/install/frhal_msgs/local/lib/python3.10/dist-packages/frhal_msgs/srv/_ros_cmd_interface_s.c
-- Up-to-date: /home/wagnerxavier/ros2_ws/install/frhal_msgs/local/lib/python3.10/dist-packages/frhal_msgs/srv/_ros_cmd_interface.py
-- Up-to-date: /home/wagnerxavier/ros2_ws/install/frhal_msgs/local/lib/python3.10/dist-packages/frhal_msgs/_frhal_msgs_s.ep.rosidl_typesupport_c.c
-- Up-to-date: /home/wagnerxavier/ros2_ws/install/frhal_msgs/local/lib/python3.10/dist-packages/frhal_msgs/_frhal_msgs_s.ep.rosidl_typesupport_introspection_c.c
-- Up-to-date: /home/wagnerxavier/ros2_ws/install/frhal_msgs/local/lib/python3.10/dist-packages/frhal_msgs/frhal_msgs_s__rosidl_typesupport_introspection_c.cpython-310-x86_64-linux-gnu.so
-- Up-to-date: /home/wagnerxavier/ros2_ws/install/frhal_msgs/local/lib/python3.10/dist-packages/frhal_msgs/_frhal_msgs_s.ep.rosidl_typesupport_fastrtps_c.c
Listing '/home/wagnerxavier/ros2_ws/install/frhal_msgs/local/lib/python3.10/dist-packages/frhal_msgs'...
Listing '/home/wagnerxavier/ros2_ws/install/frhal_msgs/local/lib/python3.10/dist-packages/frhal_msgs/msg'...
Listing '/home/wagnerxavier/ros2_ws/install/frhal_msgs/local/lib/python3.10/dist-packages/frhal_msgs/srv'...
-- Up-to-date: /home/wagnerxavier/ros2_ws/install/frhal_msgs/local/lib/python3.10/dist-packages/frhal_msgs/frhal_msgs_s__rosidl_typesupport_fastrtps_c.cpython-310-x86_64-linux-gnu.so
-- Up-to-date: /home/wagnerxavier/ros2_ws/install/frhal_msgs/local/lib/python3.10/dist-packages/frhal_msgs/frhal_msgs_s__rosidl_typesupport_introspection_c.cpython-310-x86_64-linux-gnu.so
-- Up-to-date: /home/wagnerxavier/ros2_ws/install/frhal_msgs/local/lib/python3.10/dist-packages/frhal_msgs/frhal_msgs_s__rosidl_typesupport_c.cpython-310-x86_64-linux-gnu.so
-- Up-to-date: /home/wagnerxavier/ros2_ws/install/frhal_msgs/lib/libfrhal_msgs__rosidl_generator_py.so
-- Up-to-date: /home/wagnerxavier/ros2_ws/install/frhal_msgs/share/frhal_msgs/srv/ROSCmdInterface.idl
-- Up-to-date: /home/wagnerxavier/ros2_ws/install/frhal_msgs/share/frhal_msgs/msg/FRState.idl
-- Up-to-date: /home/wagnerxavier/ros2_ws/install/frhal_msgs/share/frhal_msgs/srv/ROSCmdInterface.srv
-- Up-to-date: /home/wagnerxavier/ros2_ws/install/frhal_msgs/share/frhal_msgs/srv/ROSCmdInterface_Request.msg
-- Up-to-date: /home/wagnerxavier/ros2_ws/install/frhal_msgs/share/frhal_msgs/srv/ROSCmdInterface_Response.msg
-- Up-to-date: /home/wagnerxavier/ros2_ws/install/frhal_msgs/share/frhal_msgs/msg/FRState.msg
-- Up-to-date: /home/wagnerxavier/ros2_ws/install/frhal_msgs/share/ament_index/resource_index/package_run_dependencies/frhal_msgs
-- Up-to-date: /home/wagnerxavier/ros2_ws/install/frhal_msgs/share/ament_index/resource_index/parent_prefix_path/frhal_msgs
-- Up-to-date: /home/wagnerxavier/ros2_ws/install/frhal_msgs/share/frhal_msgs/environment/ament_prefix_path.sh
-- Up-to-date: /home/wagnerxavier/ros2_ws/install/frhal_msgs/share/frhal_msgs/environment/ament_prefix_path.dsv
-- Up-to-date: /home/wagnerxavier/ros2_ws/install/frhal_msgs/share/frhal_msgs/environment/path.sh
-- Up-to-date: /home/wagnerxavier/ros2_ws/install/frhal_msgs/share/frhal_msgs/environment/path.dsv
-- Up-to-date: /home/wagnerxavier/ros2_ws/install/frhal_msgs/share/frhal_msgs/local_setup.bash
-- Up-to-date: /home/wagnerxavier/ros2_ws/install/frhal_msgs/share/frhal_msgs/local_setup.sh
-- Up-to-date: /home/wagnerxavier/ros2_ws/install/frhal_msgs/share/frhal_msgs/local_setup.zsh
-- Up-to-date: /home/wagnerxavier/ros2_ws/install/frhal_msgs/share/frhal_msgs/local_setup.dsv
-- Installing: /home/wagnerxavier/ros2_ws/install/frhal_msgs/share/frhal_msgs/package.dsv
-- Up-to-date: /home/wagnerxavier/ros2_ws/install/frhal_msgs/share/ament_index/resource_index/packages/frhal_msgs
-- Up-to-date: /home/wagnerxavier/ros2_ws/install/frhal_msgs/share/frhal_msgs/cmake/export_frhal_msgs__rosidl_generator_cExport.cmake
-- Up-to-date: /home/wagnerxavier/ros2_ws/install/frhal_msgs/share/frhal_msgs/cmake/export_frhal_msgs__rosidl_generator_cExport-noconfig.cmake
-- Up-to-date: /home/wagnerxavier/ros2_ws/install/frhal_msgs/share/frhal_msgs/cmake/export_frhal_msgs__rosidl_typesupport_fastrtps_cExport.cmake
-- Up-to-date: /home/wagnerxavier/ros2_ws/install/frhal_msgs/share/frhal_msgs/cmake/export_frhal_msgs__rosidl_typesupport_fastrtps_cExport-noconfig.cmake
-- Up-to-date: /home/wagnerxavier/ros2_ws/install/frhal_msgs/share/frhal_msgs/cmake/frhal_msgs__rosidl_typesupport_introspection_cExport.cmake
-- Up-to-date: /home/wagnerxavier/ros2_ws/install/frhal_msgs/share/frhal_msgs/cmake/frhal_msgs__rosidl_typesupport_introspection_cExport-noconfig.cmake
-- Up-to-date: /home/wagnerxavier/ros2_ws/install/frhal_msgs/share/frhal_msgs/cmake/frhal_msgs__rosidl_typesupport_cExport.cmake
-- Up-to-date: /home/wagnerxavier/ros2_ws/install/frhal_msgs/share/frhal_msgs/cmake/frhal_msgs__rosidl_typesupport_cExport-noconfig.cmake
-- Up-to-date: /home/wagnerxavier/ros2_ws/install/frhal_msgs/share/frhal_msgs/cmake/export_frhal_msgs__rosidl_generator_cppExport.cmake
-- Up-to-date: /home/wagnerxavier/ros2_ws/install/frhal_msgs/share/frhal_msgs/cmake/export_frhal_msgs__rosidl_typesupport_fastrtps_cppExport.cmake
-- Up-to-date: /home/wagnerxavier/ros2_ws/install/frhal_msgs/share/frhal_msgs/cmake/export_frhal_msgs__rosidl_typesupport_fastrtps_cppExport-noconfig.cmake
-- Up-to-date: /home/wagnerxavier/ros2_ws/install/frhal_msgs/share/frhal_msgs/cmake/frhal_msgs__rosidl_typesupport_introspection_cppExport.cmake
-- Up-to-date: /home/wagnerxavier/ros2_ws/install/frhal_msgs/share/frhal_msgs/cmake/frhal_msgs__rosidl_typesupport_introspection_cppExport-noconfig.cmake
-- Up-to-date: /home/wagnerxavier/ros2_ws/install/frhal_msgs/share/frhal_msgs/cmake/frhal_msgs__rosidl_typesupport_cppExport.cmake
-- Up-to-date: /home/wagnerxavier/ros2_ws/install/frhal_msgs/share/frhal_msgs/cmake/frhal_msgs__rosidl_typesupport_cppExport-noconfig.cmake
-- Up-to-date: /home/wagnerxavier/ros2_ws/install/frhal_msgs/share/frhal_msgs/cmake/export_frhal_msgs__rosidl_generator_pyExport.cmake
-- Up-to-date: /home/wagnerxavier/ros2_ws/install/frhal_msgs/share/frhal_msgs/cmake/export_frhal_msgs__rosidl_generator_pyExport-noconfig.cmake
-- Up-to-date: /home/wagnerxavier/ros2_ws/install/frhal_msgs/share/frhal_msgs/cmake/rosidl_cmake-extras.cmake
-- Up-to-date: /home/wagnerxavier/ros2_ws/install/frhal_msgs/share/frhal_msgs/cmake/ament_cmake_export_include_directories-extras.cmake
-- Up-to-date: /home/wagnerxavier/ros2_ws/install/frhal_msgs/share/frhal_msgs/cmake/ament_cmake_export_libraries-extras.cmake
-- Up-to-date: /home/wagnerxavier/ros2_ws/install/frhal_msgs/share/frhal_msgs/cmake/ament_cmake_export_targets-extras.cmake
-- Up-to-date: /home/wagnerxavier/ros2_ws/install/frhal_msgs/share/frhal_msgs/cmake/rosidl_cmake_export_typesupport_targets-extras.cmake
-- Up-to-date: /home/wagnerxavier/ros2_ws/install/frhal_msgs/share/frhal_msgs/cmake/ament_cmake_export_dependencies-extras.cmake
-- Up-to-date: /home/wagnerxavier/ros2_ws/install/frhal_msgs/share/frhal_msgs/cmake/rosidl_cmake_export_typesupport_libraries-extras.cmake
-- Up-to-date: /home/wagnerxavier/ros2_ws/install/frhal_msgs/share/frhal_msgs/cmake/frhal_msgsConfig.cmake
-- Up-to-date: /home/wagnerxavier/ros2_ws/install/frhal_msgs/share/frhal_msgs/cmake/frhal_msgsConfig-version.cmake
-- Up-to-date: /home/wagnerxavier/ros2_ws/install/frhal_msgs/share/frhal_msgs/package.xml
