[0.071s] Invoking command in '/home/wagnerxavier/ros2_ws/build/frhal_msgs': CMAKE_PREFIX_PATH=${CMAKE_PREFIX_PATH}:/opt/ros/humble /usr/bin/cmake --build /home/wagnerxavier/ros2_ws/build/frhal_msgs -- -j4 -l4
[0.231s] [  2%] Built target frhal_msgs__cpp
[0.245s] [ 12%] Built target frhal_msgs__rosidl_generator_c
[0.265s] [ 12%] Built target ament_cmake_python_copy_frhal_msgs
[0.366s] [ 23%] Built target frhal_msgs__rosidl_typesupport_introspection_c
[0.385s] [ 33%] Built target frhal_msgs__rosidl_typesupport_cpp
[0.385s] [ 43%] Built target frhal_msgs__rosidl_typesupport_c
[0.411s] [ 53%] Built target frhal_msgs__rosidl_typesupport_fastrtps_c
[0.474s] [ 74%] Built target frhal_msgs__rosidl_typesupport_fastrtps_cpp
[0.475s] [ 74%] Built target frhal_msgs__rosidl_typesupport_introspection_cpp
[0.523s] [ 74%] Built target frhal_msgs
[0.567s] [ 76%] Built target frhal_msgs__py
[0.621s] [ 84%] Built target frhal_msgs__rosidl_generator_py
[0.752s] [ 89%] Built target frhal_msgs__rosidl_typesupport_c__pyext
[0.756s] [ 94%] Built target frhal_msgs__rosidl_typesupport_fastrtps_c__pyext
[0.762s] [100%] Built target frhal_msgs__rosidl_typesupport_introspection_c__pyext
[0.834s] running egg_info
[0.836s] writing frhal_msgs.egg-info/PKG-INFO
[0.837s] writing dependency_links to frhal_msgs.egg-info/dependency_links.txt
[0.838s] writing top-level names to frhal_msgs.egg-info/top_level.txt
[0.844s] reading manifest file 'frhal_msgs.egg-info/SOURCES.txt'
[0.847s] writing manifest file 'frhal_msgs.egg-info/SOURCES.txt'
[0.887s] [100%] Built target ament_cmake_python_build_frhal_msgs_egg
[0.912s] Invoked command in '/home/wagnerxavier/ros2_ws/build/frhal_msgs' returned '0': CMAKE_PREFIX_PATH=${CMAKE_PREFIX_PATH}:/opt/ros/humble /usr/bin/cmake --build /home/wagnerxavier/ros2_ws/build/frhal_msgs -- -j4 -l4
[1.377s] Invoking command in '/home/wagnerxavier/ros2_ws/build/frhal_msgs': CMAKE_PREFIX_PATH=${CMAKE_PREFIX_PATH}:/opt/ros/humble /usr/bin/cmake --install /home/wagnerxavier/ros2_ws/build/frhal_msgs
[1.407s] -- Install configuration: ""
[1.407s] -- Up-to-date: /home/wagnerxavier/ros2_ws/install/frhal_msgs/share/ament_index/resource_index/rosidl_interfaces/frhal_msgs
[1.407s] -- Up-to-date: /home/wagnerxavier/ros2_ws/install/frhal_msgs/include/frhal_msgs/frhal_msgs
[1.407s] -- Up-to-date: /home/wagnerxavier/ros2_ws/install/frhal_msgs/include/frhal_msgs/frhal_msgs/msg
[1.407s] -- Up-to-date: /home/wagnerxavier/ros2_ws/install/frhal_msgs/include/frhal_msgs/frhal_msgs/msg/rosidl_generator_c__visibility_control.h
[1.408s] -- Up-to-date: /home/wagnerxavier/ros2_ws/install/frhal_msgs/include/frhal_msgs/frhal_msgs/msg/fr_state.h
[1.408s] -- Up-to-date: /home/wagnerxavier/ros2_ws/install/frhal_msgs/include/frhal_msgs/frhal_msgs/msg/detail
[1.408s] -- Up-to-date: /home/wagnerxavier/ros2_ws/install/frhal_msgs/include/frhal_msgs/frhal_msgs/msg/detail/fr_state__type_support.h
[1.409s] -- Up-to-date: /home/wagnerxavier/ros2_ws/install/frhal_msgs/include/frhal_msgs/frhal_msgs/msg/detail/fr_state__functions.h
[1.410s] -- Up-to-date: /home/wagnerxavier/ros2_ws/install/frhal_msgs/include/frhal_msgs/frhal_msgs/msg/detail/fr_state__struct.h
[1.410s] -- Up-to-date: /home/wagnerxavier/ros2_ws/install/frhal_msgs/include/frhal_msgs/frhal_msgs/msg/detail/fr_state__functions.c
[1.410s] -- Up-to-date: /home/wagnerxavier/ros2_ws/install/frhal_msgs/include/frhal_msgs/frhal_msgs/srv
[1.410s] -- Up-to-date: /home/wagnerxavier/ros2_ws/install/frhal_msgs/include/frhal_msgs/frhal_msgs/srv/ros_cmd_interface.h
[1.410s] -- Up-to-date: /home/wagnerxavier/ros2_ws/install/frhal_msgs/include/frhal_msgs/frhal_msgs/srv/detail
[1.411s] -- Up-to-date: /home/wagnerxavier/ros2_ws/install/frhal_msgs/include/frhal_msgs/frhal_msgs/srv/detail/ros_cmd_interface__functions.c
[1.411s] -- Up-to-date: /home/wagnerxavier/ros2_ws/install/frhal_msgs/include/frhal_msgs/frhal_msgs/srv/detail/ros_cmd_interface__struct.h
[1.411s] -- Up-to-date: /home/wagnerxavier/ros2_ws/install/frhal_msgs/include/frhal_msgs/frhal_msgs/srv/detail/ros_cmd_interface__functions.h
[1.411s] -- Up-to-date: /home/wagnerxavier/ros2_ws/install/frhal_msgs/include/frhal_msgs/frhal_msgs/srv/detail/ros_cmd_interface__type_support.h
[1.411s] -- Up-to-date: /home/wagnerxavier/ros2_ws/install/frhal_msgs/share/frhal_msgs/environment/library_path.sh
[1.411s] -- Up-to-date: /home/wagnerxavier/ros2_ws/install/frhal_msgs/share/frhal_msgs/environment/library_path.dsv
[1.411s] -- Up-to-date: /home/wagnerxavier/ros2_ws/install/frhal_msgs/lib/libfrhal_msgs__rosidl_generator_c.so
[1.412s] -- Up-to-date: /home/wagnerxavier/ros2_ws/install/frhal_msgs/include/frhal_msgs/frhal_msgs
[1.412s] -- Up-to-date: /home/wagnerxavier/ros2_ws/install/frhal_msgs/include/frhal_msgs/frhal_msgs/msg
[1.413s] -- Up-to-date: /home/wagnerxavier/ros2_ws/install/frhal_msgs/include/frhal_msgs/frhal_msgs/msg/rosidl_typesupport_fastrtps_c__visibility_control.h
[1.413s] -- Up-to-date: /home/wagnerxavier/ros2_ws/install/frhal_msgs/include/frhal_msgs/frhal_msgs/msg/detail
[1.414s] -- Up-to-date: /home/wagnerxavier/ros2_ws/install/frhal_msgs/include/frhal_msgs/frhal_msgs/msg/detail/fr_state__rosidl_typesupport_fastrtps_c.h
[1.414s] -- Up-to-date: /home/wagnerxavier/ros2_ws/install/frhal_msgs/include/frhal_msgs/frhal_msgs/srv
[1.414s] -- Up-to-date: /home/wagnerxavier/ros2_ws/install/frhal_msgs/include/frhal_msgs/frhal_msgs/srv/detail
[1.415s] -- Up-to-date: /home/wagnerxavier/ros2_ws/install/frhal_msgs/include/frhal_msgs/frhal_msgs/srv/detail/ros_cmd_interface__rosidl_typesupport_fastrtps_c.h
[1.415s] -- Up-to-date: /home/wagnerxavier/ros2_ws/install/frhal_msgs/lib/libfrhal_msgs__rosidl_typesupport_fastrtps_c.so
[1.416s] -- Up-to-date: /home/wagnerxavier/ros2_ws/install/frhal_msgs/include/frhal_msgs/frhal_msgs
[1.416s] -- Up-to-date: /home/wagnerxavier/ros2_ws/install/frhal_msgs/include/frhal_msgs/frhal_msgs/msg
[1.416s] -- Up-to-date: /home/wagnerxavier/ros2_ws/install/frhal_msgs/include/frhal_msgs/frhal_msgs/msg/detail
[1.417s] -- Up-to-date: /home/wagnerxavier/ros2_ws/install/frhal_msgs/include/frhal_msgs/frhal_msgs/msg/detail/fr_state__rosidl_typesupport_introspection_c.h
[1.417s] -- Up-to-date: /home/wagnerxavier/ros2_ws/install/frhal_msgs/include/frhal_msgs/frhal_msgs/msg/detail/fr_state__type_support.c
[1.417s] -- Up-to-date: /home/wagnerxavier/ros2_ws/install/frhal_msgs/include/frhal_msgs/frhal_msgs/msg/rosidl_typesupport_introspection_c__visibility_control.h
[1.418s] -- Up-to-date: /home/wagnerxavier/ros2_ws/install/frhal_msgs/include/frhal_msgs/frhal_msgs/srv
[1.418s] -- Up-to-date: /home/wagnerxavier/ros2_ws/install/frhal_msgs/include/frhal_msgs/frhal_msgs/srv/detail
[1.419s] -- Up-to-date: /home/wagnerxavier/ros2_ws/install/frhal_msgs/include/frhal_msgs/frhal_msgs/srv/detail/ros_cmd_interface__type_support.c
[1.419s] -- Up-to-date: /home/wagnerxavier/ros2_ws/install/frhal_msgs/include/frhal_msgs/frhal_msgs/srv/detail/ros_cmd_interface__rosidl_typesupport_introspection_c.h
[1.419s] -- Up-to-date: /home/wagnerxavier/ros2_ws/install/frhal_msgs/lib/libfrhal_msgs__rosidl_typesupport_introspection_c.so
[1.420s] -- Up-to-date: /home/wagnerxavier/ros2_ws/install/frhal_msgs/lib/libfrhal_msgs__rosidl_typesupport_c.so
[1.420s] -- Up-to-date: /home/wagnerxavier/ros2_ws/install/frhal_msgs/include/frhal_msgs/frhal_msgs
[1.422s] -- Up-to-date: /home/wagnerxavier/ros2_ws/install/frhal_msgs/include/frhal_msgs/frhal_msgs/msg
[1.423s] -- Up-to-date: /home/wagnerxavier/ros2_ws/install/frhal_msgs/include/frhal_msgs/frhal_msgs/msg/fr_state.hpp
[1.423s] -- Up-to-date: /home/wagnerxavier/ros2_ws/install/frhal_msgs/include/frhal_msgs/frhal_msgs/msg/detail
[1.424s] -- Up-to-date: /home/wagnerxavier/ros2_ws/install/frhal_msgs/include/frhal_msgs/frhal_msgs/msg/detail/fr_state__traits.hpp
[1.424s] -- Up-to-date: /home/wagnerxavier/ros2_ws/install/frhal_msgs/include/frhal_msgs/frhal_msgs/msg/detail/fr_state__struct.hpp
[1.424s] -- Up-to-date: /home/wagnerxavier/ros2_ws/install/frhal_msgs/include/frhal_msgs/frhal_msgs/msg/detail/fr_state__builder.hpp
[1.425s] -- Up-to-date: /home/wagnerxavier/ros2_ws/install/frhal_msgs/include/frhal_msgs/frhal_msgs/srv
[1.425s] -- Up-to-date: /home/wagnerxavier/ros2_ws/install/frhal_msgs/include/frhal_msgs/frhal_msgs/srv/ros_cmd_interface.hpp
[1.425s] -- Up-to-date: /home/wagnerxavier/ros2_ws/install/frhal_msgs/include/frhal_msgs/frhal_msgs/srv/detail
[1.425s] -- Up-to-date: /home/wagnerxavier/ros2_ws/install/frhal_msgs/include/frhal_msgs/frhal_msgs/srv/detail/ros_cmd_interface__builder.hpp
[1.425s] -- Up-to-date: /home/wagnerxavier/ros2_ws/install/frhal_msgs/include/frhal_msgs/frhal_msgs/srv/detail/ros_cmd_interface__struct.hpp
[1.425s] -- Up-to-date: /home/wagnerxavier/ros2_ws/install/frhal_msgs/include/frhal_msgs/frhal_msgs/srv/detail/ros_cmd_interface__traits.hpp
[1.425s] -- Up-to-date: /home/wagnerxavier/ros2_ws/install/frhal_msgs/include/frhal_msgs/frhal_msgs
[1.426s] -- Up-to-date: /home/wagnerxavier/ros2_ws/install/frhal_msgs/include/frhal_msgs/frhal_msgs/msg
[1.426s] -- Up-to-date: /home/wagnerxavier/ros2_ws/install/frhal_msgs/include/frhal_msgs/frhal_msgs/msg/rosidl_typesupport_fastrtps_cpp__visibility_control.h
[1.426s] -- Up-to-date: /home/wagnerxavier/ros2_ws/install/frhal_msgs/include/frhal_msgs/frhal_msgs/msg/detail
[1.427s] -- Up-to-date: /home/wagnerxavier/ros2_ws/install/frhal_msgs/include/frhal_msgs/frhal_msgs/msg/detail/dds_fastrtps
[1.428s] -- Up-to-date: /home/wagnerxavier/ros2_ws/install/frhal_msgs/include/frhal_msgs/frhal_msgs/msg/detail/fr_state__rosidl_typesupport_fastrtps_cpp.hpp
[1.428s] -- Up-to-date: /home/wagnerxavier/ros2_ws/install/frhal_msgs/include/frhal_msgs/frhal_msgs/srv
[1.429s] -- Up-to-date: /home/wagnerxavier/ros2_ws/install/frhal_msgs/include/frhal_msgs/frhal_msgs/srv/detail
[1.431s] -- Up-to-date: /home/wagnerxavier/ros2_ws/install/frhal_msgs/include/frhal_msgs/frhal_msgs/srv/detail/ros_cmd_interface__rosidl_typesupport_fastrtps_cpp.hpp
[1.432s] -- Up-to-date: /home/wagnerxavier/ros2_ws/install/frhal_msgs/include/frhal_msgs/frhal_msgs/srv/detail/dds_fastrtps
[1.432s] -- Up-to-date: /home/wagnerxavier/ros2_ws/install/frhal_msgs/lib/libfrhal_msgs__rosidl_typesupport_fastrtps_cpp.so
[1.433s] -- Up-to-date: /home/wagnerxavier/ros2_ws/install/frhal_msgs/include/frhal_msgs/frhal_msgs
[1.434s] -- Up-to-date: /home/wagnerxavier/ros2_ws/install/frhal_msgs/include/frhal_msgs/frhal_msgs/msg
[1.435s] -- Up-to-date: /home/wagnerxavier/ros2_ws/install/frhal_msgs/include/frhal_msgs/frhal_msgs/msg/detail
[1.436s] -- Up-to-date: /home/wagnerxavier/ros2_ws/install/frhal_msgs/include/frhal_msgs/frhal_msgs/msg/detail/fr_state__rosidl_typesupport_introspection_cpp.hpp
[1.436s] -- Up-to-date: /home/wagnerxavier/ros2_ws/install/frhal_msgs/include/frhal_msgs/frhal_msgs/msg/detail/fr_state__type_support.cpp
[1.436s] -- Up-to-date: /home/wagnerxavier/ros2_ws/install/frhal_msgs/include/frhal_msgs/frhal_msgs/srv
[1.437s] -- Up-to-date: /home/wagnerxavier/ros2_ws/install/frhal_msgs/include/frhal_msgs/frhal_msgs/srv/detail
[1.438s] -- Up-to-date: /home/wagnerxavier/ros2_ws/install/frhal_msgs/include/frhal_msgs/frhal_msgs/srv/detail/ros_cmd_interface__type_support.cpp
[1.438s] -- Up-to-date: /home/wagnerxavier/ros2_ws/install/frhal_msgs/include/frhal_msgs/frhal_msgs/srv/detail/ros_cmd_interface__rosidl_typesupport_introspection_cpp.hpp
[1.438s] -- Up-to-date: /home/wagnerxavier/ros2_ws/install/frhal_msgs/lib/libfrhal_msgs__rosidl_typesupport_introspection_cpp.so
[1.439s] -- Up-to-date: /home/wagnerxavier/ros2_ws/install/frhal_msgs/lib/libfrhal_msgs__rosidl_typesupport_cpp.so
[1.439s] -- Up-to-date: /home/wagnerxavier/ros2_ws/install/frhal_msgs/share/frhal_msgs/environment/pythonpath.sh
[1.439s] -- Up-to-date: /home/wagnerxavier/ros2_ws/install/frhal_msgs/share/frhal_msgs/environment/pythonpath.dsv
[1.440s] -- Up-to-date: /home/wagnerxavier/ros2_ws/install/frhal_msgs/local/lib/python3.10/dist-packages/frhal_msgs-0.0.0-py3.10.egg-info
[1.440s] -- Installing: /home/wagnerxavier/ros2_ws/install/frhal_msgs/local/lib/python3.10/dist-packages/frhal_msgs-0.0.0-py3.10.egg-info/top_level.txt
[1.440s] -- Installing: /home/wagnerxavier/ros2_ws/install/frhal_msgs/local/lib/python3.10/dist-packages/frhal_msgs-0.0.0-py3.10.egg-info/SOURCES.txt
[1.440s] -- Installing: /home/wagnerxavier/ros2_ws/install/frhal_msgs/local/lib/python3.10/dist-packages/frhal_msgs-0.0.0-py3.10.egg-info/dependency_links.txt
[1.440s] -- Installing: /home/wagnerxavier/ros2_ws/install/frhal_msgs/local/lib/python3.10/dist-packages/frhal_msgs-0.0.0-py3.10.egg-info/PKG-INFO
[1.441s] -- Up-to-date: /home/wagnerxavier/ros2_ws/install/frhal_msgs/local/lib/python3.10/dist-packages/frhal_msgs
[1.441s] -- Up-to-date: /home/wagnerxavier/ros2_ws/install/frhal_msgs/local/lib/python3.10/dist-packages/frhal_msgs/frhal_msgs_s__rosidl_typesupport_c.cpython-310-x86_64-linux-gnu.so
[1.441s] -- Up-to-date: /home/wagnerxavier/ros2_ws/install/frhal_msgs/local/lib/python3.10/dist-packages/frhal_msgs/msg
[1.441s] -- Up-to-date: /home/wagnerxavier/ros2_ws/install/frhal_msgs/local/lib/python3.10/dist-packages/frhal_msgs/msg/_fr_state_s.c
[1.441s] -- Up-to-date: /home/wagnerxavier/ros2_ws/install/frhal_msgs/local/lib/python3.10/dist-packages/frhal_msgs/msg/__init__.py
[1.441s] -- Up-to-date: /home/wagnerxavier/ros2_ws/install/frhal_msgs/local/lib/python3.10/dist-packages/frhal_msgs/msg/_fr_state.py
[1.441s] -- Up-to-date: /home/wagnerxavier/ros2_ws/install/frhal_msgs/local/lib/python3.10/dist-packages/frhal_msgs/libfrhal_msgs__rosidl_generator_py.so
[1.441s] -- Up-to-date: /home/wagnerxavier/ros2_ws/install/frhal_msgs/local/lib/python3.10/dist-packages/frhal_msgs/__init__.py
[1.441s] -- Up-to-date: /home/wagnerxavier/ros2_ws/install/frhal_msgs/local/lib/python3.10/dist-packages/frhal_msgs/frhal_msgs_s__rosidl_typesupport_fastrtps_c.cpython-310-x86_64-linux-gnu.so
[1.441s] -- Up-to-date: /home/wagnerxavier/ros2_ws/install/frhal_msgs/local/lib/python3.10/dist-packages/frhal_msgs/srv
[1.441s] -- Up-to-date: /home/wagnerxavier/ros2_ws/install/frhal_msgs/local/lib/python3.10/dist-packages/frhal_msgs/srv/__init__.py
[1.441s] -- Up-to-date: /home/wagnerxavier/ros2_ws/install/frhal_msgs/local/lib/python3.10/dist-packages/frhal_msgs/srv/_ros_cmd_interface_s.c
[1.441s] -- Up-to-date: /home/wagnerxavier/ros2_ws/install/frhal_msgs/local/lib/python3.10/dist-packages/frhal_msgs/srv/_ros_cmd_interface.py
[1.441s] -- Up-to-date: /home/wagnerxavier/ros2_ws/install/frhal_msgs/local/lib/python3.10/dist-packages/frhal_msgs/_frhal_msgs_s.ep.rosidl_typesupport_c.c
[1.442s] -- Up-to-date: /home/wagnerxavier/ros2_ws/install/frhal_msgs/local/lib/python3.10/dist-packages/frhal_msgs/_frhal_msgs_s.ep.rosidl_typesupport_introspection_c.c
[1.442s] -- Up-to-date: /home/wagnerxavier/ros2_ws/install/frhal_msgs/local/lib/python3.10/dist-packages/frhal_msgs/frhal_msgs_s__rosidl_typesupport_introspection_c.cpython-310-x86_64-linux-gnu.so
[1.442s] -- Up-to-date: /home/wagnerxavier/ros2_ws/install/frhal_msgs/local/lib/python3.10/dist-packages/frhal_msgs/_frhal_msgs_s.ep.rosidl_typesupport_fastrtps_c.c
[1.488s] Listing '/home/wagnerxavier/ros2_ws/install/frhal_msgs/local/lib/python3.10/dist-packages/frhal_msgs'...
[1.488s] Listing '/home/wagnerxavier/ros2_ws/install/frhal_msgs/local/lib/python3.10/dist-packages/frhal_msgs/msg'...
[1.488s] Listing '/home/wagnerxavier/ros2_ws/install/frhal_msgs/local/lib/python3.10/dist-packages/frhal_msgs/srv'...
[1.497s] -- Up-to-date: /home/wagnerxavier/ros2_ws/install/frhal_msgs/local/lib/python3.10/dist-packages/frhal_msgs/frhal_msgs_s__rosidl_typesupport_fastrtps_c.cpython-310-x86_64-linux-gnu.so
[1.497s] -- Up-to-date: /home/wagnerxavier/ros2_ws/install/frhal_msgs/local/lib/python3.10/dist-packages/frhal_msgs/frhal_msgs_s__rosidl_typesupport_introspection_c.cpython-310-x86_64-linux-gnu.so
[1.497s] -- Up-to-date: /home/wagnerxavier/ros2_ws/install/frhal_msgs/local/lib/python3.10/dist-packages/frhal_msgs/frhal_msgs_s__rosidl_typesupport_c.cpython-310-x86_64-linux-gnu.so
[1.497s] -- Up-to-date: /home/wagnerxavier/ros2_ws/install/frhal_msgs/lib/libfrhal_msgs__rosidl_generator_py.so
[1.497s] -- Up-to-date: /home/wagnerxavier/ros2_ws/install/frhal_msgs/share/frhal_msgs/srv/ROSCmdInterface.idl
[1.497s] -- Up-to-date: /home/wagnerxavier/ros2_ws/install/frhal_msgs/share/frhal_msgs/msg/FRState.idl
[1.497s] -- Up-to-date: /home/wagnerxavier/ros2_ws/install/frhal_msgs/share/frhal_msgs/srv/ROSCmdInterface.srv
[1.498s] -- Up-to-date: /home/wagnerxavier/ros2_ws/install/frhal_msgs/share/frhal_msgs/srv/ROSCmdInterface_Request.msg
[1.498s] -- Up-to-date: /home/wagnerxavier/ros2_ws/install/frhal_msgs/share/frhal_msgs/srv/ROSCmdInterface_Response.msg
[1.498s] -- Up-to-date: /home/wagnerxavier/ros2_ws/install/frhal_msgs/share/frhal_msgs/msg/FRState.msg
[1.498s] -- Up-to-date: /home/wagnerxavier/ros2_ws/install/frhal_msgs/share/ament_index/resource_index/package_run_dependencies/frhal_msgs
[1.498s] -- Up-to-date: /home/wagnerxavier/ros2_ws/install/frhal_msgs/share/ament_index/resource_index/parent_prefix_path/frhal_msgs
[1.498s] -- Up-to-date: /home/wagnerxavier/ros2_ws/install/frhal_msgs/share/frhal_msgs/environment/ament_prefix_path.sh
[1.498s] -- Up-to-date: /home/wagnerxavier/ros2_ws/install/frhal_msgs/share/frhal_msgs/environment/ament_prefix_path.dsv
[1.498s] -- Up-to-date: /home/wagnerxavier/ros2_ws/install/frhal_msgs/share/frhal_msgs/environment/path.sh
[1.498s] -- Up-to-date: /home/wagnerxavier/ros2_ws/install/frhal_msgs/share/frhal_msgs/environment/path.dsv
[1.498s] -- Up-to-date: /home/wagnerxavier/ros2_ws/install/frhal_msgs/share/frhal_msgs/local_setup.bash
[1.498s] -- Up-to-date: /home/wagnerxavier/ros2_ws/install/frhal_msgs/share/frhal_msgs/local_setup.sh
[1.499s] -- Up-to-date: /home/wagnerxavier/ros2_ws/install/frhal_msgs/share/frhal_msgs/local_setup.zsh
[1.499s] -- Up-to-date: /home/wagnerxavier/ros2_ws/install/frhal_msgs/share/frhal_msgs/local_setup.dsv
[1.499s] -- Installing: /home/wagnerxavier/ros2_ws/install/frhal_msgs/share/frhal_msgs/package.dsv
[1.499s] -- Up-to-date: /home/wagnerxavier/ros2_ws/install/frhal_msgs/share/ament_index/resource_index/packages/frhal_msgs
[1.519s] -- Up-to-date: /home/wagnerxavier/ros2_ws/install/frhal_msgs/share/frhal_msgs/cmake/export_frhal_msgs__rosidl_generator_cExport.cmake
[1.519s] -- Up-to-date: /home/wagnerxavier/ros2_ws/install/frhal_msgs/share/frhal_msgs/cmake/export_frhal_msgs__rosidl_generator_cExport-noconfig.cmake
[1.542s] -- Up-to-date: /home/wagnerxavier/ros2_ws/install/frhal_msgs/share/frhal_msgs/cmake/export_frhal_msgs__rosidl_typesupport_fastrtps_cExport.cmake
[1.543s] -- Up-to-date: /home/wagnerxavier/ros2_ws/install/frhal_msgs/share/frhal_msgs/cmake/export_frhal_msgs__rosidl_typesupport_fastrtps_cExport-noconfig.cmake
[1.544s] -- Up-to-date: /home/wagnerxavier/ros2_ws/install/frhal_msgs/share/frhal_msgs/cmake/frhal_msgs__rosidl_typesupport_introspection_cExport.cmake
[1.544s] -- Up-to-date: /home/wagnerxavier/ros2_ws/install/frhal_msgs/share/frhal_msgs/cmake/frhal_msgs__rosidl_typesupport_introspection_cExport-noconfig.cmake
[1.546s] -- Up-to-date: /home/wagnerxavier/ros2_ws/install/frhal_msgs/share/frhal_msgs/cmake/frhal_msgs__rosidl_typesupport_cExport.cmake
[1.547s] -- Up-to-date: /home/wagnerxavier/ros2_ws/install/frhal_msgs/share/frhal_msgs/cmake/frhal_msgs__rosidl_typesupport_cExport-noconfig.cmake
[1.548s] -- Up-to-date: /home/wagnerxavier/ros2_ws/install/frhal_msgs/share/frhal_msgs/cmake/export_frhal_msgs__rosidl_generator_cppExport.cmake
[1.550s] -- Up-to-date: /home/wagnerxavier/ros2_ws/install/frhal_msgs/share/frhal_msgs/cmake/export_frhal_msgs__rosidl_typesupport_fastrtps_cppExport.cmake
[1.550s] -- Up-to-date: /home/wagnerxavier/ros2_ws/install/frhal_msgs/share/frhal_msgs/cmake/export_frhal_msgs__rosidl_typesupport_fastrtps_cppExport-noconfig.cmake
[1.551s] -- Up-to-date: /home/wagnerxavier/ros2_ws/install/frhal_msgs/share/frhal_msgs/cmake/frhal_msgs__rosidl_typesupport_introspection_cppExport.cmake
[1.551s] -- Up-to-date: /home/wagnerxavier/ros2_ws/install/frhal_msgs/share/frhal_msgs/cmake/frhal_msgs__rosidl_typesupport_introspection_cppExport-noconfig.cmake
[1.553s] -- Up-to-date: /home/wagnerxavier/ros2_ws/install/frhal_msgs/share/frhal_msgs/cmake/frhal_msgs__rosidl_typesupport_cppExport.cmake
[1.554s] -- Up-to-date: /home/wagnerxavier/ros2_ws/install/frhal_msgs/share/frhal_msgs/cmake/frhal_msgs__rosidl_typesupport_cppExport-noconfig.cmake
[1.555s] -- Up-to-date: /home/wagnerxavier/ros2_ws/install/frhal_msgs/share/frhal_msgs/cmake/export_frhal_msgs__rosidl_generator_pyExport.cmake
[1.555s] -- Up-to-date: /home/wagnerxavier/ros2_ws/install/frhal_msgs/share/frhal_msgs/cmake/export_frhal_msgs__rosidl_generator_pyExport-noconfig.cmake
[1.556s] -- Up-to-date: /home/wagnerxavier/ros2_ws/install/frhal_msgs/share/frhal_msgs/cmake/rosidl_cmake-extras.cmake
[1.556s] -- Up-to-date: /home/wagnerxavier/ros2_ws/install/frhal_msgs/share/frhal_msgs/cmake/ament_cmake_export_include_directories-extras.cmake
[1.556s] -- Up-to-date: /home/wagnerxavier/ros2_ws/install/frhal_msgs/share/frhal_msgs/cmake/ament_cmake_export_libraries-extras.cmake
[1.556s] -- Up-to-date: /home/wagnerxavier/ros2_ws/install/frhal_msgs/share/frhal_msgs/cmake/ament_cmake_export_targets-extras.cmake
[1.556s] -- Up-to-date: /home/wagnerxavier/ros2_ws/install/frhal_msgs/share/frhal_msgs/cmake/rosidl_cmake_export_typesupport_targets-extras.cmake
[1.557s] -- Up-to-date: /home/wagnerxavier/ros2_ws/install/frhal_msgs/share/frhal_msgs/cmake/ament_cmake_export_dependencies-extras.cmake
[1.557s] -- Up-to-date: /home/wagnerxavier/ros2_ws/install/frhal_msgs/share/frhal_msgs/cmake/rosidl_cmake_export_typesupport_libraries-extras.cmake
[1.557s] -- Up-to-date: /home/wagnerxavier/ros2_ws/install/frhal_msgs/share/frhal_msgs/cmake/frhal_msgsConfig.cmake
[1.557s] -- Up-to-date: /home/wagnerxavier/ros2_ws/install/frhal_msgs/share/frhal_msgs/cmake/frhal_msgsConfig-version.cmake
[1.557s] -- Up-to-date: /home/wagnerxavier/ros2_ws/install/frhal_msgs/share/frhal_msgs/package.xml
[1.562s] Invoked command in '/home/wagnerxavier/ros2_ws/build/frhal_msgs' returned '0': CMAKE_PREFIX_PATH=${CMAKE_PREFIX_PATH}:/opt/ros/humble /usr/bin/cmake --install /home/wagnerxavier/ros2_ws/build/frhal_msgs
